
Copyright (C) 1994-2018 Synopsys, Inc.
This Synopsys software and all associated documentation are proprietary to Synopsys, Inc.
and may only be used pursuant to the terms and conditions of a written license agreement
with Synopsys, Inc. All other use, reproduction, modification, or distribution of the
Synopsys software or the associated documentation is strictly prohibited.
Tool: Synplify Pro (R)
Build: N-2018.03L-SP1-1
Install: C:\lscc\diamond\3.11_x64\synpbase
OS: Windows 6.2

Hostname: PAPRATT

Implementation : impl1
Synopsys HDL compiler and linker, Version comp2018q2p1, Build 461R, Built Apr  1 2019 09:17:43

Modified Files: 1
FID:  path (prevtimestamp, timestamp)
0        C:\DL-labosi\lab2\asdfgh\impl1\lab2.v (2023-11-10 12:56:58, 2023-11-10 15:12:03)

*******************************************************************
Modules that may have changed as a result of file changes: 2
MID:  lib.cell.view
0        work.lab2.verilog may have changed because the following files changed:
                        C:\DL-labosi\lab2\asdfgh\impl1\lab2.v (2023-11-10 12:56:58, 2023-11-10 15:12:03) <-- (module definition)
1        work.serial_tx.behavioral may have changed because the following files changed:
                        C:\DL-labosi\lab2\asdfgh\impl1\lab2.v (2023-11-10 12:56:58, 2023-11-10 15:12:03) <-- (may instantiate this module)

*******************************************************************
Unmodified files: 16
FID:  path (timestamp)
1        C:\DL-labosi\lab2\asdfgh\serial_tx.vhd (2023-11-10 12:28:33)
2        C:\lscc\diamond\3.11_x64\synpbase\lib\lucent\ecp5u.v (2019-04-01 10:08:08)
3        C:\lscc\diamond\3.11_x64\synpbase\lib\lucent\pmi_def.v (2019-04-01 10:08:08)
4        C:\lscc\diamond\3.11_x64\synpbase\lib\vhd\arith.vhd (2019-04-01 10:07:44)
5        C:\lscc\diamond\3.11_x64\synpbase\lib\vhd\hyperents.vhd (2019-04-01 10:07:44)
6        C:\lscc\diamond\3.11_x64\synpbase\lib\vhd\location.map (2019-04-01 17:01:20)
7        C:\lscc\diamond\3.11_x64\synpbase\lib\vhd\numeric.vhd (2019-04-01 10:07:44)
8        C:\lscc\diamond\3.11_x64\synpbase\lib\vhd\snps_haps_pkg.vhd (2019-04-01 10:07:44)
9        C:\lscc\diamond\3.11_x64\synpbase\lib\vhd\std.vhd (2019-04-01 10:07:44)
10       C:\lscc\diamond\3.11_x64\synpbase\lib\vhd\std1164.vhd (2019-04-01 10:07:44)
11       C:\lscc\diamond\3.11_x64\synpbase\lib\vhd\umr_capim.vhd (2019-04-01 10:07:44)
12       C:\lscc\diamond\3.11_x64\synpbase\lib\vhd\unsigned.vhd (2019-04-01 10:07:44)
13       C:\lscc\diamond\3.11_x64\synpbase\lib\vlog\hypermods.v (2019-04-01 10:07:44)
14       C:\lscc\diamond\3.11_x64\synpbase\lib\vlog\scemi_objects.v (2019-04-01 10:07:44)
15       C:\lscc\diamond\3.11_x64\synpbase\lib\vlog\scemi_pipes.svh (2019-04-01 10:07:44)
16       C:\lscc\diamond\3.11_x64\synpbase\lib\vlog\umr_capim.v (2019-04-01 10:07:44)

*******************************************************************
Unchanged modules: 0
MID:  lib.cell.view
