
Copyright (C) 1994-2018 Synopsys, Inc.
This Synopsys software and all associated documentation are proprietary to Synopsys, Inc.
and may only be used pursuant to the terms and conditions of a written license agreement
with Synopsys, Inc. All other use, reproduction, modification, or distribution of the
Synopsys software or the associated documentation is strictly prohibited.
Tool: Synplify Pro (R)
Build: N-2018.03L-SP1-1
Install: C:\lscc\diamond\3.11_x64\synpbase
OS: Windows 6.2

Hostname: PAPRATT

Implementation : impl1
Synopsys HDL compiler and linker, Version comp2018q2p1, Build 461R, Built Apr  1 2019 09:17:43

Modified Files: 2
FID:  path (prevtimestamp, timestamp)
13       C:\DL-labosi\lab3\kapa.vhd (N/A, 2023-12-06 18:37:13)
2        C:\DL-labosi\lab3\slova.vhd (2023-12-06 18:12:36, 2023-12-06 18:20:05)

*******************************************************************
Modules that may have changed as a result of file changes: 4
MID:  lib.cell.view
0        work.brojke.behavioral may have changed because the following files changed:
                        C:\DL-labosi\lab3\slova.vhd (2023-12-06 18:12:36, 2023-12-06 18:20:05) <-- (may instantiate this module)
6        work.kapa.behavioral may have changed because the following files changed:
                        C:\DL-labosi\lab3\kapa.vhd (N/A, 2023-12-06 18:37:13) <-- (architecture and entity definition)
                        C:\DL-labosi\lab3\slova.vhd (2023-12-06 18:12:36, 2023-12-06 18:20:05) <-- (may instantiate this module)
2        work.serial_tx.behavioral may have changed because the following files changed:
                        C:\DL-labosi\lab3\slova.vhd (2023-12-06 18:12:36, 2023-12-06 18:20:05) <-- (may instantiate this module)
4        work.slova.behavioral may have changed because the following files changed:
                        C:\DL-labosi\lab3\slova.vhd (2023-12-06 18:12:36, 2023-12-06 18:20:05) <-- (architecture and entity definition)

*******************************************************************
Unmodified files: 12
FID:  path (timestamp)
0        C:\DL-labosi\lab3\brojke.vhd (2023-12-03 20:11:46)
1        C:\DL-labosi\lab3\serial_tx.vhd (2023-11-10 12:28:33)
3        C:\lscc\diamond\3.11_x64\cae_library\synthesis\vhdl\ecp5u.vhd (2018-11-15 01:32:10)
4        C:\lscc\diamond\3.11_x64\synpbase\lib\vhd\arith.vhd (2019-04-01 10:07:44)
5        C:\lscc\diamond\3.11_x64\synpbase\lib\vhd\hyperents.vhd (2019-04-01 10:07:44)
6        C:\lscc\diamond\3.11_x64\synpbase\lib\vhd\location.map (2019-04-01 17:01:20)
7        C:\lscc\diamond\3.11_x64\synpbase\lib\vhd\numeric.vhd (2019-04-01 10:07:44)
8        C:\lscc\diamond\3.11_x64\synpbase\lib\vhd\snps_haps_pkg.vhd (2019-04-01 10:07:44)
9        C:\lscc\diamond\3.11_x64\synpbase\lib\vhd\std.vhd (2019-04-01 10:07:44)
10       C:\lscc\diamond\3.11_x64\synpbase\lib\vhd\std1164.vhd (2019-04-01 10:07:44)
11       C:\lscc\diamond\3.11_x64\synpbase\lib\vhd\umr_capim.vhd (2019-04-01 10:07:44)
12       C:\lscc\diamond\3.11_x64\synpbase\lib\vhd\unsigned.vhd (2019-04-01 10:07:44)

*******************************************************************
Unchanged modules: 0
MID:  lib.cell.view
