
synpwrap -msg -prj "lab3_impl1_synplify.tcl" -log "lab3_impl1.srf"
Copyright (C) 1992-2019 Lattice Semiconductor Corporation. All rights reserved.
Lattice Diamond Version 3.11.0.396.4
    <postMsg mid="2011000" type="Info"    dynamic="0" navigation="0"  />

==contents of lab3_impl1.srf
#Build: Synplify Pro (R) N-2018.03L-SP1-1, Build 443R, Apr  1 2019
#install: C:\lscc\diamond\3.11_x64\synpbase
#OS: Windows 8 6.2
#Hostname: PAPRATT

# Wed Dec  6 18:37:28 2023

#Implementation: impl1


Copyright (C) 1994-2018 Synopsys, Inc.
This Synopsys software and all associated documentation are proprietary to Synopsys, Inc.
and may only be used pursuant to the terms and conditions of a written license agreement
with Synopsys, Inc. All other use, reproduction, modification, or distribution of the
Synopsys software or the associated documentation is strictly prohibited.
Tool: Synplify Pro (R)
Build: N-2018.03L-SP1-1
Install: C:\lscc\diamond\3.11_x64\synpbase
OS: Windows 6.2

Hostname: PAPRATT

Implementation : impl1
Synopsys HDL Compiler, Version comp2018q2p1, Build 461R, Built Apr  1 2019 09:17:43

@N|Running in 64-bit mode

Copyright (C) 1994-2018 Synopsys, Inc.
This Synopsys software and all associated documentation are proprietary to Synopsys, Inc.
and may only be used pursuant to the terms and conditions of a written license agreement
with Synopsys, Inc. All other use, reproduction, modification, or distribution of the
Synopsys software or the associated documentation is strictly prohibited.
Tool: Synplify Pro (R)
Build: N-2018.03L-SP1-1
Install: C:\lscc\diamond\3.11_x64\synpbase
OS: Windows 6.2

Hostname: PAPRATT

Implementation : impl1
Synopsys VHDL Compiler, Version comp2018q2p1, Build 461R, Built Apr  1 2019 09:17:43

@N|Running in 64-bit mode
@N:"C:\DL-labosi\lab3\slova.vhd":4:7:4:11|Top entity is set to slova.
Options changed - recompiling
VHDL syntax check successful!
Options changed - recompiling
@N: CD630 :"C:\DL-labosi\lab3\slova.vhd":4:7:4:11|Synthesizing work.slova.behavioral.
@N: CD630 :"C:\DL-labosi\lab3\kapa.vhd":4:7:4:10|Synthesizing work.kapa.behavioral.
Post processing for work.kapa.behavioral
Running optimization stage 1 on kapa .......
@N: CD630 :"C:\DL-labosi\lab3\brojke.vhd":4:7:4:12|Synthesizing work.brojke.behavioral.
Post processing for work.brojke.behavioral
Running optimization stage 1 on brojke .......
@N: CD630 :"C:\DL-labosi\lab3\serial_tx.vhd":34:7:34:15|Synthesizing work.serial_tx.behavioral.
Post processing for work.serial_tx.behavioral
Running optimization stage 1 on serial_tx .......
Post processing for work.slova.behavioral
Running optimization stage 1 on slova .......
Running optimization stage 2 on serial_tx .......
Running optimization stage 2 on brojke .......
Running optimization stage 2 on kapa .......
Running optimization stage 2 on slova .......

For a summary of runtime and memory usage per design unit, please see file:
==========================================================
@L: C:\DL-labosi\lab3\impl1\synwork\layer0.rt.csv


At c_vhdl Exit (Real Time elapsed 0h:00m:00s; CPU Time elapsed 0h:00m:00s; Memory used current: 77MB peak: 79MB)

Process took 0h:00m:01s realtime, 0h:00m:01s cputime

Process completed successfully.
# Wed Dec  6 18:37:29 2023

###########################################################]

Copyright (C) 1994-2018 Synopsys, Inc.
This Synopsys software and all associated documentation are proprietary to Synopsys, Inc.
and may only be used pursuant to the terms and conditions of a written license agreement
with Synopsys, Inc. All other use, reproduction, modification, or distribution of the
Synopsys software or the associated documentation is strictly prohibited.
Tool: Synplify Pro (R)
Build: N-2018.03L-SP1-1
Install: C:\lscc\diamond\3.11_x64\synpbase
OS: Windows 6.2

Hostname: PAPRATT

Implementation : impl1
Synopsys Synopsys Netlist Linker, Version comp2018q2p1, Build 461R, Built Apr  1 2019 09:17:43

@N|Running in 64-bit mode
File C:\DL-labosi\lab3\impl1\synwork\layer0.srs changed - recompiling

At syn_nfilter Exit (Real Time elapsed 0h:00m:00s; CPU Time elapsed 0h:00m:00s; Memory used current: 67MB peak: 68MB)

Process took 0h:00m:01s realtime, 0h:00m:01s cputime

Process completed successfully.
# Wed Dec  6 18:37:29 2023

###########################################################]

For a summary of runtime and memory usage for all design units, please see file:
==========================================================
@L: C:\DL-labosi\lab3\impl1\synwork\lab3_impl1_comp.rt.csv

@END

At c_hdl Exit (Real Time elapsed 0h:00m:00s; CPU Time elapsed 0h:00m:00s; Memory used current: 3MB peak: 4MB)

Process took 0h:00m:01s realtime, 0h:00m:01s cputime

Process completed successfully.
# Wed Dec  6 18:37:29 2023

###########################################################]

Copyright (C) 1994-2018 Synopsys, Inc.
This Synopsys software and all associated documentation are proprietary to Synopsys, Inc.
and may only be used pursuant to the terms and conditions of a written license agreement
with Synopsys, Inc. All other use, reproduction, modification, or distribution of the
Synopsys software or the associated documentation is strictly prohibited.
Tool: Synplify Pro (R)
Build: N-2018.03L-SP1-1
Install: C:\lscc\diamond\3.11_x64\synpbase
OS: Windows 6.2

Hostname: PAPRATT

Database state : C:\DL-labosi\lab3\impl1\synwork\|impl1
Synopsys Synopsys Netlist Linker, Version comp2018q2p1, Build 461R, Built Apr  1 2019 09:17:43

@N|Running in 64-bit mode
File C:\DL-labosi\lab3\impl1\synwork\lab3_impl1_comp.srs changed - recompiling

At syn_nfilter Exit (Real Time elapsed 0h:00m:00s; CPU Time elapsed 0h:00m:00s; Memory used current: 67MB peak: 68MB)

Process took 0h:00m:01s realtime, 0h:00m:01s cputime

Process completed successfully.
# Wed Dec  6 18:37:30 2023

###########################################################]
Premap Report

# Wed Dec  6 18:37:31 2023


Copyright (C) 1994-2018 Synopsys, Inc.
This Synopsys software and all associated documentation are proprietary to Synopsys, Inc.
and may only be used pursuant to the terms and conditions of a written license agreement
with Synopsys, Inc. All other use, reproduction, modification, or distribution of the
Synopsys software or the associated documentation is strictly prohibited.
Tool: Synplify Pro (R)
Build: N-2018.03L-SP1-1
Install: C:\lscc\diamond\3.11_x64\synpbase
OS: Windows 6.2

Hostname: PAPRATT

Implementation : impl1
Synopsys Lattice Technology Pre-mapping, Version maplat2018q2p1, Build 055R, Built Apr  3 2019 09:51:54


Mapper Startup Complete (Real Time elapsed 0h:00m:00s; CPU Time elapsed 0h:00m:00s; Memory used current: 99MB peak: 99MB)

@A: MF827 |No constraint file specified.
@N: MF284 |Setting synthesis effort to medium for the design
@L: C:\DL-labosi\lab3\impl1\lab3_impl1_scck.rpt 
Printing clock  summary report in "C:\DL-labosi\lab3\impl1\lab3_impl1_scck.rpt" file 
@N: MF916 |Option synthesis_strategy=base is enabled. 
@N: MF248 |Running in 64-bit mode.
@N: MF666 |Clock conversion enabled. (Command "set_option -fix_gated_and_generated_clocks 1" in the project file.)

Design Input Complete (Real Time elapsed 0h:00m:00s; CPU Time elapsed 0h:00m:00s; Memory used current: 99MB peak: 101MB)


Mapper Initialization Complete (Real Time elapsed 0h:00m:00s; CPU Time elapsed 0h:00m:00s; Memory used current: 99MB peak: 101MB)


Start loading timing files (Real Time elapsed 0h:00m:00s; CPU Time elapsed 0h:00m:00s; Memory used current: 111MB peak: 112MB)


Finished loading timing files (Real Time elapsed 0h:00m:00s; CPU Time elapsed 0h:00m:00s; Memory used current: 111MB peak: 114MB)

@N: MF284 |Setting synthesis effort to medium for the design
@W: FX474 |User-specified initial value defined for some sequential elements which can prevent optimum synthesis results from being achieved. 
@N: MH105 |UMR3 is only supported for HAPS-80.
@N: MH105 |UMR3 is only supported for HAPS-80.
syn_allowed_resources : blockrams=32  set on top level netlist slova

Finished netlist restructuring (Real Time elapsed 0h:00m:00s; CPU Time elapsed 0h:00m:00s; Memory used current: 140MB peak: 142MB)



Clock Summary
******************

          Start             Requested     Requested     Clock        Clock                   Clock
Level     Clock             Frequency     Period        Type         Group                   Load 
--------------------------------------------------------------------------------------------------
0 -       slova|clk_25m     200.0 MHz     5.000         inferred     Inferred_clkgroup_0     74   
==================================================================================================



Clock Load Summary
***********************

                  Clock     Source            Clock Pin                        Non-clock Pin     Non-clock Pin
Clock             Load      Pin               Seq Example                      Seq Example       Comb Example 
--------------------------------------------------------------------------------------------------------------
slova|clk_25m     74        clk_25m(port)     serializer.R_byte_old[7:0].C     -                 -            
==============================================================================================================

@W: MT529 :"c:\dl-labosi\lab3\serial_tx.vhd":78:1:78:2|Found inferred clock slova|clk_25m which controls 74 sequential elements including serializer.R_tx_ser[0]. This clock has no specified timing constraint which may prevent conversion of gated or generated clocks and may adversely impact design performance. 

ICG Latch Removal Summary:
Number of ICG latches removed: 0
Number of ICG latches not removed:	0


@S |Clock Optimization Summary



#### START OF PREMAP CLOCK OPTIMIZATION REPORT #####[

1 non-gated/non-generated clock tree(s) driving 74 clock pin(s) of sequential element(s)
0 gated/generated clock tree(s) driving 0 clock pin(s) of sequential element(s)
0 instances converted, 0 sequential instances remain driven by gated/generated clocks

=============================== Non-Gated/Non-Generated Clocks ===============================
Clock Tree ID     Driving Element     Drive Element Type     Fanout     Sample Instance       
----------------------------------------------------------------------------------------------
@KP:ckid0_0       clk_25m             Unconstrained_port     74         serializer.R_tx_ser[0]
==============================================================================================


##### END OF CLOCK OPTIMIZATION REPORT ######

@N: FX1143 |Skipping assigning INTERNAL_VREF to iobanks, because the table of mapping from pin to iobank is not initialized.
Finished Pre Mapping Phase.

Starting constraint checker (Real Time elapsed 0h:00m:00s; CPU Time elapsed 0h:00m:00s; Memory used current: 140MB peak: 142MB)


Finished constraint checker preprocessing (Real Time elapsed 0h:00m:00s; CPU Time elapsed 0h:00m:00s; Memory used current: 140MB peak: 142MB)

None
None

Finished constraint checker (Real Time elapsed 0h:00m:00s; CPU Time elapsed 0h:00m:00s; Memory used current: 140MB peak: 142MB)

Pre-mapping successful!

At Mapper Exit (Real Time elapsed 0h:00m:00s; CPU Time elapsed 0h:00m:00s; Memory used current: 55MB peak: 142MB)

Process took 0h:00m:01s realtime, 0h:00m:01s cputime
# Wed Dec  6 18:37:32 2023

###########################################################]
Map & Optimize Report

# Wed Dec  6 18:37:32 2023


Copyright (C) 1994-2018 Synopsys, Inc.
This Synopsys software and all associated documentation are proprietary to Synopsys, Inc.
and may only be used pursuant to the terms and conditions of a written license agreement
with Synopsys, Inc. All other use, reproduction, modification, or distribution of the
Synopsys software or the associated documentation is strictly prohibited.
Tool: Synplify Pro (R)
Build: N-2018.03L-SP1-1
Install: C:\lscc\diamond\3.11_x64\synpbase
OS: Windows 6.2

Hostname: PAPRATT

Implementation : impl1
Synopsys Lattice Technology Mapper, Version maplat2018q2p1, Build 055R, Built Apr  3 2019 09:51:54


Mapper Startup Complete (Real Time elapsed 0h:00m:00s; CPU Time elapsed 0h:00m:00s; Memory used current: 99MB peak: 99MB)

@N: MF284 |Setting synthesis effort to medium for the design
@N: MF916 |Option synthesis_strategy=base is enabled. 
@N: MF248 |Running in 64-bit mode.
@N: MF666 |Clock conversion enabled. (Command "set_option -fix_gated_and_generated_clocks 1" in the project file.)

Design Input Complete (Real Time elapsed 0h:00m:00s; CPU Time elapsed 0h:00m:00s; Memory used current: 98MB peak: 100MB)


Mapper Initialization Complete (Real Time elapsed 0h:00m:00s; CPU Time elapsed 0h:00m:00s; Memory used current: 98MB peak: 100MB)


Start loading timing files (Real Time elapsed 0h:00m:00s; CPU Time elapsed 0h:00m:00s; Memory used current: 111MB peak: 112MB)


Finished loading timing files (Real Time elapsed 0h:00m:00s; CPU Time elapsed 0h:00m:00s; Memory used current: 111MB peak: 114MB)

@N: MF284 |Setting synthesis effort to medium for the design


Starting Optimization and Mapping (Real Time elapsed 0h:00m:00s; CPU Time elapsed 0h:00m:00s; Memory used current: 139MB peak: 142MB)


Available hyper_sources - for debug and ip models
	None Found

@N: FX493 |Applying initial value "111111111" on instance serializer.R_tx_ser[8:0].

Finished RTL optimizations (Real Time elapsed 0h:00m:00s; CPU Time elapsed 0h:00m:00s; Memory used current: 139MB peak: 142MB)

@N: MO231 :"c:\dl-labosi\lab3\serial_tx.vhd":78:1:78:2|Found counter in view:work.serial_tx(behavioral) instance R_tx_tickcnt[3:0] 
@W: MO129 :"c:\dl-labosi\lab3\serial_tx.vhd":78:1:78:2|Sequential instance serializer.R_byte_old[7] is reduced to a combinational gate by constant propagation.
@N: MF179 :"c:\dl-labosi\lab3\serial_tx.vhd":81:8:81:28|Found 8 by 8 bit equality operator ('==') un1_byte_in (in view: work.serial_tx(behavioral))

Starting factoring (Real Time elapsed 0h:00m:00s; CPU Time elapsed 0h:00m:00s; Memory used current: 140MB peak: 142MB)


Finished factoring (Real Time elapsed 0h:00m:00s; CPU Time elapsed 0h:00m:00s; Memory used current: 141MB peak: 142MB)


Finished generic timing optimizations - Pass 1 (Real Time elapsed 0h:00m:00s; CPU Time elapsed 0h:00m:00s; Memory used current: 141MB peak: 142MB)


Starting Early Timing Optimization (Real Time elapsed 0h:00m:00s; CPU Time elapsed 0h:00m:00s; Memory used current: 142MB peak: 143MB)


Finished Early Timing Optimization (Real Time elapsed 0h:00m:00s; CPU Time elapsed 0h:00m:00s; Memory used current: 142MB peak: 143MB)


Finished generic timing optimizations - Pass 2 (Real Time elapsed 0h:00m:00s; CPU Time elapsed 0h:00m:00s; Memory used current: 142MB peak: 143MB)


Finished preparing to map (Real Time elapsed 0h:00m:00s; CPU Time elapsed 0h:00m:00s; Memory used current: 141MB peak: 143MB)


Finished technology mapping (Real Time elapsed 0h:00m:00s; CPU Time elapsed 0h:00m:00s; Memory used current: 142MB peak: 143MB)

Pass		 CPU time		Worst Slack		Luts / Registers
------------------------------------------------------------
   1		0h:00m:00s		     1.05ns		  79 /        73

Finished technology timing optimizations and critical path resynthesis (Real Time elapsed 0h:00m:00s; CPU Time elapsed 0h:00m:00s; Memory used current: 142MB peak: 143MB)

@N: FX164 |The option to pack registers in the IOB has not been specified. Please set syn_useioff attribute.  

Finished restoring hierarchy (Real Time elapsed 0h:00m:00s; CPU Time elapsed 0h:00m:00s; Memory used current: 142MB peak: 143MB)


Start Writing Netlists (Real Time elapsed 0h:00m:00s; CPU Time elapsed 0h:00m:00s; Memory used current: 108MB peak: 143MB)

Writing Analyst data base C:\DL-labosi\lab3\impl1\synwork\lab3_impl1_m.srm

Finished Writing Netlist Databases (Real Time elapsed 0h:00m:01s; CPU Time elapsed 0h:00m:00s; Memory used current: 141MB peak: 143MB)

Writing EDIF Netlist and constraint files
@N: FX1056 |Writing EDF file: C:\DL-labosi\lab3\impl1\lab3_impl1.edi
N-2018.03L-SP1-1
@N: BW106 |Synplicity Constraint File capacitance units using default value of 1pF 

Finished Writing EDIF Netlist and constraint files (Real Time elapsed 0h:00m:01s; CPU Time elapsed 0h:00m:00s; Memory used current: 145MB peak: 148MB)


Start final timing analysis (Real Time elapsed 0h:00m:01s; CPU Time elapsed 0h:00m:00s; Memory used current: 146MB peak: 148MB)

@W: MT420 |Found inferred clock slova|clk_25m with period 5.00ns. Please declare a user-defined clock on port clk_25m.


##### START OF TIMING REPORT #####[
# Timing Report written on Wed Dec  6 18:37:34 2023
#


Top view:               slova
Requested Frequency:    200.0 MHz
Wire load mode:         top
Paths requested:        5
Constraint File(s):    
@N: MT320 |This timing report is an estimate of place and route data. For final timing results, use the FPGA vendor place and route report.

@N: MT322 |Clock constraints include only register-to-register paths associated with each individual clock.



Performance Summary
*******************


Worst slack in design: 0.661

                   Requested     Estimated     Requested     Estimated               Clock        Clock              
Starting Clock     Frequency     Frequency     Period        Period        Slack     Type         Group              
---------------------------------------------------------------------------------------------------------------------
slova|clk_25m      200.0 MHz     230.5 MHz     5.000         4.339         0.661     inferred     Inferred_clkgroup_0
=====================================================================================================================





Clock Relationships
*******************

Clocks                        |    rise  to  rise   |    fall  to  fall   |    rise  to  fall   |    fall  to  rise 
--------------------------------------------------------------------------------------------------------------------
Starting       Ending         |  constraint  slack  |  constraint  slack  |  constraint  slack  |  constraint  slack
--------------------------------------------------------------------------------------------------------------------
slova|clk_25m  slova|clk_25m  |  5.000       0.661  |  No paths    -      |  No paths    -      |  No paths    -    
====================================================================================================================
 Note: 'No paths' indicates there are no paths in the design for that pair of clock edges.
       'Diff grp' indicates that paths exist but the starting clock and ending clock are in different clock groups.



Interface Information 
*********************

No IO constraint found



====================================
Detailed Report for Clock: slova|clk_25m
====================================



Starting Points with Worst Slack
********************************

                                  Starting                                                     Arrival          
Instance                          Reference         Type        Pin     Net                    Time        Slack
                                  Clock                                                                         
----------------------------------------------------------------------------------------------------------------
serializer.R_tx_phase[2]          slova|clk_25m     FD1S3IX     Q       R_tx_phase[2]          0.985       0.661
serializer.R_tx_phase[3]          slova|clk_25m     FD1S3IX     Q       R_tx_phase[3]          0.955       0.691
serializer.R_debounce_cnt[8]      slova|clk_25m     FD1P3IX     Q       R_debounce_cnt[8]      0.907       0.937
serializer.R_debounce_cnt[9]      slova|clk_25m     FD1P3JX     Q       R_debounce_cnt[9]      0.907       0.937
serializer.R_debounce_cnt[10]     slova|clk_25m     FD1P3IX     Q       R_debounce_cnt[10]     0.907       0.937
serializer.R_debounce_cnt[11]     slova|clk_25m     FD1P3IX     Q       R_debounce_cnt[11]     0.907       0.937
serializer.R_debounce_cnt[12]     slova|clk_25m     FD1P3IX     Q       R_debounce_cnt[12]     0.907       0.937
serializer.R_debounce_cnt[13]     slova|clk_25m     FD1P3IX     Q       R_debounce_cnt[13]     0.907       0.937
serializer.R_tx_phase[0]          slova|clk_25m     FD1S3IX     Q       R_tx_phase[0]          1.009       1.243
serializer.R_tx_phase[1]          slova|clk_25m     FD1S3IX     Q       R_tx_phase[1]          1.009       1.243
================================================================================================================


Ending Points with Worst Slack
******************************

                             Starting                                                      Required          
Instance                     Reference         Type        Pin     Net                     Time         Slack
                             Clock                                                                           
-------------------------------------------------------------------------------------------------------------
serializer.R_tx_phase[0]     slova|clk_25m     FD1S3IX     D       R_tx_phase_7[0]         4.946        0.661
serializer.R_tx_phase[1]     slova|clk_25m     FD1S3IX     D       R_tx_phase_7[1]         4.946        0.661
serializer.R_tx_phase[2]     slova|clk_25m     FD1S3IX     D       R_tx_phase_7[2]         4.946        0.661
serializer.R_tx_phase[3]     slova|clk_25m     FD1S3IX     D       R_tx_phase_7[3]         4.946        0.661
serializer.R_tx_ser[1]       slova|clk_25m     FD1P3AY     SP      R_tx_ser_1_sqmuxa_i     4.806        0.852
serializer.R_tx_ser[2]       slova|clk_25m     FD1P3AY     SP      R_tx_ser_1_sqmuxa_i     4.806        0.852
serializer.R_tx_ser[3]       slova|clk_25m     FD1P3AY     SP      R_tx_ser_1_sqmuxa_i     4.806        0.852
serializer.R_tx_ser[4]       slova|clk_25m     FD1P3AY     SP      R_tx_ser_1_sqmuxa_i     4.806        0.852
serializer.R_tx_ser[5]       slova|clk_25m     FD1P3AY     SP      R_tx_ser_1_sqmuxa_i     4.806        0.852
serializer.R_tx_ser[6]       slova|clk_25m     FD1P3AY     SP      R_tx_ser_1_sqmuxa_i     4.806        0.852
=============================================================================================================



Worst Path Information
***********************


Path information for path number 1: 
      Requested Period:                      5.000
    - Setup time:                            0.054
    + Clock delay at ending point:           0.000 (ideal)
    = Required time:                         4.946

    - Propagation time:                      4.285
    - Clock delay at starting point:         0.000 (ideal)
    = Slack (critical) :                     0.661

    Number of logic level(s):                5
    Starting point:                          serializer.R_tx_phase[2] / Q
    Ending point:                            serializer.R_tx_phase[2] / D
    The start point is clocked by            slova|clk_25m [rising] on pin CK
    The end   point is clocked by            slova|clk_25m [rising] on pin CK

Instance / Net                                      Pin      Pin               Arrival     No. of    
Name                                   Type         Name     Dir     Delay     Time        Fan Out(s)
-----------------------------------------------------------------------------------------------------
serializer.R_tx_phase[2]               FD1S3IX      Q        Out     0.985     0.985       -         
R_tx_phase[2]                          Net          -        -       -         -           4         
serializer.un1_R_tx_phase_1_0          ORCALUT4     A        In      0.000     0.985       -         
serializer.un1_R_tx_phase_1_0          ORCALUT4     Z        Out     0.606     1.591       -         
un1_R_tx_phase_1_0                     Net          -        -       -         -           1         
serializer.r_tx_tickcnt12              ORCALUT4     D        In      0.000     1.591       -         
serializer.r_tx_tickcnt12              ORCALUT4     Z        Out     0.828     2.419       -         
r_tx_tickcnt12                         Net          -        -       -         -           16        
serializer.R_tx_ser_0_sqmuxa           ORCALUT4     A        In      0.000     2.419       -         
serializer.R_tx_ser_0_sqmuxa           ORCALUT4     Z        Out     0.738     3.157       -         
R_tx_ser_0_sqmuxa                      Net          -        -       -         -           4         
serializer.un1_R_tx_ser_0_sqmuxa_1     ORCALUT4     A        In      0.000     3.157       -         
serializer.un1_R_tx_ser_0_sqmuxa_1     ORCALUT4     Z        Out     0.738     3.895       -         
un1_R_tx_ser_0_sqmuxa_1                Net          -        -       -         -           4         
serializer.R_tx_phase_7[2]             ORCALUT4     D        In      0.000     3.895       -         
serializer.R_tx_phase_7[2]             ORCALUT4     Z        Out     0.390     4.285       -         
R_tx_phase_7[2]                        Net          -        -       -         -           1         
serializer.R_tx_phase[2]               FD1S3IX      D        In      0.000     4.285       -         
=====================================================================================================



##### END OF TIMING REPORT #####]

Timing exceptions that could not be applied
None

Finished final timing analysis (Real Time elapsed 0h:00m:01s; CPU Time elapsed 0h:00m:00s; Memory used current: 146MB peak: 148MB)


Finished timing report (Real Time elapsed 0h:00m:01s; CPU Time elapsed 0h:00m:00s; Memory used current: 146MB peak: 148MB)

---------------------------------------
Resource Usage Report
Part: lfe5u_12f-6

Register bits: 73 of 12096 (1%)
PIC Latch:       0
I/O cells:       19


Details:
CCU2C:          29
FD1P3AX:        3
FD1P3AY:        8
FD1P3IX:        24
FD1P3JX:        7
FD1S3AX:        25
FD1S3IX:        5
GSR:            1
IB:             10
INV:            1
OB:             9
OFS1P3BX:       1
ORCALUT4:       78
PUR:            1
VHI:            2
VLO:            1
false:          1
Mapper successful!

At Mapper Exit (Real Time elapsed 0h:00m:01s; CPU Time elapsed 0h:00m:00s; Memory used current: 32MB peak: 148MB)

Process took 0h:00m:01s realtime, 0h:00m:01s cputime
# Wed Dec  6 18:37:34 2023

###########################################################]


Synthesis exit by 0.

edif2ngd  -l "ECP5U" -d LFE5U-12F -path "C:/DL-labosi/lab3/impl1" -path "C:/DL-labosi/lab3"   "C:/DL-labosi/lab3/impl1/lab3_impl1.edi" "lab3_impl1.ngo"   
edif2ngd:  version Diamond (64-bit) 3.11.0.396.4

Copyright (c) 1991-1994 by NeoCAD Inc. All rights reserved.
Copyright (c) 1995 AT&T Corp.   All rights reserved.
Copyright (c) 1995-2001 Lucent Technologies Inc.  All rights reserved.
Copyright (c) 2001 Agere Systems   All rights reserved.
Copyright (c) 2002-2019 Lattice Semiconductor Corporation,  All rights reserved.
Writing the design to lab3_impl1.ngo...

Total CPU Time: 0 secs  
Total REAL Time: 0 secs  
Peak Memory Usage: 11 MB


ngdbuild  -a "ECP5U" -d LFE5U-12F  -p "C:/lscc/diamond/3.11_x64/ispfpga/sa5p00/data"  -p "C:/DL-labosi/lab3/impl1" -p "C:/DL-labosi/lab3"  "lab3_impl1.ngo" "lab3_impl1.ngd"  	
ngdbuild:  version Diamond (64-bit) 3.11.0.396.4

Copyright (c) 1991-1994 by NeoCAD Inc. All rights reserved.
Copyright (c) 1995 AT&T Corp.   All rights reserved.
Copyright (c) 1995-2001 Lucent Technologies Inc.  All rights reserved.
Copyright (c) 2001 Agere Systems   All rights reserved.
Copyright (c) 2002-2019 Lattice Semiconductor Corporation,  All rights reserved.
Reading 'lab3_impl1.ngo' ...
Loading NGL library 'C:/lscc/diamond/3.11_x64/ispfpga/sa5p00/data/sa5plib.ngl'...
Loading NGL library 'C:/lscc/diamond/3.11_x64/ispfpga/xo2c00/data/xo2clib.ngl'...
Loading NGL library 'C:/lscc/diamond/3.11_x64/ispfpga/mg5g00/data/mg5glib.ngl'...
Loading NGL library 'C:/lscc/diamond/3.11_x64/ispfpga/or5g00/data/orc5glib.ngl'...


Running DRC...

DRC complete with no errors or warnings

Design Results:
    204 blocks expanded
Complete the first expansion.
Writing 'lab3_impl1.ngd' ...
Total CPU Time: 0 secs 
Total REAL Time: 0 secs 
Peak Memory Usage: 19 MB


map -a "ECP5U" -p LFE5U-12F -t CABGA381 -s 6 -oc Commercial   "lab3_impl1.ngd" -o "lab3_impl1_map.ncd" -pr "lab3_impl1.prf" -mp "lab3_impl1.mrp" -lpf "C:/DL-labosi/lab3/impl1/lab3_impl1_synplify.lpf" -lpf "C:/DL-labosi/lab3/ulx3s.lpf"            
map:  version Diamond (64-bit) 3.11.0.396.4

Copyright (c) 1991-1994 by NeoCAD Inc. All rights reserved.
Copyright (c) 1995 AT&T Corp.   All rights reserved.
Copyright (c) 1995-2001 Lucent Technologies Inc.  All rights reserved.
Copyright (c) 2001 Agere Systems   All rights reserved.
Copyright (c) 2002-2019 Lattice Semiconductor Corporation,  All rights reserved.
   Process the file: lab3_impl1.ngd
   Picdevice="LFE5U-12F"

   Pictype="CABGA381"

   Picspeed=6

   Remove unused logic

   Do not produce over sized NCDs.

Part used: LFE5U-12FCABGA381, Performance used: 6.

    <postMsg mid="1100679" type="Warning" dynamic="2" navigation="2" arg0="C:/DL-labosi/lab3/ulx3s.lpf(18): Semantic error in &quot;LOCATE COMP &quot;rs232_rx&quot; SITE &quot;M1&quot; ;&quot;: " arg1="rs232_rx" arg2="C:/DL-labosi/lab3/ulx3s.lpf" arg3="18"  />
    <postMsg mid="1100679" type="Warning" dynamic="2" navigation="2" arg0="C:/DL-labosi/lab3/ulx3s.lpf(43): Semantic error in &quot;LOCATE COMP &quot;btn_f2&quot; SITE &quot;T1&quot; ;&quot;: " arg1="btn_f2" arg2="C:/DL-labosi/lab3/ulx3s.lpf" arg3="43"  />
    <postMsg mid="1100679" type="Warning" dynamic="2" navigation="2" arg0="C:/DL-labosi/lab3/ulx3s.lpf(44): Semantic error in &quot;LOCATE COMP &quot;btn_pwr&quot; SITE &quot;D6&quot; ;&quot;: " arg1="btn_pwr" arg2="C:/DL-labosi/lab3/ulx3s.lpf" arg3="44"  />
    <postMsg mid="1100679" type="Warning" dynamic="2" navigation="2" arg0="C:/DL-labosi/lab3/ulx3s.lpf(47): Semantic error in &quot;LOCATE COMP &quot;p_tip[0]&quot; SITE &quot;E4&quot; ;&quot;: " arg1="p_tip[0]" arg2="C:/DL-labosi/lab3/ulx3s.lpf" arg3="47"  />
    <postMsg mid="1100679" type="Warning" dynamic="2" navigation="2" arg0="C:/DL-labosi/lab3/ulx3s.lpf(48): Semantic error in &quot;LOCATE COMP &quot;p_tip[1]&quot; SITE &quot;D3&quot; ;&quot;: " arg1="p_tip[1]" arg2="C:/DL-labosi/lab3/ulx3s.lpf" arg3="48"  />
    <postMsg mid="1100679" type="Warning" dynamic="2" navigation="2" arg0="C:/DL-labosi/lab3/ulx3s.lpf(49): Semantic error in &quot;LOCATE COMP &quot;p_tip[2]&quot; SITE &quot;C3&quot; ;&quot;: " arg1="p_tip[2]" arg2="C:/DL-labosi/lab3/ulx3s.lpf" arg3="49"  />
    <postMsg mid="1100679" type="Warning" dynamic="2" navigation="2" arg0="C:/DL-labosi/lab3/ulx3s.lpf(50): Semantic error in &quot;LOCATE COMP &quot;p_tip[3]&quot; SITE &quot;B3&quot; ;&quot;: " arg1="p_tip[3]" arg2="C:/DL-labosi/lab3/ulx3s.lpf" arg3="50"  />
    <postMsg mid="1100679" type="Warning" dynamic="2" navigation="2" arg0="C:/DL-labosi/lab3/ulx3s.lpf(51): Semantic error in &quot;LOCATE COMP &quot;p_ring[0]&quot; SITE &quot;A3&quot; ;&quot;: " arg1="p_ring[0]" arg2="C:/DL-labosi/lab3/ulx3s.lpf" arg3="51"  />
    <postMsg mid="1100679" type="Warning" dynamic="2" navigation="2" arg0="C:/DL-labosi/lab3/ulx3s.lpf(52): Semantic error in &quot;LOCATE COMP &quot;p_ring[1]&quot; SITE &quot;B5&quot; ;&quot;: " arg1="p_ring[1]" arg2="C:/DL-labosi/lab3/ulx3s.lpf" arg3="52"  />
    <postMsg mid="1100679" type="Warning" dynamic="2" navigation="2" arg0="C:/DL-labosi/lab3/ulx3s.lpf(53): Semantic error in &quot;LOCATE COMP &quot;p_ring[2]&quot; SITE &quot;D5&quot; ;&quot;: " arg1="p_ring[2]" arg2="C:/DL-labosi/lab3/ulx3s.lpf" arg3="53"  />
    <postMsg mid="1100679" type="Warning" dynamic="2" navigation="2" arg0="C:/DL-labosi/lab3/ulx3s.lpf(54): Semantic error in &quot;LOCATE COMP &quot;p_ring[3]&quot; SITE &quot;C5&quot; ;&quot;: " arg1="p_ring[3]" arg2="C:/DL-labosi/lab3/ulx3s.lpf" arg3="54"  />
    <postMsg mid="1100679" type="Warning" dynamic="2" navigation="2" arg0="C:/DL-labosi/lab3/ulx3s.lpf(55): Semantic error in &quot;LOCATE COMP &quot;p_ring2[0]&quot; SITE &quot;H5&quot; ;&quot;: " arg1="p_ring2[0]" arg2="C:/DL-labosi/lab3/ulx3s.lpf" arg3="55"  />
    <postMsg mid="1100679" type="Warning" dynamic="2" navigation="2" arg0="C:/DL-labosi/lab3/ulx3s.lpf(56): Semantic error in &quot;LOCATE COMP &quot;p_ring2[1]&quot; SITE &quot;F2&quot; ;&quot;: " arg1="p_ring2[1]" arg2="C:/DL-labosi/lab3/ulx3s.lpf" arg3="56"  />
    <postMsg mid="1100679" type="Warning" dynamic="2" navigation="2" arg0="C:/DL-labosi/lab3/ulx3s.lpf(57): Semantic error in &quot;LOCATE COMP &quot;p_ring2[2]&quot; SITE &quot;F5&quot; ;&quot;: " arg1="p_ring2[2]" arg2="C:/DL-labosi/lab3/ulx3s.lpf" arg3="57"  />
    <postMsg mid="1100679" type="Warning" dynamic="2" navigation="2" arg0="C:/DL-labosi/lab3/ulx3s.lpf(58): Semantic error in &quot;LOCATE COMP &quot;p_ring2[3]&quot; SITE &quot;E5&quot; ;&quot;: " arg1="p_ring2[3]" arg2="C:/DL-labosi/lab3/ulx3s.lpf" arg3="58"  />
    <postMsg mid="1100679" type="Warning" dynamic="2" navigation="2" arg0="C:/DL-labosi/lab3/ulx3s.lpf(61): Semantic error in &quot;LOCATE COMP &quot;flash_cen&quot; SITE &quot;R2&quot; ;&quot;: " arg1="flash_cen" arg2="C:/DL-labosi/lab3/ulx3s.lpf" arg3="61"  />
    <postMsg mid="1100679" type="Warning" dynamic="2" navigation="2" arg0="C:/DL-labosi/lab3/ulx3s.lpf(62): Semantic error in &quot;LOCATE COMP &quot;flash_sck&quot; SITE &quot;U3&quot; ;&quot;: " arg1="flash_sck" arg2="C:/DL-labosi/lab3/ulx3s.lpf" arg3="62"  />
    <postMsg mid="1100679" type="Warning" dynamic="2" navigation="2" arg0="C:/DL-labosi/lab3/ulx3s.lpf(63): Semantic error in &quot;LOCATE COMP &quot;flash_si&quot; SITE &quot;W2&quot; ;&quot;: " arg1="flash_si" arg2="C:/DL-labosi/lab3/ulx3s.lpf" arg3="63"  />
    <postMsg mid="1100679" type="Warning" dynamic="2" navigation="2" arg0="C:/DL-labosi/lab3/ulx3s.lpf(64): Semantic error in &quot;LOCATE COMP &quot;flash_so&quot; SITE &quot;V2&quot; ;&quot;: " arg1="flash_so" arg2="C:/DL-labosi/lab3/ulx3s.lpf" arg3="64"  />
    <postMsg mid="1100679" type="Warning" dynamic="2" navigation="2" arg0="C:/DL-labosi/lab3/ulx3s.lpf(65): Semantic error in &quot;LOCATE COMP &quot;flash_holdn&quot; SITE &quot;W1&quot; ;&quot;: " arg1="flash_holdn" arg2="C:/DL-labosi/lab3/ulx3s.lpf" arg3="65"  />
    <postMsg mid="1100679" type="Warning" dynamic="2" navigation="2" arg0="C:/DL-labosi/lab3/ulx3s.lpf(66): Semantic error in &quot;LOCATE COMP &quot;flash_wpn&quot; SITE &quot;Y2&quot; ;&quot;: " arg1="flash_wpn" arg2="C:/DL-labosi/lab3/ulx3s.lpf" arg3="66"  />
    <postMsg mid="1100679" type="Warning" dynamic="2" navigation="2" arg0="C:/DL-labosi/lab3/ulx3s.lpf(69): Semantic error in &quot;LOCATE COMP &quot;sd_clk&quot; SITE &quot;H2&quot; ;&quot;: " arg1="sd_clk" arg2="C:/DL-labosi/lab3/ulx3s.lpf" arg3="69"  />
    <postMsg mid="1100679" type="Warning" dynamic="2" navigation="2" arg0="C:/DL-labosi/lab3/ulx3s.lpf(70): Semantic error in &quot;LOCATE COMP &quot;sd_cmd&quot; SITE &quot;J1&quot; ;&quot;: " arg1="sd_cmd" arg2="C:/DL-labosi/lab3/ulx3s.lpf" arg3="70"  />
    <postMsg mid="1100679" type="Warning" dynamic="2" navigation="2" arg0="C:/DL-labosi/lab3/ulx3s.lpf(71): Semantic error in &quot;LOCATE COMP &quot;sd_d[0]&quot; SITE &quot;J3&quot; ;&quot;: " arg1="sd_d[0]" arg2="C:/DL-labosi/lab3/ulx3s.lpf" arg3="71"  />
    <postMsg mid="1100679" type="Warning" dynamic="2" navigation="2" arg0="C:/DL-labosi/lab3/ulx3s.lpf(72): Semantic error in &quot;LOCATE COMP &quot;sd_d[1]&quot; SITE &quot;H1&quot; ;&quot;: " arg1="sd_d[1]" arg2="C:/DL-labosi/lab3/ulx3s.lpf" arg3="72"  />
    <postMsg mid="1100679" type="Warning" dynamic="2" navigation="2" arg0="C:/DL-labosi/lab3/ulx3s.lpf(73): Semantic error in &quot;LOCATE COMP &quot;sd_d[2]&quot; SITE &quot;K1&quot; ;&quot;: " arg1="sd_d[2]" arg2="C:/DL-labosi/lab3/ulx3s.lpf" arg3="73"  />
    <postMsg mid="1100679" type="Warning" dynamic="2" navigation="2" arg0="C:/DL-labosi/lab3/ulx3s.lpf(74): Semantic error in &quot;LOCATE COMP &quot;sd_d[3]&quot; SITE &quot;K2&quot; ;&quot;: " arg1="sd_d[3]" arg2="C:/DL-labosi/lab3/ulx3s.lpf" arg3="74"  />
    <postMsg mid="1100679" type="Warning" dynamic="2" navigation="2" arg0="C:/DL-labosi/lab3/ulx3s.lpf(75): Semantic error in &quot;LOCATE COMP &quot;sd_wp&quot; SITE &quot;P5&quot; ;&quot;: " arg1="sd_wp" arg2="C:/DL-labosi/lab3/ulx3s.lpf" arg3="75"  />
    <postMsg mid="1100679" type="Warning" dynamic="2" navigation="2" arg0="C:/DL-labosi/lab3/ulx3s.lpf(76): Semantic error in &quot;LOCATE COMP &quot;sd_cdn&quot; SITE &quot;N5&quot; ;&quot;: " arg1="sd_cdn" arg2="C:/DL-labosi/lab3/ulx3s.lpf" arg3="76"  />
    <postMsg mid="1100679" type="Warning" dynamic="2" navigation="2" arg0="C:/DL-labosi/lab3/ulx3s.lpf(79): Semantic error in &quot;LOCATE COMP &quot;adc_csn&quot; SITE &quot;R17&quot; ;&quot;: " arg1="adc_csn" arg2="C:/DL-labosi/lab3/ulx3s.lpf" arg3="79"  />
    <postMsg mid="1100679" type="Warning" dynamic="2" navigation="2" arg0="C:/DL-labosi/lab3/ulx3s.lpf(80): Semantic error in &quot;LOCATE COMP &quot;adc_mosi&quot; SITE &quot;R16&quot; ;&quot;: " arg1="adc_mosi" arg2="C:/DL-labosi/lab3/ulx3s.lpf" arg3="80"  />
    <postMsg mid="1100679" type="Warning" dynamic="2" navigation="2" arg0="C:/DL-labosi/lab3/ulx3s.lpf(81): Semantic error in &quot;LOCATE COMP &quot;adc_miso&quot; SITE &quot;U16&quot; ;&quot;: " arg1="adc_miso" arg2="C:/DL-labosi/lab3/ulx3s.lpf" arg3="81"  />
    <postMsg mid="1100679" type="Warning" dynamic="2" navigation="2" arg0="C:/DL-labosi/lab3/ulx3s.lpf(82): Semantic error in &quot;LOCATE COMP &quot;adc_sclk&quot; SITE &quot;P17&quot; ;&quot;: " arg1="adc_sclk" arg2="C:/DL-labosi/lab3/ulx3s.lpf" arg3="82"  />
    <postMsg mid="1100679" type="Warning" dynamic="2" navigation="2" arg0="C:/DL-labosi/lab3/ulx3s.lpf(85): Semantic error in &quot;LOCATE COMP &quot;ant&quot; SITE &quot;G1&quot; ;&quot;: " arg1="ant" arg2="C:/DL-labosi/lab3/ulx3s.lpf" arg3="85"  />
    <postMsg mid="1100679" type="Warning" dynamic="2" navigation="2" arg0="C:/DL-labosi/lab3/ulx3s.lpf(88): Semantic error in &quot;LOCATE COMP &quot;sdram_clk&quot; SITE &quot;F19&quot; ;&quot;: " arg1="sdram_clk" arg2="C:/DL-labosi/lab3/ulx3s.lpf" arg3="88"  />
    <postMsg mid="1100679" type="Warning" dynamic="2" navigation="2" arg0="C:/DL-labosi/lab3/ulx3s.lpf(89): Semantic error in &quot;LOCATE COMP &quot;sdram_cke&quot; SITE &quot;F20&quot; ;&quot;: " arg1="sdram_cke" arg2="C:/DL-labosi/lab3/ulx3s.lpf" arg3="89"  />
    <postMsg mid="1100679" type="Warning" dynamic="2" navigation="2" arg0="C:/DL-labosi/lab3/ulx3s.lpf(90): Semantic error in &quot;LOCATE COMP &quot;sdram_csn&quot; SITE &quot;P20&quot; ;&quot;: " arg1="sdram_csn" arg2="C:/DL-labosi/lab3/ulx3s.lpf" arg3="90"  />
    <postMsg mid="1100679" type="Warning" dynamic="2" navigation="2" arg0="C:/DL-labosi/lab3/ulx3s.lpf(91): Semantic error in &quot;LOCATE COMP &quot;sdram_wen&quot; SITE &quot;T20&quot; ;&quot;: " arg1="sdram_wen" arg2="C:/DL-labosi/lab3/ulx3s.lpf" arg3="91"  />
    <postMsg mid="1100679" type="Warning" dynamic="2" navigation="2" arg0="C:/DL-labosi/lab3/ulx3s.lpf(92): Semantic error in &quot;LOCATE COMP &quot;sdram_rasn&quot; SITE &quot;R20&quot; ;&quot;: " arg1="sdram_rasn" arg2="C:/DL-labosi/lab3/ulx3s.lpf" arg3="92"  />
    <postMsg mid="1100679" type="Warning" dynamic="2" navigation="2" arg0="C:/DL-labosi/lab3/ulx3s.lpf(93): Semantic error in &quot;LOCATE COMP &quot;sdram_casn&quot; SITE &quot;T19&quot; ;&quot;: " arg1="sdram_casn" arg2="C:/DL-labosi/lab3/ulx3s.lpf" arg3="93"  />
    <postMsg mid="1100679" type="Warning" dynamic="2" navigation="2" arg0="C:/DL-labosi/lab3/ulx3s.lpf(94): Semantic error in &quot;LOCATE COMP &quot;sdram_a[0]&quot; SITE &quot;M20&quot; ;&quot;: " arg1="sdram_a[0]" arg2="C:/DL-labosi/lab3/ulx3s.lpf" arg3="94"  />
    <postMsg mid="1100679" type="Warning" dynamic="2" navigation="2" arg0="C:/DL-labosi/lab3/ulx3s.lpf(95): Semantic error in &quot;LOCATE COMP &quot;sdram_a[1]&quot; SITE &quot;M19&quot; ;&quot;: " arg1="sdram_a[1]" arg2="C:/DL-labosi/lab3/ulx3s.lpf" arg3="95"  />
    <postMsg mid="1100679" type="Warning" dynamic="2" navigation="2" arg0="C:/DL-labosi/lab3/ulx3s.lpf(96): Semantic error in &quot;LOCATE COMP &quot;sdram_a[2]&quot; SITE &quot;L20&quot; ;&quot;: " arg1="sdram_a[2]" arg2="C:/DL-labosi/lab3/ulx3s.lpf" arg3="96"  />
    <postMsg mid="1100679" type="Warning" dynamic="2" navigation="2" arg0="C:/DL-labosi/lab3/ulx3s.lpf(97): Semantic error in &quot;LOCATE COMP &quot;sdram_a[3]&quot; SITE &quot;L19&quot; ;&quot;: " arg1="sdram_a[3]" arg2="C:/DL-labosi/lab3/ulx3s.lpf" arg3="97"  />
    <postMsg mid="1100679" type="Warning" dynamic="2" navigation="2" arg0="C:/DL-labosi/lab3/ulx3s.lpf(98): Semantic error in &quot;LOCATE COMP &quot;sdram_a[4]&quot; SITE &quot;K20&quot; ;&quot;: " arg1="sdram_a[4]" arg2="C:/DL-labosi/lab3/ulx3s.lpf" arg3="98"  />
    <postMsg mid="1100679" type="Warning" dynamic="2" navigation="2" arg0="C:/DL-labosi/lab3/ulx3s.lpf(99): Semantic error in &quot;LOCATE COMP &quot;sdram_a[5]&quot; SITE &quot;K19&quot; ;&quot;: " arg1="sdram_a[5]" arg2="C:/DL-labosi/lab3/ulx3s.lpf" arg3="99"  />
    <postMsg mid="1100679" type="Warning" dynamic="2" navigation="2" arg0="C:/DL-labosi/lab3/ulx3s.lpf(100): Semantic error in &quot;LOCATE COMP &quot;sdram_a[6]&quot; SITE &quot;K18&quot; ;&quot;: " arg1="sdram_a[6]" arg2="C:/DL-labosi/lab3/ulx3s.lpf" arg3="100"  />
    <postMsg mid="1100679" type="Warning" dynamic="2" navigation="2" arg0="C:/DL-labosi/lab3/ulx3s.lpf(101): Semantic error in &quot;LOCATE COMP &quot;sdram_a[7]&quot; SITE &quot;J20&quot; ;&quot;: " arg1="sdram_a[7]" arg2="C:/DL-labosi/lab3/ulx3s.lpf" arg3="101"  />
    <postMsg mid="1100679" type="Warning" dynamic="2" navigation="2" arg0="C:/DL-labosi/lab3/ulx3s.lpf(102): Semantic error in &quot;LOCATE COMP &quot;sdram_a[8]&quot; SITE &quot;J19&quot; ;&quot;: " arg1="sdram_a[8]" arg2="C:/DL-labosi/lab3/ulx3s.lpf" arg3="102"  />
    <postMsg mid="1100679" type="Warning" dynamic="2" navigation="2" arg0="C:/DL-labosi/lab3/ulx3s.lpf(103): Semantic error in &quot;LOCATE COMP &quot;sdram_a[9]&quot; SITE &quot;H20&quot; ;&quot;: " arg1="sdram_a[9]" arg2="C:/DL-labosi/lab3/ulx3s.lpf" arg3="103"  />
    <postMsg mid="1100679" type="Warning" dynamic="2" navigation="2" arg0="C:/DL-labosi/lab3/ulx3s.lpf(104): Semantic error in &quot;LOCATE COMP &quot;sdram_a[10]&quot; SITE &quot;N19&quot; ;&quot;: " arg1="sdram_a[10]" arg2="C:/DL-labosi/lab3/ulx3s.lpf" arg3="104"  />
    <postMsg mid="1100679" type="Warning" dynamic="2" navigation="2" arg0="C:/DL-labosi/lab3/ulx3s.lpf(105): Semantic error in &quot;LOCATE COMP &quot;sdram_a[11]&quot; SITE &quot;G20&quot; ;&quot;: " arg1="sdram_a[11]" arg2="C:/DL-labosi/lab3/ulx3s.lpf" arg3="105"  />
    <postMsg mid="1100679" type="Warning" dynamic="2" navigation="2" arg0="C:/DL-labosi/lab3/ulx3s.lpf(106): Semantic error in &quot;LOCATE COMP &quot;sdram_a[12]&quot; SITE &quot;G19&quot; ;&quot;: " arg1="sdram_a[12]" arg2="C:/DL-labosi/lab3/ulx3s.lpf" arg3="106"  />
    <postMsg mid="1100679" type="Warning" dynamic="2" navigation="2" arg0="C:/DL-labosi/lab3/ulx3s.lpf(107): Semantic error in &quot;LOCATE COMP &quot;sdram_ba[0]&quot; SITE &quot;P19&quot; ;&quot;: " arg1="sdram_ba[0]" arg2="C:/DL-labosi/lab3/ulx3s.lpf" arg3="107"  />
    <postMsg mid="1100679" type="Warning" dynamic="2" navigation="2" arg0="C:/DL-labosi/lab3/ulx3s.lpf(108): Semantic error in &quot;LOCATE COMP &quot;sdram_ba[1]&quot; SITE &quot;N20&quot; ;&quot;: " arg1="sdram_ba[1]" arg2="C:/DL-labosi/lab3/ulx3s.lpf" arg3="108"  />
    <postMsg mid="1100679" type="Warning" dynamic="2" navigation="2" arg0="C:/DL-labosi/lab3/ulx3s.lpf(109): Semantic error in &quot;LOCATE COMP &quot;sdram_dqm[0]&quot; SITE &quot;U19&quot; ;&quot;: " arg1="sdram_dqm[0]" arg2="C:/DL-labosi/lab3/ulx3s.lpf" arg3="109"  />
    <postMsg mid="1100679" type="Warning" dynamic="2" navigation="2" arg0="C:/DL-labosi/lab3/ulx3s.lpf(110): Semantic error in &quot;LOCATE COMP &quot;sdram_dqm[1]&quot; SITE &quot;E20&quot; ;&quot;: " arg1="sdram_dqm[1]" arg2="C:/DL-labosi/lab3/ulx3s.lpf" arg3="110"  />
    <postMsg mid="1100679" type="Warning" dynamic="2" navigation="2" arg0="C:/DL-labosi/lab3/ulx3s.lpf(111): Semantic error in &quot;LOCATE COMP &quot;sdram_d[0]&quot; SITE &quot;J16&quot; ;&quot;: " arg1="sdram_d[0]" arg2="C:/DL-labosi/lab3/ulx3s.lpf" arg3="111"  />
    <postMsg mid="1100679" type="Warning" dynamic="2" navigation="2" arg0="C:/DL-labosi/lab3/ulx3s.lpf(112): Semantic error in &quot;LOCATE COMP &quot;sdram_d[1]&quot; SITE &quot;L18&quot; ;&quot;: " arg1="sdram_d[1]" arg2="C:/DL-labosi/lab3/ulx3s.lpf" arg3="112"  />
    <postMsg mid="1100679" type="Warning" dynamic="2" navigation="2" arg0="C:/DL-labosi/lab3/ulx3s.lpf(113): Semantic error in &quot;LOCATE COMP &quot;sdram_d[2]&quot; SITE &quot;M18&quot; ;&quot;: " arg1="sdram_d[2]" arg2="C:/DL-labosi/lab3/ulx3s.lpf" arg3="113"  />
    <postMsg mid="1100679" type="Warning" dynamic="2" navigation="2" arg0="C:/DL-labosi/lab3/ulx3s.lpf(114): Semantic error in &quot;LOCATE COMP &quot;sdram_d[3]&quot; SITE &quot;N18&quot; ;&quot;: " arg1="sdram_d[3]" arg2="C:/DL-labosi/lab3/ulx3s.lpf" arg3="114"  />
    <postMsg mid="1100679" type="Warning" dynamic="2" navigation="2" arg0="C:/DL-labosi/lab3/ulx3s.lpf(115): Semantic error in &quot;LOCATE COMP &quot;sdram_d[4]&quot; SITE &quot;P18&quot; ;&quot;: " arg1="sdram_d[4]" arg2="C:/DL-labosi/lab3/ulx3s.lpf" arg3="115"  />
    <postMsg mid="1100679" type="Warning" dynamic="2" navigation="2" arg0="C:/DL-labosi/lab3/ulx3s.lpf(116): Semantic error in &quot;LOCATE COMP &quot;sdram_d[5]&quot; SITE &quot;T18&quot; ;&quot;: " arg1="sdram_d[5]" arg2="C:/DL-labosi/lab3/ulx3s.lpf" arg3="116"  />
    <postMsg mid="1100679" type="Warning" dynamic="2" navigation="2" arg0="C:/DL-labosi/lab3/ulx3s.lpf(117): Semantic error in &quot;LOCATE COMP &quot;sdram_d[6]&quot; SITE &quot;T17&quot; ;&quot;: " arg1="sdram_d[6]" arg2="C:/DL-labosi/lab3/ulx3s.lpf" arg3="117"  />
    <postMsg mid="1100679" type="Warning" dynamic="2" navigation="2" arg0="C:/DL-labosi/lab3/ulx3s.lpf(118): Semantic error in &quot;LOCATE COMP &quot;sdram_d[7]&quot; SITE &quot;U20&quot; ;&quot;: " arg1="sdram_d[7]" arg2="C:/DL-labosi/lab3/ulx3s.lpf" arg3="118"  />
    <postMsg mid="1100679" type="Warning" dynamic="2" navigation="2" arg0="C:/DL-labosi/lab3/ulx3s.lpf(119): Semantic error in &quot;LOCATE COMP &quot;sdram_d[8]&quot; SITE &quot;E19&quot; ;&quot;: " arg1="sdram_d[8]" arg2="C:/DL-labosi/lab3/ulx3s.lpf" arg3="119"  />
    <postMsg mid="1100679" type="Warning" dynamic="2" navigation="2" arg0="C:/DL-labosi/lab3/ulx3s.lpf(120): Semantic error in &quot;LOCATE COMP &quot;sdram_d[9]&quot; SITE &quot;D20&quot; ;&quot;: " arg1="sdram_d[9]" arg2="C:/DL-labosi/lab3/ulx3s.lpf" arg3="120"  />
    <postMsg mid="1100679" type="Warning" dynamic="2" navigation="2" arg0="C:/DL-labosi/lab3/ulx3s.lpf(121): Semantic error in &quot;LOCATE COMP &quot;sdram_d[10]&quot; SITE &quot;D19&quot; ;&quot;: " arg1="sdram_d[10]" arg2="C:/DL-labosi/lab3/ulx3s.lpf" arg3="121"  />
    <postMsg mid="1100679" type="Warning" dynamic="2" navigation="2" arg0="C:/DL-labosi/lab3/ulx3s.lpf(122): Semantic error in &quot;LOCATE COMP &quot;sdram_d[11]&quot; SITE &quot;C20&quot; ;&quot;: " arg1="sdram_d[11]" arg2="C:/DL-labosi/lab3/ulx3s.lpf" arg3="122"  />
    <postMsg mid="1100679" type="Warning" dynamic="2" navigation="2" arg0="C:/DL-labosi/lab3/ulx3s.lpf(123): Semantic error in &quot;LOCATE COMP &quot;sdram_d[12]&quot; SITE &quot;E18&quot; ;&quot;: " arg1="sdram_d[12]" arg2="C:/DL-labosi/lab3/ulx3s.lpf" arg3="123"  />
    <postMsg mid="1100679" type="Warning" dynamic="2" navigation="2" arg0="C:/DL-labosi/lab3/ulx3s.lpf(124): Semantic error in &quot;LOCATE COMP &quot;sdram_d[13]&quot; SITE &quot;F18&quot; ;&quot;: " arg1="sdram_d[13]" arg2="C:/DL-labosi/lab3/ulx3s.lpf" arg3="124"  />
    <postMsg mid="1100679" type="Warning" dynamic="2" navigation="2" arg0="C:/DL-labosi/lab3/ulx3s.lpf(125): Semantic error in &quot;LOCATE COMP &quot;sdram_d[14]&quot; SITE &quot;J18&quot; ;&quot;: " arg1="sdram_d[14]" arg2="C:/DL-labosi/lab3/ulx3s.lpf" arg3="125"  />
    <postMsg mid="1100679" type="Warning" dynamic="2" navigation="2" arg0="C:/DL-labosi/lab3/ulx3s.lpf(126): Semantic error in &quot;LOCATE COMP &quot;sdram_d[15]&quot; SITE &quot;J17&quot; ;&quot;: " arg1="sdram_d[15]" arg2="C:/DL-labosi/lab3/ulx3s.lpf" arg3="126"  />
    <postMsg mid="1100679" type="Warning" dynamic="2" navigation="2" arg0="C:/DL-labosi/lab3/ulx3s.lpf(129): Semantic error in &quot;LOCATE COMP &quot;gpdi_dp[0]&quot; SITE &quot;A16&quot; ;&quot;: " arg1="gpdi_dp[0]" arg2="C:/DL-labosi/lab3/ulx3s.lpf" arg3="129"  />
    <postMsg mid="1100679" type="Warning" dynamic="2" navigation="2" arg0="C:/DL-labosi/lab3/ulx3s.lpf(130): Semantic error in &quot;LOCATE COMP &quot;gpdi_dn[0]&quot; SITE &quot;B16&quot; ;&quot;: " arg1="gpdi_dn[0]" arg2="C:/DL-labosi/lab3/ulx3s.lpf" arg3="130"  />
    <postMsg mid="1100679" type="Warning" dynamic="2" navigation="2" arg0="C:/DL-labosi/lab3/ulx3s.lpf(131): Semantic error in &quot;LOCATE COMP &quot;gpdi_dp[1]&quot; SITE &quot;A14&quot; ;&quot;: " arg1="gpdi_dp[1]" arg2="C:/DL-labosi/lab3/ulx3s.lpf" arg3="131"  />
    <postMsg mid="1100679" type="Warning" dynamic="2" navigation="2" arg0="C:/DL-labosi/lab3/ulx3s.lpf(132): Semantic error in &quot;LOCATE COMP &quot;gpdi_dn[1]&quot; SITE &quot;C14&quot; ;&quot;: " arg1="gpdi_dn[1]" arg2="C:/DL-labosi/lab3/ulx3s.lpf" arg3="132"  />
    <postMsg mid="1100679" type="Warning" dynamic="2" navigation="2" arg0="C:/DL-labosi/lab3/ulx3s.lpf(133): Semantic error in &quot;LOCATE COMP &quot;gpdi_dp[2]&quot; SITE &quot;A12&quot; ;&quot;: " arg1="gpdi_dp[2]" arg2="C:/DL-labosi/lab3/ulx3s.lpf" arg3="133"  />
    <postMsg mid="1100679" type="Warning" dynamic="2" navigation="2" arg0="C:/DL-labosi/lab3/ulx3s.lpf(134): Semantic error in &quot;LOCATE COMP &quot;gpdi_dn[2]&quot; SITE &quot;A13&quot; ;&quot;: " arg1="gpdi_dn[2]" arg2="C:/DL-labosi/lab3/ulx3s.lpf" arg3="134"  />
    <postMsg mid="1100679" type="Warning" dynamic="2" navigation="2" arg0="C:/DL-labosi/lab3/ulx3s.lpf(135): Semantic error in &quot;LOCATE COMP &quot;gpdi_dp[3]&quot; SITE &quot;A17&quot; ;&quot;: " arg1="gpdi_dp[3]" arg2="C:/DL-labosi/lab3/ulx3s.lpf" arg3="135"  />
    <postMsg mid="1100679" type="Warning" dynamic="2" navigation="2" arg0="C:/DL-labosi/lab3/ulx3s.lpf(136): Semantic error in &quot;LOCATE COMP &quot;gpdi_dn[3]&quot; SITE &quot;B18&quot; ;&quot;: " arg1="gpdi_dn[3]" arg2="C:/DL-labosi/lab3/ulx3s.lpf" arg3="136"  />
    <postMsg mid="1100679" type="Warning" dynamic="2" navigation="2" arg0="C:/DL-labosi/lab3/ulx3s.lpf(137): Semantic error in &quot;LOCATE COMP &quot;gpdi_ethp&quot; SITE &quot;A19&quot; ;&quot;: " arg1="gpdi_ethp" arg2="C:/DL-labosi/lab3/ulx3s.lpf" arg3="137"  />
    <postMsg mid="1100679" type="Warning" dynamic="2" navigation="2" arg0="C:/DL-labosi/lab3/ulx3s.lpf(138): Semantic error in &quot;LOCATE COMP &quot;gpdi_ethn&quot; SITE &quot;B20&quot; ;&quot;: " arg1="gpdi_ethn" arg2="C:/DL-labosi/lab3/ulx3s.lpf" arg3="138"  />
    <postMsg mid="1100679" type="Warning" dynamic="2" navigation="2" arg0="C:/DL-labosi/lab3/ulx3s.lpf(139): Semantic error in &quot;LOCATE COMP &quot;gpdi_cec&quot; SITE &quot;A18&quot; ;&quot;: " arg1="gpdi_cec" arg2="C:/DL-labosi/lab3/ulx3s.lpf" arg3="139"  />
    <postMsg mid="1100679" type="Warning" dynamic="2" navigation="2" arg0="C:/DL-labosi/lab3/ulx3s.lpf(140): Semantic error in &quot;LOCATE COMP &quot;gpdi_sda&quot; SITE &quot;B19&quot; ;&quot;: " arg1="gpdi_sda" arg2="C:/DL-labosi/lab3/ulx3s.lpf" arg3="140"  />
    <postMsg mid="1100679" type="Warning" dynamic="2" navigation="2" arg0="C:/DL-labosi/lab3/ulx3s.lpf(141): Semantic error in &quot;LOCATE COMP &quot;gpdi_scl&quot; SITE &quot;E12&quot; ;&quot;: " arg1="gpdi_scl" arg2="C:/DL-labosi/lab3/ulx3s.lpf" arg3="141"  />
    <postMsg mid="1100644" type="Warning" dynamic="2" navigation="2" arg0="C:/DL-labosi/lab3/ulx3s.lpf(142): Semantic error in &quot;IOBUF PORT &quot;gpdi_dp[0]&quot; IO_TYPE=LVCMOS33D DRIVE=4 ;&quot;: " arg1="gpdi_dp[0]" arg2="C:/DL-labosi/lab3/ulx3s.lpf" arg3="142"  />
    <postMsg mid="1100644" type="Warning" dynamic="2" navigation="2" arg0="C:/DL-labosi/lab3/ulx3s.lpf(143): Semantic error in &quot;IOBUF PORT &quot;gpdi_dn[0]&quot; IO_TYPE=LVCMOS33D DRIVE=4 ;&quot;: " arg1="gpdi_dn[0]" arg2="C:/DL-labosi/lab3/ulx3s.lpf" arg3="143"  />
    <postMsg mid="1100644" type="Warning" dynamic="2" navigation="2" arg0="C:/DL-labosi/lab3/ulx3s.lpf(144): Semantic error in &quot;IOBUF PORT &quot;gpdi_dp[1]&quot; IO_TYPE=LVCMOS33D DRIVE=4 ;&quot;: " arg1="gpdi_dp[1]" arg2="C:/DL-labosi/lab3/ulx3s.lpf" arg3="144"  />
    <postMsg mid="1100644" type="Warning" dynamic="2" navigation="2" arg0="C:/DL-labosi/lab3/ulx3s.lpf(145): Semantic error in &quot;IOBUF PORT &quot;gpdi_dn[1]&quot; IO_TYPE=LVCMOS33D DRIVE=4 ;&quot;: " arg1="gpdi_dn[1]" arg2="C:/DL-labosi/lab3/ulx3s.lpf" arg3="145"  />
    <postMsg mid="1100644" type="Warning" dynamic="2" navigation="2" arg0="C:/DL-labosi/lab3/ulx3s.lpf(146): Semantic error in &quot;IOBUF PORT &quot;gpdi_dp[2]&quot; IO_TYPE=LVCMOS33D DRIVE=4 ;&quot;: " arg1="gpdi_dp[2]" arg2="C:/DL-labosi/lab3/ulx3s.lpf" arg3="146"  />
    <postMsg mid="1100644" type="Warning" dynamic="2" navigation="2" arg0="C:/DL-labosi/lab3/ulx3s.lpf(147): Semantic error in &quot;IOBUF PORT &quot;gpdi_dn[2]&quot; IO_TYPE=LVCMOS33D DRIVE=4 ;&quot;: " arg1="gpdi_dn[2]" arg2="C:/DL-labosi/lab3/ulx3s.lpf" arg3="147"  />
    <postMsg mid="1100644" type="Warning" dynamic="2" navigation="2" arg0="C:/DL-labosi/lab3/ulx3s.lpf(148): Semantic error in &quot;IOBUF PORT &quot;gpdi_dp[3]&quot; IO_TYPE=LVCMOS33D DRIVE=4 ;&quot;: " arg1="gpdi_dp[3]" arg2="C:/DL-labosi/lab3/ulx3s.lpf" arg3="148"  />
    <postMsg mid="1100644" type="Warning" dynamic="2" navigation="2" arg0="C:/DL-labosi/lab3/ulx3s.lpf(149): Semantic error in &quot;IOBUF PORT &quot;gpdi_dn[3]&quot; IO_TYPE=LVCMOS33D DRIVE=4 ;&quot;: " arg1="gpdi_dn[3]" arg2="C:/DL-labosi/lab3/ulx3s.lpf" arg3="149"  />
    <postMsg mid="1100644" type="Warning" dynamic="2" navigation="2" arg0="C:/DL-labosi/lab3/ulx3s.lpf(150): Semantic error in &quot;IOBUF PORT &quot;gpdi_ethp&quot; IO_TYPE=LVCMOS33D DRIVE=4 ;&quot;: " arg1="gpdi_ethp" arg2="C:/DL-labosi/lab3/ulx3s.lpf" arg3="150"  />
    <postMsg mid="1100644" type="Warning" dynamic="2" navigation="2" arg0="C:/DL-labosi/lab3/ulx3s.lpf(151): Semantic error in &quot;IOBUF PORT &quot;gpdi_ethn&quot; IO_TYPE=LVCMOS33D DRIVE=4 ;&quot;: " arg1="gpdi_ethn" arg2="C:/DL-labosi/lab3/ulx3s.lpf" arg3="151"  />
    <postMsg mid="1100644" type="Warning" dynamic="2" navigation="2" arg0="C:/DL-labosi/lab3/ulx3s.lpf(152): Semantic error in &quot;IOBUF PORT &quot;gpdi_cec&quot; PULLMODE=UP IO_TYPE=LVCMOS33 DRIVE=4 ;&quot;: " arg1="gpdi_cec" arg2="C:/DL-labosi/lab3/ulx3s.lpf" arg3="152"  />
    <postMsg mid="1100644" type="Warning" dynamic="2" navigation="2" arg0="C:/DL-labosi/lab3/ulx3s.lpf(153): Semantic error in &quot;IOBUF PORT &quot;gpdi_sda&quot; PULLMODE=UP IO_TYPE=LVCMOS33 DRIVE=4 ;&quot;: " arg1="gpdi_sda" arg2="C:/DL-labosi/lab3/ulx3s.lpf" arg3="153"  />
    <postMsg mid="1100644" type="Warning" dynamic="2" navigation="2" arg0="C:/DL-labosi/lab3/ulx3s.lpf(154): Semantic error in &quot;IOBUF PORT &quot;gpdi_scl&quot; PULLMODE=UP IO_TYPE=LVCMOS33 DRIVE=4 ;&quot;: " arg1="gpdi_scl" arg2="C:/DL-labosi/lab3/ulx3s.lpf" arg3="154"  />
    <postMsg mid="1100679" type="Warning" dynamic="2" navigation="2" arg0="C:/DL-labosi/lab3/ulx3s.lpf(162): Semantic error in &quot;LOCATE COMP &quot;gp[0]&quot; SITE &quot;B11&quot; ;&quot;: " arg1="gp[0]" arg2="C:/DL-labosi/lab3/ulx3s.lpf" arg3="162"  />
    <postMsg mid="1100679" type="Warning" dynamic="2" navigation="2" arg0="C:/DL-labosi/lab3/ulx3s.lpf(163): Semantic error in &quot;LOCATE COMP &quot;gn[0]&quot; SITE &quot;C11&quot; ;&quot;: " arg1="gn[0]" arg2="C:/DL-labosi/lab3/ulx3s.lpf" arg3="163"  />
    <postMsg mid="1100679" type="Warning" dynamic="2" navigation="2" arg0="C:/DL-labosi/lab3/ulx3s.lpf(164): Semantic error in &quot;LOCATE COMP &quot;gp[1]&quot; SITE &quot;A10&quot; ;&quot;: " arg1="gp[1]" arg2="C:/DL-labosi/lab3/ulx3s.lpf" arg3="164"  />
    <postMsg mid="1100679" type="Warning" dynamic="2" navigation="2" arg0="C:/DL-labosi/lab3/ulx3s.lpf(165): Semantic error in &quot;LOCATE COMP &quot;gn[1]&quot; SITE &quot;A11&quot; ;&quot;: " arg1="gn[1]" arg2="C:/DL-labosi/lab3/ulx3s.lpf" arg3="165"  />
    <postMsg mid="1100679" type="Warning" dynamic="2" navigation="2" arg0="C:/DL-labosi/lab3/ulx3s.lpf(166): Semantic error in &quot;LOCATE COMP &quot;gp[2]&quot; SITE &quot;A9&quot; ;&quot;: " arg1="gp[2]" arg2="C:/DL-labosi/lab3/ulx3s.lpf" arg3="166"  />
    <postMsg mid="1100679" type="Warning" dynamic="2" navigation="2" arg0="C:/DL-labosi/lab3/ulx3s.lpf(167): Semantic error in &quot;LOCATE COMP &quot;gn[2]&quot; SITE &quot;B10&quot; ;&quot;: " arg1="gn[2]" arg2="C:/DL-labosi/lab3/ulx3s.lpf" arg3="167"  />
    <postMsg mid="1100679" type="Warning" dynamic="2" navigation="2" arg0="C:/DL-labosi/lab3/ulx3s.lpf(168): Semantic error in &quot;LOCATE COMP &quot;gp[3]&quot; SITE &quot;B9&quot; ;&quot;: " arg1="gp[3]" arg2="C:/DL-labosi/lab3/ulx3s.lpf" arg3="168"  />
    <postMsg mid="1100679" type="Warning" dynamic="2" navigation="2" arg0="C:/DL-labosi/lab3/ulx3s.lpf(169): Semantic error in &quot;LOCATE COMP &quot;gn[3]&quot; SITE &quot;C10&quot; ;&quot;: " arg1="gn[3]" arg2="C:/DL-labosi/lab3/ulx3s.lpf" arg3="169"  />
    <postMsg mid="1100679" type="Warning" dynamic="2" navigation="2" arg0="C:/DL-labosi/lab3/ulx3s.lpf(170): Semantic error in &quot;LOCATE COMP &quot;gp[4]&quot; SITE &quot;A7&quot; ;&quot;: " arg1="gp[4]" arg2="C:/DL-labosi/lab3/ulx3s.lpf" arg3="170"  />
    <postMsg mid="1100679" type="Warning" dynamic="2" navigation="2" arg0="C:/DL-labosi/lab3/ulx3s.lpf(171): Semantic error in &quot;LOCATE COMP &quot;gn[4]&quot; SITE &quot;A8&quot; ;&quot;: " arg1="gn[4]" arg2="C:/DL-labosi/lab3/ulx3s.lpf" arg3="171"  />
    <postMsg mid="1100679" type="Warning" dynamic="2" navigation="2" arg0="C:/DL-labosi/lab3/ulx3s.lpf(172): Semantic error in &quot;LOCATE COMP &quot;gp[5]&quot; SITE &quot;C8&quot; ;&quot;: " arg1="gp[5]" arg2="C:/DL-labosi/lab3/ulx3s.lpf" arg3="172"  />
    <postMsg mid="1100679" type="Warning" dynamic="2" navigation="2" arg0="C:/DL-labosi/lab3/ulx3s.lpf(173): Semantic error in &quot;LOCATE COMP &quot;gn[5]&quot; SITE &quot;B8&quot; ;&quot;: " arg1="gn[5]" arg2="C:/DL-labosi/lab3/ulx3s.lpf" arg3="173"  />
    <postMsg mid="1100679" type="Warning" dynamic="2" navigation="2" arg0="C:/DL-labosi/lab3/ulx3s.lpf(174): Semantic error in &quot;LOCATE COMP &quot;gp[6]&quot; SITE &quot;C6&quot; ;&quot;: " arg1="gp[6]" arg2="C:/DL-labosi/lab3/ulx3s.lpf" arg3="174"  />
    <postMsg mid="1100679" type="Warning" dynamic="2" navigation="2" arg0="C:/DL-labosi/lab3/ulx3s.lpf(175): Semantic error in &quot;LOCATE COMP &quot;gn[6]&quot; SITE &quot;C7&quot; ;&quot;: " arg1="gn[6]" arg2="C:/DL-labosi/lab3/ulx3s.lpf" arg3="175"  />
    <postMsg mid="1100679" type="Warning" dynamic="2" navigation="2" arg0="C:/DL-labosi/lab3/ulx3s.lpf(176): Semantic error in &quot;LOCATE COMP &quot;gp[7]&quot; SITE &quot;A6&quot; ;&quot;: " arg1="gp[7]" arg2="C:/DL-labosi/lab3/ulx3s.lpf" arg3="176"  />
    <postMsg mid="1100679" type="Warning" dynamic="2" navigation="2" arg0="C:/DL-labosi/lab3/ulx3s.lpf(177): Semantic error in &quot;LOCATE COMP &quot;gn[7]&quot; SITE &quot;B6&quot; ;&quot;: " arg1="gn[7]" arg2="C:/DL-labosi/lab3/ulx3s.lpf" arg3="177"  />
    <postMsg mid="1100679" type="Warning" dynamic="2" navigation="2" arg0="C:/DL-labosi/lab3/ulx3s.lpf(178): Semantic error in &quot;LOCATE COMP &quot;gp[8]&quot; SITE &quot;A4&quot; ;&quot;: " arg1="gp[8]" arg2="C:/DL-labosi/lab3/ulx3s.lpf" arg3="178"  />
    <postMsg mid="1100679" type="Warning" dynamic="2" navigation="2" arg0="C:/DL-labosi/lab3/ulx3s.lpf(179): Semantic error in &quot;LOCATE COMP &quot;gn[8]&quot; SITE &quot;A5&quot; ;&quot;: " arg1="gn[8]" arg2="C:/DL-labosi/lab3/ulx3s.lpf" arg3="179"  />
    <postMsg mid="1100679" type="Warning" dynamic="2" navigation="2" arg0="C:/DL-labosi/lab3/ulx3s.lpf(180): Semantic error in &quot;LOCATE COMP &quot;gp[9]&quot; SITE &quot;A2&quot; ;&quot;: " arg1="gp[9]" arg2="C:/DL-labosi/lab3/ulx3s.lpf" arg3="180"  />
    <postMsg mid="1100679" type="Warning" dynamic="2" navigation="2" arg0="C:/DL-labosi/lab3/ulx3s.lpf(181): Semantic error in &quot;LOCATE COMP &quot;gn[9]&quot; SITE &quot;B1&quot; ;&quot;: " arg1="gn[9]" arg2="C:/DL-labosi/lab3/ulx3s.lpf" arg3="181"  />
    <postMsg mid="1100679" type="Warning" dynamic="2" navigation="2" arg0="C:/DL-labosi/lab3/ulx3s.lpf(182): Semantic error in &quot;LOCATE COMP &quot;gp[10]&quot; SITE &quot;C4&quot; ;&quot;: " arg1="gp[10]" arg2="C:/DL-labosi/lab3/ulx3s.lpf" arg3="182"  />
    <postMsg mid="1100679" type="Warning" dynamic="2" navigation="2" arg0="C:/DL-labosi/lab3/ulx3s.lpf(183): Semantic error in &quot;LOCATE COMP &quot;gn[10]&quot; SITE &quot;B4&quot; ;&quot;: " arg1="gn[10]" arg2="C:/DL-labosi/lab3/ulx3s.lpf" arg3="183"  />
    <postMsg mid="1100679" type="Warning" dynamic="2" navigation="2" arg0="C:/DL-labosi/lab3/ulx3s.lpf(184): Semantic error in &quot;LOCATE COMP &quot;gp[11]&quot; SITE &quot;F4&quot; ;&quot;: " arg1="gp[11]" arg2="C:/DL-labosi/lab3/ulx3s.lpf" arg3="184"  />
    <postMsg mid="1100679" type="Warning" dynamic="2" navigation="2" arg0="C:/DL-labosi/lab3/ulx3s.lpf(185): Semantic error in &quot;LOCATE COMP &quot;gn[11]&quot; SITE &quot;E3&quot; ;&quot;: " arg1="gn[11]" arg2="C:/DL-labosi/lab3/ulx3s.lpf" arg3="185"  />
    <postMsg mid="1100679" type="Warning" dynamic="2" navigation="2" arg0="C:/DL-labosi/lab3/ulx3s.lpf(186): Semantic error in &quot;LOCATE COMP &quot;gp[12]&quot; SITE &quot;G3&quot; ;&quot;: " arg1="gp[12]" arg2="C:/DL-labosi/lab3/ulx3s.lpf" arg3="186"  />
    <postMsg mid="1100679" type="Warning" dynamic="2" navigation="2" arg0="C:/DL-labosi/lab3/ulx3s.lpf(187): Semantic error in &quot;LOCATE COMP &quot;gn[12]&quot; SITE &quot;F3&quot; ;&quot;: " arg1="gn[12]" arg2="C:/DL-labosi/lab3/ulx3s.lpf" arg3="187"  />
    <postMsg mid="1100679" type="Warning" dynamic="2" navigation="2" arg0="C:/DL-labosi/lab3/ulx3s.lpf(188): Semantic error in &quot;LOCATE COMP &quot;gp[13]&quot; SITE &quot;H4&quot; ;&quot;: " arg1="gp[13]" arg2="C:/DL-labosi/lab3/ulx3s.lpf" arg3="188"  />
    <postMsg mid="1100679" type="Warning" dynamic="2" navigation="2" arg0="C:/DL-labosi/lab3/ulx3s.lpf(189): Semantic error in &quot;LOCATE COMP &quot;gn[13]&quot; SITE &quot;G5&quot; ;&quot;: " arg1="gn[13]" arg2="C:/DL-labosi/lab3/ulx3s.lpf" arg3="189"  />
    <postMsg mid="1100679" type="Warning" dynamic="2" navigation="2" arg0="C:/DL-labosi/lab3/ulx3s.lpf(190): Semantic error in &quot;LOCATE COMP &quot;gp[14]&quot; SITE &quot;U18&quot; ;&quot;: " arg1="gp[14]" arg2="C:/DL-labosi/lab3/ulx3s.lpf" arg3="190"  />
    <postMsg mid="1100679" type="Warning" dynamic="2" navigation="2" arg0="C:/DL-labosi/lab3/ulx3s.lpf(191): Semantic error in &quot;LOCATE COMP &quot;gn[14]&quot; SITE &quot;U17&quot; ;&quot;: " arg1="gn[14]" arg2="C:/DL-labosi/lab3/ulx3s.lpf" arg3="191"  />
    <postMsg mid="1100679" type="Warning" dynamic="2" navigation="2" arg0="C:/DL-labosi/lab3/ulx3s.lpf(192): Semantic error in &quot;LOCATE COMP &quot;gp[15]&quot; SITE &quot;N17&quot; ;&quot;: " arg1="gp[15]" arg2="C:/DL-labosi/lab3/ulx3s.lpf" arg3="192"  />
    <postMsg mid="1100679" type="Warning" dynamic="2" navigation="2" arg0="C:/DL-labosi/lab3/ulx3s.lpf(193): Semantic error in &quot;LOCATE COMP &quot;gn[15]&quot; SITE &quot;P16&quot; ;&quot;: " arg1="gn[15]" arg2="C:/DL-labosi/lab3/ulx3s.lpf" arg3="193"  />
    <postMsg mid="1100679" type="Warning" dynamic="2" navigation="2" arg0="C:/DL-labosi/lab3/ulx3s.lpf(194): Semantic error in &quot;LOCATE COMP &quot;gp[16]&quot; SITE &quot;N16&quot; ;&quot;: " arg1="gp[16]" arg2="C:/DL-labosi/lab3/ulx3s.lpf" arg3="194"  />
    <postMsg mid="1100679" type="Warning" dynamic="2" navigation="2" arg0="C:/DL-labosi/lab3/ulx3s.lpf(195): Semantic error in &quot;LOCATE COMP &quot;gn[16]&quot; SITE &quot;M17&quot; ;&quot;: " arg1="gn[16]" arg2="C:/DL-labosi/lab3/ulx3s.lpf" arg3="195"  />
    <postMsg mid="1100679" type="Warning" dynamic="2" navigation="2" arg0="C:/DL-labosi/lab3/ulx3s.lpf(196): Semantic error in &quot;LOCATE COMP &quot;gp[17]&quot; SITE &quot;L16&quot; ;&quot;: " arg1="gp[17]" arg2="C:/DL-labosi/lab3/ulx3s.lpf" arg3="196"  />
    <postMsg mid="1100679" type="Warning" dynamic="2" navigation="2" arg0="C:/DL-labosi/lab3/ulx3s.lpf(197): Semantic error in &quot;LOCATE COMP &quot;gn[17]&quot; SITE &quot;L17&quot; ;&quot;: " arg1="gn[17]" arg2="C:/DL-labosi/lab3/ulx3s.lpf" arg3="197"  />
    <postMsg mid="1100679" type="Warning" dynamic="2" navigation="2" arg0="C:/DL-labosi/lab3/ulx3s.lpf(198): Semantic error in &quot;LOCATE COMP &quot;gp[18]&quot; SITE &quot;H18&quot; ;&quot;: " arg1="gp[18]" arg2="C:/DL-labosi/lab3/ulx3s.lpf" arg3="198"  />
    <postMsg mid="1100679" type="Warning" dynamic="2" navigation="2" arg0="C:/DL-labosi/lab3/ulx3s.lpf(199): Semantic error in &quot;LOCATE COMP &quot;gn[18]&quot; SITE &quot;H17&quot; ;&quot;: " arg1="gn[18]" arg2="C:/DL-labosi/lab3/ulx3s.lpf" arg3="199"  />
    <postMsg mid="1100679" type="Warning" dynamic="2" navigation="2" arg0="C:/DL-labosi/lab3/ulx3s.lpf(200): Semantic error in &quot;LOCATE COMP &quot;gp[19]&quot; SITE &quot;F17&quot; ;&quot;: " arg1="gp[19]" arg2="C:/DL-labosi/lab3/ulx3s.lpf" arg3="200"  />
    <postMsg mid="1100679" type="Warning" dynamic="2" navigation="2" arg0="C:/DL-labosi/lab3/ulx3s.lpf(201): Semantic error in &quot;LOCATE COMP &quot;gn[19]&quot; SITE &quot;G18&quot; ;&quot;: " arg1="gn[19]" arg2="C:/DL-labosi/lab3/ulx3s.lpf" arg3="201"  />
    <postMsg mid="1100679" type="Warning" dynamic="2" navigation="2" arg0="C:/DL-labosi/lab3/ulx3s.lpf(202): Semantic error in &quot;LOCATE COMP &quot;gp[20]&quot; SITE &quot;D18&quot; ;&quot;: " arg1="gp[20]" arg2="C:/DL-labosi/lab3/ulx3s.lpf" arg3="202"  />
    <postMsg mid="1100679" type="Warning" dynamic="2" navigation="2" arg0="C:/DL-labosi/lab3/ulx3s.lpf(203): Semantic error in &quot;LOCATE COMP &quot;gn[20]&quot; SITE &quot;E17&quot; ;&quot;: " arg1="gn[20]" arg2="C:/DL-labosi/lab3/ulx3s.lpf" arg3="203"  />
    <postMsg mid="1100679" type="Warning" dynamic="2" navigation="2" arg0="C:/DL-labosi/lab3/ulx3s.lpf(204): Semantic error in &quot;LOCATE COMP &quot;gp[21]&quot; SITE &quot;C18&quot; ;&quot;: " arg1="gp[21]" arg2="C:/DL-labosi/lab3/ulx3s.lpf" arg3="204"  />
    <postMsg mid="1100679" type="Warning" dynamic="2" navigation="2" arg0="C:/DL-labosi/lab3/ulx3s.lpf(205): Semantic error in &quot;LOCATE COMP &quot;gn[21]&quot; SITE &quot;D17&quot; ;&quot;: " arg1="gn[21]" arg2="C:/DL-labosi/lab3/ulx3s.lpf" arg3="205"  />
    <postMsg mid="1100679" type="Warning" dynamic="2" navigation="2" arg0="C:/DL-labosi/lab3/ulx3s.lpf(206): Semantic error in &quot;LOCATE COMP &quot;gp[22]&quot; SITE &quot;B15&quot; ;&quot;: " arg1="gp[22]" arg2="C:/DL-labosi/lab3/ulx3s.lpf" arg3="206"  />
    <postMsg mid="1100679" type="Warning" dynamic="2" navigation="2" arg0="C:/DL-labosi/lab3/ulx3s.lpf(207): Semantic error in &quot;LOCATE COMP &quot;gn[22]&quot; SITE &quot;C15&quot; ;&quot;: " arg1="gn[22]" arg2="C:/DL-labosi/lab3/ulx3s.lpf" arg3="207"  />
    <postMsg mid="1100679" type="Warning" dynamic="2" navigation="2" arg0="C:/DL-labosi/lab3/ulx3s.lpf(208): Semantic error in &quot;LOCATE COMP &quot;gp[23]&quot; SITE &quot;B17&quot; ;&quot;: " arg1="gp[23]" arg2="C:/DL-labosi/lab3/ulx3s.lpf" arg3="208"  />
    <postMsg mid="1100679" type="Warning" dynamic="2" navigation="2" arg0="C:/DL-labosi/lab3/ulx3s.lpf(209): Semantic error in &quot;LOCATE COMP &quot;gn[23]&quot; SITE &quot;C17&quot; ;&quot;: " arg1="gn[23]" arg2="C:/DL-labosi/lab3/ulx3s.lpf" arg3="209"  />
    <postMsg mid="1100679" type="Warning" dynamic="2" navigation="2" arg0="C:/DL-labosi/lab3/ulx3s.lpf(210): Semantic error in &quot;LOCATE COMP &quot;gp[24]&quot; SITE &quot;C16&quot; ;&quot;: " arg1="gp[24]" arg2="C:/DL-labosi/lab3/ulx3s.lpf" arg3="210"  />
    <postMsg mid="1100679" type="Warning" dynamic="2" navigation="2" arg0="C:/DL-labosi/lab3/ulx3s.lpf(211): Semantic error in &quot;LOCATE COMP &quot;gn[24]&quot; SITE &quot;D16&quot; ;&quot;: " arg1="gn[24]" arg2="C:/DL-labosi/lab3/ulx3s.lpf" arg3="211"  />
    <postMsg mid="1100679" type="Warning" dynamic="2" navigation="2" arg0="C:/DL-labosi/lab3/ulx3s.lpf(212): Semantic error in &quot;LOCATE COMP &quot;gp[25]&quot; SITE &quot;D14&quot; ;&quot;: " arg1="gp[25]" arg2="C:/DL-labosi/lab3/ulx3s.lpf" arg3="212"  />
    <postMsg mid="1100679" type="Warning" dynamic="2" navigation="2" arg0="C:/DL-labosi/lab3/ulx3s.lpf(213): Semantic error in &quot;LOCATE COMP &quot;gn[25]&quot; SITE &quot;E14&quot; ;&quot;: " arg1="gn[25]" arg2="C:/DL-labosi/lab3/ulx3s.lpf" arg3="213"  />
    <postMsg mid="1100679" type="Warning" dynamic="2" navigation="2" arg0="C:/DL-labosi/lab3/ulx3s.lpf(214): Semantic error in &quot;LOCATE COMP &quot;gp[26]&quot; SITE &quot;B13&quot; ;&quot;: " arg1="gp[26]" arg2="C:/DL-labosi/lab3/ulx3s.lpf" arg3="214"  />
    <postMsg mid="1100679" type="Warning" dynamic="2" navigation="2" arg0="C:/DL-labosi/lab3/ulx3s.lpf(215): Semantic error in &quot;LOCATE COMP &quot;gn[26]&quot; SITE &quot;C13&quot; ;&quot;: " arg1="gn[26]" arg2="C:/DL-labosi/lab3/ulx3s.lpf" arg3="215"  />
    <postMsg mid="1100679" type="Warning" dynamic="2" navigation="2" arg0="C:/DL-labosi/lab3/ulx3s.lpf(216): Semantic error in &quot;LOCATE COMP &quot;gp[27]&quot; SITE &quot;D13&quot; ;&quot;: " arg1="gp[27]" arg2="C:/DL-labosi/lab3/ulx3s.lpf" arg3="216"  />
    <postMsg mid="1100679" type="Warning" dynamic="2" navigation="2" arg0="C:/DL-labosi/lab3/ulx3s.lpf(217): Semantic error in &quot;LOCATE COMP &quot;gn[27]&quot; SITE &quot;E13&quot; ;&quot;: " arg1="gn[27]" arg2="C:/DL-labosi/lab3/ulx3s.lpf" arg3="217"  />
    <postMsg mid="1100679" type="Warning" dynamic="2" navigation="2" arg0="C:/DL-labosi/lab3/ulx3s.lpf(220): Semantic error in &quot;LOCATE COMP &quot;user_programn&quot; SITE &quot;M4&quot; ;&quot;: " arg1="user_programn" arg2="C:/DL-labosi/lab3/ulx3s.lpf" arg3="220"  />
    <postMsg mid="1100644" type="Warning" dynamic="2" navigation="2" arg0="C:/DL-labosi/lab3/ulx3s.lpf(221): Semantic error in &quot;IOBUF PORT &quot;user_programn&quot; PULLMODE=UP IO_TYPE=LVCMOS33 DRIVE=4 ;&quot;: " arg1="user_programn" arg2="C:/DL-labosi/lab3/ulx3s.lpf" arg3="221"  />
    <postMsg mid="1100679" type="Warning" dynamic="2" navigation="2" arg0="C:/DL-labosi/lab3/ulx3s.lpf(224): Semantic error in &quot;LOCATE COMP &quot;shutdown&quot; SITE &quot;G16&quot; ;&quot;: " arg1="shutdown" arg2="C:/DL-labosi/lab3/ulx3s.lpf" arg3="224"  />
    <postMsg mid="1100644" type="Warning" dynamic="2" navigation="2" arg0="C:/DL-labosi/lab3/ulx3s.lpf(225): Semantic error in &quot;IOBUF PORT &quot;shutdown&quot; PULLMODE=DOWN IO_TYPE=LVCMOS33 DRIVE=4 ;&quot;: " arg1="shutdown" arg2="C:/DL-labosi/lab3/ulx3s.lpf" arg3="225"  />
    <postMsg mid="1100679" type="Warning" dynamic="2" navigation="2" arg0="C:/DL-labosi/lab3/ulx3s.lpf(228): Semantic error in &quot;LOCATE COMP &quot;oled_clk&quot; SITE &quot;P4&quot; ;&quot;: " arg1="oled_clk" arg2="C:/DL-labosi/lab3/ulx3s.lpf" arg3="228"  />
    <postMsg mid="1100679" type="Warning" dynamic="2" navigation="2" arg0="C:/DL-labosi/lab3/ulx3s.lpf(229): Semantic error in &quot;LOCATE COMP &quot;oled_mosi&quot; SITE &quot;P3&quot; ;&quot;: " arg1="oled_mosi" arg2="C:/DL-labosi/lab3/ulx3s.lpf" arg3="229"  />
    <postMsg mid="1100679" type="Warning" dynamic="2" navigation="2" arg0="C:/DL-labosi/lab3/ulx3s.lpf(230): Semantic error in &quot;LOCATE COMP &quot;oled_dc&quot; SITE &quot;P1&quot; ;&quot;: " arg1="oled_dc" arg2="C:/DL-labosi/lab3/ulx3s.lpf" arg3="230"  />
    <postMsg mid="1100679" type="Warning" dynamic="2" navigation="2" arg0="C:/DL-labosi/lab3/ulx3s.lpf(231): Semantic error in &quot;LOCATE COMP &quot;oled_resn&quot; SITE &quot;P2&quot; ;&quot;: " arg1="oled_resn" arg2="C:/DL-labosi/lab3/ulx3s.lpf" arg3="231"  />
    <postMsg mid="1100679" type="Warning" dynamic="2" navigation="2" arg0="C:/DL-labosi/lab3/ulx3s.lpf(232): Semantic error in &quot;LOCATE COMP &quot;oled_csn&quot; SITE &quot;N2&quot; ;&quot;: " arg1="oled_csn" arg2="C:/DL-labosi/lab3/ulx3s.lpf" arg3="232"  />
    <postMsg mid="1100644" type="Warning" dynamic="2" navigation="2" arg0="C:/DL-labosi/lab3/ulx3s.lpf(248): Semantic error in &quot;IOBUF PORT &quot;btn_pwr&quot; PULLMODE=UP ;&quot;: " arg1="btn_pwr" arg2="C:/DL-labosi/lab3/ulx3s.lpf" arg3="248"  />
    <postMsg mid="1100644" type="Warning" dynamic="2" navigation="2" arg0="C:/DL-labosi/lab3/ulx3s.lpf(250): Semantic error in &quot;IOBUF PORT &quot;btn_f2&quot; PULLMODE=DOWN ;&quot;: " arg1="btn_f2" arg2="C:/DL-labosi/lab3/ulx3s.lpf" arg3="250"  />
    <postMsg mid="1100644" type="Warning" dynamic="2" navigation="2" arg0="C:/DL-labosi/lab3/ulx3s.lpf(255): Semantic error in &quot;IOBUF PORT &quot;flash_csn&quot; PULLMODE=UP ;&quot;: " arg1="flash_csn" arg2="C:/DL-labosi/lab3/ulx3s.lpf" arg3="255"  />
    <postMsg mid="1100644" type="Warning" dynamic="2" navigation="2" arg0="C:/DL-labosi/lab3/ulx3s.lpf(256): Semantic error in &quot;IOBUF PORT &quot;flash_holdn&quot; PULLMODE=UP ;&quot;: " arg1="flash_holdn" arg2="C:/DL-labosi/lab3/ulx3s.lpf" arg3="256"  />
    <postMsg mid="1100644" type="Warning" dynamic="2" navigation="2" arg0="C:/DL-labosi/lab3/ulx3s.lpf(257): Semantic error in &quot;IOBUF PORT &quot;flash_wpn&quot; PULLMODE=UP ;&quot;: " arg1="flash_wpn" arg2="C:/DL-labosi/lab3/ulx3s.lpf" arg3="257"  />
    <postMsg mid="1100644" type="Warning" dynamic="2" navigation="2" arg0="C:/DL-labosi/lab3/ulx3s.lpf(258): Semantic error in &quot;IOBUF PORT &quot;p_ring2[3]&quot; DRIVE=16 ;&quot;: " arg1="p_ring2[3]" arg2="C:/DL-labosi/lab3/ulx3s.lpf" arg3="258"  />
    <postMsg mid="1100644" type="Warning" dynamic="2" navigation="2" arg0="C:/DL-labosi/lab3/ulx3s.lpf(259): Semantic error in &quot;IOBUF PORT &quot;p_ring2[2]&quot; DRIVE=16 ;&quot;: " arg1="p_ring2[2]" arg2="C:/DL-labosi/lab3/ulx3s.lpf" arg3="259"  />
    <postMsg mid="1100644" type="Warning" dynamic="2" navigation="2" arg0="C:/DL-labosi/lab3/ulx3s.lpf(260): Semantic error in &quot;IOBUF PORT &quot;p_ring2[1]&quot; DRIVE=16 ;&quot;: " arg1="p_ring2[1]" arg2="C:/DL-labosi/lab3/ulx3s.lpf" arg3="260"  />
    <postMsg mid="1100644" type="Warning" dynamic="2" navigation="2" arg0="C:/DL-labosi/lab3/ulx3s.lpf(261): Semantic error in &quot;IOBUF PORT &quot;p_ring2[0]&quot; DRIVE=16 ;&quot;: " arg1="p_ring2[0]" arg2="C:/DL-labosi/lab3/ulx3s.lpf" arg3="261"  />
    <postMsg mid="1100644" type="Warning" dynamic="2" navigation="2" arg0="C:/DL-labosi/lab3/ulx3s.lpf(262): Semantic error in &quot;IOBUF PORT &quot;p_ring[3]&quot; DRIVE=16 ;&quot;: " arg1="p_ring[3]" arg2="C:/DL-labosi/lab3/ulx3s.lpf" arg3="262"  />
    <postMsg mid="1100644" type="Warning" dynamic="2" navigation="2" arg0="C:/DL-labosi/lab3/ulx3s.lpf(263): Semantic error in &quot;IOBUF PORT &quot;p_ring[2]&quot; DRIVE=16 ;&quot;: " arg1="p_ring[2]" arg2="C:/DL-labosi/lab3/ulx3s.lpf" arg3="263"  />
    <postMsg mid="1100644" type="Warning" dynamic="2" navigation="2" arg0="C:/DL-labosi/lab3/ulx3s.lpf(264): Semantic error in &quot;IOBUF PORT &quot;p_ring[1]&quot; DRIVE=16 ;&quot;: " arg1="p_ring[1]" arg2="C:/DL-labosi/lab3/ulx3s.lpf" arg3="264"  />
    <postMsg mid="1100644" type="Warning" dynamic="2" navigation="2" arg0="C:/DL-labosi/lab3/ulx3s.lpf(265): Semantic error in &quot;IOBUF PORT &quot;p_ring[0]&quot; DRIVE=16 ;&quot;: " arg1="p_ring[0]" arg2="C:/DL-labosi/lab3/ulx3s.lpf" arg3="265"  />
    <postMsg mid="1100644" type="Warning" dynamic="2" navigation="2" arg0="C:/DL-labosi/lab3/ulx3s.lpf(266): Semantic error in &quot;IOBUF PORT &quot;p_tip[3]&quot; DRIVE=16 ;&quot;: " arg1="p_tip[3]" arg2="C:/DL-labosi/lab3/ulx3s.lpf" arg3="266"  />
    <postMsg mid="1100644" type="Warning" dynamic="2" navigation="2" arg0="C:/DL-labosi/lab3/ulx3s.lpf(267): Semantic error in &quot;IOBUF PORT &quot;p_tip[2]&quot; DRIVE=16 ;&quot;: " arg1="p_tip[2]" arg2="C:/DL-labosi/lab3/ulx3s.lpf" arg3="267"  />
    <postMsg mid="1100644" type="Warning" dynamic="2" navigation="2" arg0="C:/DL-labosi/lab3/ulx3s.lpf(268): Semantic error in &quot;IOBUF PORT &quot;p_tip[1]&quot; DRIVE=16 ;&quot;: " arg1="p_tip[1]" arg2="C:/DL-labosi/lab3/ulx3s.lpf" arg3="268"  />
    <postMsg mid="1100644" type="Warning" dynamic="2" navigation="2" arg0="C:/DL-labosi/lab3/ulx3s.lpf(269): Semantic error in &quot;IOBUF PORT &quot;p_tip[0]&quot; DRIVE=16 ;&quot;: " arg1="p_tip[0]" arg2="C:/DL-labosi/lab3/ulx3s.lpf" arg3="269"  />
Loading device for application map from file 'sa5p25.nph' in environment: C:/lscc/diamond/3.11_x64/ispfpga.
Package Status:                     Final          Version 1.33.

    <postMsg mid="52101275" type="Warning" dynamic="3" navigation="0" arg0="DRIVE" arg1="4" arg2="clk_25m_pad/IOBUF"  />
Running general design DRC...

Removing unused logic...

Optimizing...




Design Summary:
   Number of registers:     73 out of 12687 (1%)
      PFU registers:           72 out of 12096 (1%)
      PIO registers:            1 out of   591 (0%)
   Number of SLICEs:        74 out of  6048 (1%)
      SLICEs as Logic/ROM:     74 out of  6048 (1%)
      SLICEs as RAM:            0 out of  4536 (0%)
      SLICEs as Carry:         29 out of  6048 (0%)
   Number of LUT4s:        137 out of 12096 (1%)
      Number used as logic LUTs:         79
      Number used as distributed RAM:     0
      Number used as ripple logic:       58
      Number used as shift registers:     0
   Number of PIO sites used: 19 out of 197 (10%)
   Number of block RAMs:  0 out of 32 (0%)
   Number of GSRs:  0 out of 1 (0%)
   JTAG used :      No
   Readback used :  No
   Oscillator used :  No
   Startup used :   No
   DTR used :   No
   Number of Dynamic Bank Controller (BCINRD):  0 out of 4 (0%)
   Number of Dynamic Bank Controller (BCLVDSOB):  0 out of 4 (0%)
   Number of DCC:  0 out of 60 (0%)
   Number of DCS:  0 out of 2 (0%)
   Number of PLLs:  0 out of 2 (0%)
   Number of DDRDLLs:  0 out of 4 (0%)
   Number of CLKDIV:  0 out of 4 (0%)
   Number of ECLKSYNC:  0 out of 10 (0%)
   Number of ECLKBRIDGECS:  0 out of 2 (0%)
   Notes:-
      1. Total number of LUT4s = (Number of logic LUT4s) + 2*(Number of distributed RAMs) + 2*(Number of ripple logic)
      2. Number of logic LUT4s does not include count of distributed RAM and ripple logic.

   Number Of Mapped DSP Components:
   --------------------------------
   MULT18X18D          0
   MULT9X9D            0
   ALU54B              0
   ALU24B              0
   PRADD18A            0
   PRADD9A             0
   --------------------------------
   Number of Used DSP MULT Sites:  0 out of 56 (0 %)
   Number of Used DSP ALU Sites:  0 out of 28 (0 %)
   Number of Used DSP PRADD Sites:  0 out of 56 (0 %)
   Number of clocks:  1
     Net clk_25m_c: 40 loads, 40 rising, 0 falling (Driver: PIO clk_25m )
   Number of Clock Enables:  3
     Net serializer.R_tx_ser_1_sqmuxa_i: 5 loads, 4 LSLICEs
     Net serializer/un1_R_debounce_cnt_1_i: 16 loads, 16 LSLICEs
     Net serializer/r_tx_tickcnt12: 2 loads, 2 LSLICEs
   Number of LSRs:  2
     Net serializer/un1_byte_in_i: 17 loads, 17 LSLICEs
     Net serializer/R_tx_phase_0_sqmuxa: 2 loads, 2 LSLICEs
   Number of nets driven by tri-state buffers:  0
   Top 10 highest fanout non-clock nets:
     Net serializer/un1_byte_in_i: 17 loads
     Net serializer/un1_R_debounce_cnt_1_i: 16 loads
     Net btn_left_c: 15 loads
     Net serializer/r_tx_tickcnt12: 15 loads
     Net btn_f1_c: 13 loads
     Net serializer/un6_r_tx_tickcnt: 12 loads
     Net N_58: 10 loads
     Net btn_right_c: 8 loads
     Net N_18: 8 loads
     Net btn_up_c: 7 loads
 

   Number of warnings:  182
   Number of errors:    0



Total CPU Time: 0 secs  
Total REAL Time: 0 secs  
Peak Memory Usage: 109 MB

Dumping design to file lab3_impl1_map.ncd.

mpartrce -p "lab3_impl1.p2t" -f "lab3_impl1.p3t" -tf "lab3_impl1.pt" "lab3_impl1_map.ncd" "lab3_impl1.ncd"

---- MParTrce Tool ----
Removing old design directory at request of -rem command line option to this program.
Running par. Please wait . . .

Lattice Place and Route Report for Design "lab3_impl1_map.ncd"
Wed Dec 06 18:37:36 2023

PAR: Place And Route Diamond (64-bit) 3.11.0.396.4.
Command Line: par -w -l 5 -i 6 -t 1 -c 0 -e 0 -gui -msgset C:/DL-labosi/lab3/promote.xml -exp parUseNBR=1:parCDP=auto:parCDR=1:parPathBased=OFF lab3_impl1_map.ncd lab3_impl1.dir/5_1.ncd lab3_impl1.prf
Preference file: lab3_impl1.prf.
Placement level-cost: 5-1.
Routing Iterations: 6

Loading design for application par from file lab3_impl1_map.ncd.
Design name: slova
NCD version: 3.3
Vendor:      LATTICE
Device:      LFE5U-12F
Package:     CABGA381
Performance: 6
Loading device for application par from file 'sa5p25.nph' in environment: C:/lscc/diamond/3.11_x64/ispfpga.
Package Status:                     Final          Version 1.33.
Performance Hardware Data Status:   Final          Version 55.1.
License checked out.


Ignore Preference Error(s):  True
Device utilization summary:

   PIO (prelim)      19/197           9% used
                     19/197           9% bonded
   IOLOGIC            1/199          <1% used

   SLICE             74/6048          1% used



Number of Signals: 236
Number of Connections: 528

Pin Constraint Summary:
   19 out of 19 pins locked (100% locked).

The following 1 signal is selected to use the primary clock routing resources:
    clk_25m_c (driver: clk_25m, clk/ce/sr load #: 40/0/0)


No signal is selected as Global Set/Reset.
Starting Placer Phase 0.
.......
Finished Placer Phase 0.  REAL time: 2 secs 

Starting Placer Phase 1.
...................
Placer score = 45004.
Finished Placer Phase 1.  REAL time: 6 secs 

Starting Placer Phase 2.
.
Placer score =  44597
Finished Placer Phase 2.  REAL time: 6 secs 


------------------ Clock Report ------------------

Global Clock Resources:
  CLK_PIN    : 1 out of 12 (8%)
  GR_PCLK    : 0 out of 12 (0%)
  PLL        : 0 out of 2 (0%)
  DCS        : 0 out of 2 (0%)
  DCC        : 0 out of 60 (0%)
  CLKDIV     : 0 out of 4 (0%)

Quadrant TL Clocks:
  PRIMARY "clk_25m_c" from comp "clk_25m" on CLK_PIN site "G2 (PL26A)", CLK/CE/SR load = 4

  PRIMARY  : 1 out of 16 (6%)

Quadrant TR Clocks:

  PRIMARY  : 0 out of 16 (0%)

Quadrant BL Clocks:
  PRIMARY "clk_25m_c" from comp "clk_25m" on CLK_PIN site "G2 (PL26A)", CLK/CE/SR load = 36

  PRIMARY  : 1 out of 16 (6%)

Quadrant BR Clocks:

  PRIMARY  : 0 out of 16 (0%)

Edge Clocks:

  No edge clock selected.


--------------- End of Clock Report ---------------


+
I/O Usage Summary (final):
   19 out of 197 (9.6%) PIO sites used.
   19 out of 197 (9.6%) bonded PIO sites used.
   Number of PIO comps: 19; differential: 0.
   Number of Vref pins used: 0.

I/O Bank Usage Summary:
+----------+---------------+------------+------------+------------+
| I/O Bank | Usage         | Bank Vccio | Bank Vref1 | Bank Vref2 |
+----------+---------------+------------+------------+------------+
| 0        | 4 / 24 ( 16%) | 3.3V       | -          | -          |
| 1        | 0 / 32 (  0%) | -          | -          | -          |
| 2        | 1 / 32 (  3%) | 3.3V       | -          | -          |
| 3        | 1 / 32 (  3%) | 3.3V       | -          | -          |
| 6        | 2 / 32 (  6%) | 3.3V       | -          | -          |
| 7        | 8 / 32 ( 25%) | 3.3V       | -          | -          |
| 8        | 3 / 13 ( 23%) | 3.3V       | -          | -          |
+----------+---------------+------------+------------+------------+

Total placer CPU time: 2 secs 

Dumping design to file lab3_impl1.dir/5_1.ncd.

0 connections routed; 528 unrouted.
Starting router resource preassignment

Completed router resource preassignment. Real time: 9 secs 

Start NBR router at 18:37:45 12/06/23

*****************************************************************
Info: NBR allows conflicts(one node used by more than one signal)
      in the earlier iterations. In each iteration, it tries to  
      solve the conflicts while keeping the critical connections 
      routed as short as possible. The routing process is said to
      be completed when no conflicts exist and all connections   
      are routed.                                                
Note: NBR uses a different method to calculate timing slacks. The
      worst slack and total negative slack may not be the same as
      that in TRCE report. You should always run TRCE to verify  
      your design.                                               
*****************************************************************

Start NBR special constraint process at 18:37:45 12/06/23

Start NBR section for initial routing at 18:37:45 12/06/23
Level 4, iteration 1
14(0.00%) conflicts; 0(0.00%) untouched conn; 0 (nbr) score; 
Estimated worst slack/total negative slack<setup>: 33.259ns/0.000ns; real time: 9 secs 

Info: Initial congestion level at 75% usage is 0
Info: Initial congestion area  at 75% usage is 0 (0.00%)

Start NBR section for normal routing at 18:37:45 12/06/23
Level 4, iteration 1
5(0.00%) conflicts; 0(0.00%) untouched conn; 0 (nbr) score; 
Estimated worst slack/total negative slack<setup>: 33.259ns/0.000ns; real time: 9 secs 
Level 4, iteration 2
3(0.00%) conflicts; 0(0.00%) untouched conn; 0 (nbr) score; 
Estimated worst slack/total negative slack<setup>: 33.259ns/0.000ns; real time: 9 secs 
Level 4, iteration 3
1(0.00%) conflict; 0(0.00%) untouched conn; 0 (nbr) score; 
Estimated worst slack/total negative slack<setup>: 33.259ns/0.000ns; real time: 9 secs 
Level 4, iteration 4
0(0.00%) conflict; 0(0.00%) untouched conn; 0 (nbr) score; 
Estimated worst slack/total negative slack<setup>: 33.259ns/0.000ns; real time: 9 secs 

Start NBR section for setup/hold timing optimization with effort level 3 at 18:37:45 12/06/23

Start NBR section for re-routing at 18:37:46 12/06/23
Level 4, iteration 1
0(0.00%) conflict; 0(0.00%) untouched conn; 0 (nbr) score; 
Estimated worst slack/total negative slack<setup>: 33.259ns/0.000ns; real time: 10 secs 

Start NBR section for post-routing at 18:37:46 12/06/23

End NBR router with 0 unrouted connection

NBR Summary
-----------
  Number of unrouted connections : 0 (0.00%)
  Number of connections with timing violations : 0 (0.00%)
  Estimated worst slack<setup> : 33.259ns
  Timing score<setup> : 0
-----------
Notes: The timing info is calculated for SETUP only and all PAR_ADJs are ignored.



Total CPU time 4 secs 
Total REAL time: 10 secs 
Completely routed.
End of route.  528 routed (100.00%); 0 unrouted.

Hold time timing score: 0, hold timing errors: 0

Timing score: 0 

Dumping design to file lab3_impl1.dir/5_1.ncd.


PAR_SUMMARY::Run status = Completed
PAR_SUMMARY::Number of unrouted conns = 0
PAR_SUMMARY::Worst  slack<setup/<ns>> = 33.259
PAR_SUMMARY::Timing score<setup/<ns>> = 0.000
PAR_SUMMARY::Worst  slack<hold /<ns>> = 0.178
PAR_SUMMARY::Timing score<hold /<ns>> = 0.000
PAR_SUMMARY::Number of errors = 0

Total CPU  time to completion: 4 secs 
Total REAL time to completion: 10 secs 

par done!

Note: user must run 'Trace' for timing closure signoff.

Copyright (c) 1991-1994 by NeoCAD Inc. All rights reserved.
Copyright (c) 1995 AT&T Corp.   All rights reserved.
Copyright (c) 1995-2001 Lucent Technologies Inc.  All rights reserved.
Copyright (c) 2001 Agere Systems   All rights reserved.
Copyright (c) 2002-2019 Lattice Semiconductor Corporation,  All rights reserved.
Exiting par with exit code 0
Exiting mpartrce with exit code 0

trce -f "lab3_impl1.pt" -o "lab3_impl1.twr" "lab3_impl1.ncd" "lab3_impl1.prf"
trce:  version Diamond (64-bit) 3.11.0.396.4

Copyright (c) 1991-1994 by NeoCAD Inc. All rights reserved.
Copyright (c) 1995 AT&T Corp.   All rights reserved.
Copyright (c) 1995-2001 Lucent Technologies Inc.  All rights reserved.
Copyright (c) 2001 Agere Systems   All rights reserved.
Copyright (c) 2002-2019 Lattice Semiconductor Corporation,  All rights reserved.

Loading design for application trce from file lab3_impl1.ncd.
Design name: slova
NCD version: 3.3
Vendor:      LATTICE
Device:      LFE5U-12F
Package:     CABGA381
Performance: 6
Loading device for application trce from file 'sa5p25.nph' in environment: C:/lscc/diamond/3.11_x64/ispfpga.
Package Status:                     Final          Version 1.33.
Performance Hardware Data Status:   Final          Version 55.1.
Setup and Hold Report

--------------------------------------------------------------------------------
Lattice TRACE Report - Setup, Version Diamond (64-bit) 3.11.0.396.4
Wed Dec 06 18:37:47 2023

Copyright (c) 1991-1994 by NeoCAD Inc. All rights reserved.
Copyright (c) 1995 AT&T Corp.   All rights reserved.
Copyright (c) 1995-2001 Lucent Technologies Inc.  All rights reserved.
Copyright (c) 2001 Agere Systems   All rights reserved.
Copyright (c) 2002-2019 Lattice Semiconductor Corporation,  All rights reserved.

Report Information
------------------
Command line:    trce -v 10 -gt -sethld -sp 6 -sphld m -o lab3_impl1.twr -gui -msgset C:/DL-labosi/lab3/promote.xml lab3_impl1.ncd lab3_impl1.prf 
Design file:     lab3_impl1.ncd
Preference file: lab3_impl1.prf
Device,speed:    LFE5U-12F,6
Report level:    verbose report, limited to 10 items per preference
--------------------------------------------------------------------------------

BLOCK ASYNCPATHS
BLOCK RESETPATHS
BLOCK JTAG PATHS
--------------------------------------------------------------------------------



Timing summary (Setup):
---------------

Timing errors: 0  Score: 0
Cumulative negative slack: 0

Constraints cover 1968 paths, 1 nets, and 381 connections (72.16% coverage)

--------------------------------------------------------------------------------
Lattice TRACE Report - Hold, Version Diamond (64-bit) 3.11.0.396.4
Wed Dec 06 18:37:48 2023

Copyright (c) 1991-1994 by NeoCAD Inc. All rights reserved.
Copyright (c) 1995 AT&T Corp.   All rights reserved.
Copyright (c) 1995-2001 Lucent Technologies Inc.  All rights reserved.
Copyright (c) 2001 Agere Systems   All rights reserved.
Copyright (c) 2002-2019 Lattice Semiconductor Corporation,  All rights reserved.

Report Information
------------------
Command line:    trce -v 10 -gt -sethld -sp 6 -sphld m -o lab3_impl1.twr -gui -msgset C:/DL-labosi/lab3/promote.xml lab3_impl1.ncd lab3_impl1.prf 
Design file:     lab3_impl1.ncd
Preference file: lab3_impl1.prf
Device,speed:    LFE5U-12F,m
Report level:    verbose report, limited to 10 items per preference
--------------------------------------------------------------------------------

BLOCK ASYNCPATHS
BLOCK RESETPATHS
BLOCK JTAG PATHS
--------------------------------------------------------------------------------



Timing summary (Hold):
---------------

Timing errors: 0  Score: 0
Cumulative negative slack: 0

Constraints cover 1968 paths, 1 nets, and 381 connections (72.16% coverage)



Timing summary (Setup and Hold):
---------------

Timing errors: 0 (setup), 0 (hold)
Score: 0 (setup), 0 (hold)
Cumulative negative slack: 0 (0+0)
--------------------------------------------------------------------------------

--------------------------------------------------------------------------------

Total CPU Time: 0 secs 
Total REAL Time: 2 secs 
Peak Memory Usage: 163 MB


tmcheck -par "lab3_impl1.par" 

bitgen -w "lab3_impl1.ncd" -f "lab3_impl1.t2b" -e -s "C:/DL-labosi/lab3/lab3.sec" -k "C:/DL-labosi/lab3/lab3.bek" "lab3_impl1.prf"


BITGEN: Bitstream Generator Diamond (64-bit) 3.11.0.396.4
Copyright (c) 1991-1994 by NeoCAD Inc. All rights reserved.
Copyright (c) 1995 AT&T Corp.   All rights reserved.
Copyright (c) 1995-2001 Lucent Technologies Inc.  All rights reserved.
Copyright (c) 2001 Agere Systems   All rights reserved.
Copyright (c) 2002-2019 Lattice Semiconductor Corporation,  All rights reserved.


Loading design for application Bitgen from file lab3_impl1.ncd.
Design name: slova
NCD version: 3.3
Vendor:      LATTICE
Device:      LFE5U-12F
Package:     CABGA381
Performance: 6
Loading device for application Bitgen from file 'sa5p25.nph' in environment: C:/lscc/diamond/3.11_x64/ispfpga.
Package Status:                     Final          Version 1.33.
Performance Hardware Data Status:   Final          Version 55.1.

Running DRC.
DRC detected 0 errors and 0 warnings.
Reading Preference File from lab3_impl1.prf.

Preference Summary:
+---------------------------------+---------------------------------+
|  Preference                     |  Current Setting                |
+---------------------------------+---------------------------------+
|                         RamCfg  |                        Reset**  |
+---------------------------------+---------------------------------+
|                        CfgMode  |                      Disable**  |
+---------------------------------+---------------------------------+
|                        DONE_EX  |                          OFF**  |
+---------------------------------+---------------------------------+
|                        DONE_OD  |                           ON**  |
+---------------------------------+---------------------------------+
|                     MCCLK_FREQ  |                             62  |
+---------------------------------+---------------------------------+
|                  CONFIG_SECURE  |                          OFF**  |
+---------------------------------+---------------------------------+
|                    CONFIG_MODE  |                         JTAG**  |
+---------------------------------+---------------------------------+
|                        WAKE_UP  |                           21**  |
+---------------------------------+---------------------------------+
|                          INBUF  |                          OFF**  |
+---------------------------------+---------------------------------+
|                             ES  |                           No**  |
+---------------------------------+---------------------------------+
|                 SLAVE_SPI_PORT  |                      DISABLE**  |
+---------------------------------+---------------------------------+
|                MASTER_SPI_PORT  |                      DISABLE**  |
+---------------------------------+---------------------------------+
|                COMPRESS_CONFIG  |                             ON  |
+---------------------------------+---------------------------------+
|            BACKGROUND_RECONFIG  |                          OFF**  |
+---------------------------------+---------------------------------+
|                     DisableUES  |                        FALSE**  |
+---------------------------------+---------------------------------+
|            SLAVE_PARALLEL_PORT  |                      DISABLE**  |
+---------------------------------+---------------------------------+
|                      DONE_PULL  |                           ON**  |
+---------------------------------+---------------------------------+
|               CONFIG_IOVOLTAGE  |                            3.3  |
+---------------------------------+---------------------------------+
|                        TRANSFR  |                          OFF**  |
+---------------------------------+---------------------------------+
 *  Default setting.
 ** The specified setting matches the default setting.


Creating bit map...
 
Bitstream Status: Final           Version 10.27.
 
Saving bit stream in "lab3_impl1.bit".
Total CPU Time: 1 secs 
Total REAL Time: 3 secs 
Peak Memory Usage: 269 MB

ddtcmd -dev LFE5U-12F -if lab3_impl1.bit -oft -int -of lab3_impl1.mcs 
Lattice Diamond Deployment Tool 3.11 Command Line

Loading Programmer Device Database...

Generating Bitstream.....
Device Name: LFE5U-12F
Reading Input File: lab3_impl1.bit
Format:  Single Intel Hex
Output File: lab3_impl1.mcs
Start generation.
Generating Intel Hex.....
Processing file lab3_impl1.bit ......
File lab3_impl1.bit processed successfully.

The file lab3_impl1.mcs was generated successfully.

Lattice Diamond Deployment Tool has exited successfully.

