10 1 1
10 1 1
10 1 1
13 5 144 704 btn_f1
13 8 144 704 1
13 0 224 752 240 752
13 2 224 752 240 752
13 7 224 752
13 8 224 752 0
13 8 224 752 0
13 7 144 704
13 8 144 704 0
13 5 192 752 btn_f1
13 8 144 704 1
13 8 192 752 1
13 2 240 752 400 752
13 0 192 752 400 752
13 0 1984 432 2064 432
13 2 1984 432 2064 432
13 2 1968 432 1984 432
17 0 14
17 0 10
17 0 23
17 0 16
17 0 15
17 0 21
17 0 17
17 0 11
17 0 12
17 0 18
17 0 19
17 0 25
17 0 24
17 0 22
17 0 13
17 0 20
13 2 368 208 1232 208
13 2 368 240 672 240
13 2 400 272 672 272
13 2 816 288 1776 288
13 2 432 304 672 304
13 2 464 336 672 336
13 2 496 368 1296 368
13 2 592 400 624 400
13 2 624 400 672 400
13 2 816 416 848 416
13 2 848 416 1040 416
13 2 576 432 672 432
13 2 880 448 1040 448
13 2 432 464 576 464
13 2 1184 464 1744 464
13 2 912 480 1040 480
13 0 1776 480 1808 480
13 2 1776 480 1808 480
13 0 272 496 336 496
13 2 272 496 336 496
13 2 336 496 496 496
13 2 496 496 672 496
13 2 944 512 1040 512
13 2 816 528 880 528
13 0 1744 528 1808 528
13 2 1744 528 1808 528
13 2 368 544 672 544
13 2 1296 560 1328 560
13 2 976 576 1040 576
13 0 1472 576 1808 576
13 2 1472 576 1808 576
13 2 464 592 912 592
13 2 912 592 976 592
13 2 1184 592 1328 592
13 2 1008 608 1040 608
13 0 272 624 368 624
13 2 272 624 368 624
13 2 400 624 944 624
13 0 1184 624 1808 624
13 2 1184 624 1808 624
13 2 432 656 1008 656
13 0 1712 672 1808 672
13 2 1712 672 1808 672
13 2 848 688 1040 688
13 2 1232 688 1328 688
13 2 1472 704 1536 704
13 2 400 720 1040 720
13 2 1232 720 1328 720
13 0 1680 720 1808 720
13 2 1680 720 1808 720
13 2 1504 736 1536 736
13 0 272 752 400 752
13 2 272 752 400 752
13 2 624 752 704 752
13 2 704 752 976 752
13 2 976 768 1232 768
13 0 1760 768 1808 768
13 2 1760 768 1808 768
13 2 704 784 752 784
13 2 368 800 496 800
13 2 896 800 1040 800
13 2 640 816 752 816
13 2 464 832 496 832
13 2 896 832 1040 832
13 2 1184 832 1712 832
13 2 704 864 896 864
13 2 928 864 1040 864
13 0 272 880 432 880
13 2 272 880 432 880
13 2 432 880 704 880
13 2 400 912 752 912
13 2 896 928 928 928
13 2 336 944 752 944
13 2 464 976 1504 976
13 0 272 1008 464 1008
13 2 272 1008 464 1008
13 2 464 1024 656 1024
13 2 656 1056 752 1056
13 2 432 1072 480 1072
13 2 624 1088 752 1088
13 2 336 1104 480 1104
13 2 896 1104 1760 1104
13 2 656 1120 752 1120
13 2 400 1152 656 1152
13 2 688 1152 752 1152
13 2 368 1200 688 1200
13 0 336 496 336 944
13 2 336 496 336 944
13 2 336 944 336 1104
13 0 368 208 368 240
13 2 368 208 368 240
13 0 368 240 368 544
13 2 368 240 368 544
13 0 368 544 368 624
13 2 368 544 368 624
13 0 368 624 368 800
13 2 368 624 368 800
13 2 368 800 368 1200
13 0 400 272 400 624
13 2 400 272 400 624
13 0 400 624 400 720
13 2 400 624 400 720
13 0 400 720 400 752
13 2 400 720 400 752
13 0 400 752 400 912
13 2 400 752 400 912
13 2 400 912 400 1152
13 0 432 304 432 464
13 2 432 304 432 464
13 0 432 464 432 656
13 2 432 464 432 656
13 0 432 656 432 880
13 2 432 656 432 880
13 2 432 880 432 1072
13 0 464 336 464 592
13 2 464 336 464 592
13 0 464 592 464 832
13 2 464 592 464 832
13 0 464 832 464 976
13 2 464 832 464 976
13 0 464 976 464 1008
13 2 464 976 464 1008
13 2 464 1008 464 1024
13 0 496 368 496 400
13 2 496 368 496 400
13 2 496 400 496 496
13 2 576 432 576 464
13 2 624 400 624 752
13 2 656 1024 656 1056
13 2 656 1120 656 1152
13 2 672 496 672 512
13 2 688 1152 688 1200
13 2 704 752 704 784
13 2 704 864 704 880
13 2 848 416 848 688
13 2 880 448 880 528
13 2 896 832 896 864
13 2 912 480 912 592
13 2 928 864 928 928
13 2 944 512 944 624
13 2 976 576 976 592
13 2 976 752 976 768
13 2 1008 608 1008 656
13 2 1184 624 1184 704
13 2 1232 208 1232 688
13 2 1232 720 1232 768
13 2 1296 368 1296 560
13 2 1504 736 1504 976
13 2 1712 672 1712 832
13 2 1744 464 1744 528
13 2 1760 768 1760 1104
13 2 1776 288 1776 480
17 0 or4 1664 384 0
13 0 272 1008 1664 1008
13 0 1664 1008 1664 528
13 0 272 880 1632 880
13 0 1632 880 1632 496
13 0 1632 496 1680 496
13 0 1632 496 1664 496
13 0 1664 496 1680 496
13 2 1664 496 1680 496
13 2 1632 496 1664 496
13 0 1632 496 1664 496
13 0 272 624 1536 624
13 0 1536 624 1536 432
13 0 1536 432 1664 432
13 0 272 752 1600 752
13 0 1600 752 1600 464
13 0 1600 464 1664 464
13 2 1536 432 1664 432
13 2 1600 464 1664 464
13 2 1808 480 2032 480
13 2 1632 496 1664 496
13 2 1664 528 1664 1008
17 0 20
17 0 or4 1680 352 0
13 0 1648 400 1680 400
13 0 1648 400 1648 432
13 0 1536 432 1648 432
13 0 1664 432 1680 432
13 0 1664 432 1664 464
13 0 1600 464 1664 464
13 0 1824 448 1824 480
13 0 1824 480 2032 480
13 0 1680 464 1680 496
13 0 1632 496 1680 496
13 0 1680 496 1664 496
13 0 1664 496 1664 1008
13 2 1632 496 1680 496
13 2 1680 464 1680 496
13 2 1824 480 2032 480
13 2 1824 448 1824 480
13 2 1600 464 1664 464
13 2 1664 432 1664 464
13 2 1664 432 1680 432
13 2 1536 432 1648 432
13 2 1648 400 1648 432
13 2 1648 400 1680 400
17 0 20
17 0 or4 1664 384 0
13 0 1664 528 1664 1008
13 0 1632 496 1664 496
13 0 1808 480 2032 480
13 0 1600 464 1664 464
13 0 1536 432 1664 432
13 0 1536 528 1536 432
13 2 1536 432 1536 528
13 2 1536 528 1536 624
13 0 1232 528 1232 624
13 0 1232 624 1536 624
13 0 1232 528 1232 432
13 0 1232 432 1536 432
13 0 1408 624 1536 624
13 2 1408 624 1536 624
13 2 1232 624 1408 624
13 0 1600 512 1600 464
13 2 1600 464 1600 512
13 2 1600 512 1600 752
13 0 1600 512 1600 752
13 0 1600 512 1600 464
13 0 1600 512 1600 464
13 2 1600 464 1600 512
13 2 1600 512 1600 752
13 0 1264 528 1264 752
13 0 1264 752 1600 752
13 0 1264 528 1264 464
13 0 1264 464 1600 464
13 0 1472 752 1600 752
13 2 1472 752 1600 752
13 2 1264 752 1472 752
13 0 1632 688 1632 496
13 2 1632 496 1632 688
13 2 1632 688 1632 880
13 0 1312 672 1312 880
13 0 1312 880 1632 880
13 0 1312 672 1312 496
13 0 1312 496 1632 496
13 0 1456 880 1632 880
13 2 1456 880 1632 880
13 2 1312 880 1456 880
13 0 1664 736 1664 528
13 2 1664 528 1664 736
13 2 1664 736 1664 1008
13 0 1360 736 1360 1008
13 0 1360 1008 1664 1008
13 0 1360 736 1360 528
13 0 1360 528 1664 528
13 0 1488 1008 1664 1008
13 2 1488 1008 1664 1008
13 2 1360 1008 1488 1008
13 2 1232 432 1664 432
13 2 1264 464 1664 464
13 2 1808 480 2032 480
13 2 1312 496 1664 496
13 2 1360 528 1664 528
17 0 20
17 0 or4 1664 160 0
13 0 1616 208 1664 208
13 0 1616 208 1616 432
13 0 1232 432 1616 432
13 0 1632 240 1664 240
13 0 1632 240 1632 464
13 0 1264 464 1632 464
13 0 1808 256 1808 480
13 0 1808 480 2032 480
13 0 1648 272 1664 272
13 0 1648 272 1648 496
13 0 1312 496 1648 496
13 0 1664 304 1664 528
13 0 1360 528 1664 528
13 0 1872 480 2032 480
13 2 1872 480 2032 480
13 2 1808 480 1872 480
13 0 1856 336 1808 336
13 0 1808 336 1808 480
13 0 1856 336 2032 336
13 0 2032 336 2032 480
13 0 1808 384 1808 336
13 2 1808 336 1808 384
13 2 1808 384 1808 480
13 0 1520 432 1616 432
13 2 1520 432 1616 432
13 2 1232 432 1520 432
13 0 1520 208 1232 208
13 0 1232 208 1232 432
13 0 1520 208 1616 208
13 0 1616 208 1616 432
13 0 1616 224 1616 208
13 2 1616 208 1616 224
13 2 1616 224 1616 432
13 0 1504 464 1632 464
13 2 1504 464 1632 464
13 2 1264 464 1504 464
13 0 1536 240 1264 240
13 0 1264 240 1264 464
13 0 1536 240 1632 240
13 0 1632 240 1632 464
13 0 1632 256 1632 240
13 2 1632 240 1632 256
13 2 1632 256 1632 464
13 0 1520 496 1648 496
13 2 1520 496 1648 496
13 2 1312 496 1520 496
13 0 1552 272 1312 272
13 0 1312 272 1312 496
13 0 1552 272 1648 272
13 0 1648 272 1648 496
13 0 1648 368 1648 272
13 2 1648 272 1648 368
13 2 1648 368 1648 496
13 0 1552 528 1664 528
13 2 1552 528 1664 528
13 2 1360 528 1552 528
13 0 1568 304 1360 304
13 0 1360 304 1360 528
13 0 1568 304 1664 304
13 0 1664 304 1664 528
13 0 1664 384 1664 304
13 2 1664 304 1664 384
13 2 1664 384 1664 528
17 0 or3 1664 448 0
13 0 1360 560 1664 560
13 0 1312 528 1664 528
13 0 1264 496 1664 496
13 2 1264 496 1664 496
13 2 1312 528 1664 528
13 2 1808 528 2000 528
13 2 1360 560 1664 560
17 0 13
17 0 or3 1664 320 0
13 0 1632 368 1664 368
13 0 1632 368 1632 496
13 0 1264 496 1632 496
13 0 1648 400 1664 400
13 0 1648 400 1648 528
13 0 1312 528 1648 528
13 0 1808 400 1808 528
13 0 1808 528 2000 528
13 0 1664 432 1664 560
13 0 1360 560 1664 560
13 0 1840 528 2000 528
13 2 1840 528 2000 528
13 2 1808 528 1840 528
13 0 1840 400 1808 400
13 0 1808 400 1808 528
13 0 1840 400 2000 400
13 0 2000 400 2000 528
13 0 1808 448 1808 400
13 2 1808 400 1808 448
13 2 1808 448 1808 528
13 0 1488 496 1632 496
13 2 1488 496 1632 496
13 2 1264 496 1488 496
13 0 1488 368 1264 368
13 0 1264 368 1264 496
13 0 1488 368 1632 368
13 0 1632 368 1632 496
13 0 1632 400 1632 368
13 2 1632 368 1632 400
13 2 1632 400 1632 496
13 0 1600 528 1648 528
13 2 1600 528 1648 528
13 2 1312 528 1600 528
13 0 1600 400 1312 400
13 0 1312 400 1312 528
13 0 1600 400 1648 400
13 0 1648 400 1648 528
13 0 1648 432 1648 400
13 2 1648 400 1648 432
13 2 1648 432 1648 528
13 0 1568 560 1664 560
13 2 1568 560 1664 560
13 2 1360 560 1568 560
13 0 1568 432 1360 432
13 0 1360 432 1360 560
13 0 1568 432 1664 432
13 0 1664 432 1664 560
13 0 1664 480 1664 432
13 2 1664 432 1664 480
13 2 1664 480 1664 560
13 0 1232 448 1232 208
13 2 1232 208 1232 448
13 2 1232 448 1232 624
13 0 448 480 448 624
13 0 448 624 1232 624
13 0 448 480 448 208
13 0 448 208 1232 208
13 0 560 624 1232 624
13 2 560 624 1232 624
13 2 448 624 560 624
13 0 1264 544 1264 368
13 2 1264 368 1264 544
13 2 1264 544 1264 752
13 0 496 544 496 752
13 0 496 752 1264 752
13 0 496 544 496 368
13 0 496 368 1264 368
13 0 1264 272 1264 240
13 2 1264 240 1264 272
13 2 1264 272 1264 368
13 0 496 288 496 368
13 0 496 368 1264 368
13 0 496 288 496 240
13 0 496 240 1264 240
13 0 1216 752 1264 752
13 2 1216 752 1264 752
13 2 496 752 1216 752
13 0 1312 672 1312 400
13 2 1312 400 1312 672
13 2 1312 672 1312 880
13 0 560 672 560 880
13 0 560 880 1312 880
13 0 560 672 560 400
13 0 560 400 1312 400
13 0 1312 304 1312 272
13 2 1312 272 1312 304
13 2 1312 304 1312 400
13 0 560 352 560 400
13 0 560 400 1312 400
13 0 560 352 560 272
13 0 560 272 1312 272
13 0 1120 880 1312 880
13 2 1120 880 1312 880
13 2 560 880 1120 880
13 0 1120 880 560 880
13 0 1120 880 1312 880
13 0 1136 880 1312 880
13 2 1136 880 1312 880
13 2 560 880 1136 880
13 0 1360 336 1360 304
13 2 1360 304 1360 336
13 2 1360 336 1360 432
13 0 592 336 592 432
13 0 592 432 1360 432
13 0 592 336 592 304
13 0 592 304 1360 304
13 0 1360 624 1360 432
13 2 1360 432 1360 624
13 2 1360 624 1360 1008
13 0 592 608 592 1008
13 0 592 1008 1360 1008
13 0 592 608 592 432
13 0 592 432 1360 432
13 0 768 1008 1360 1008
13 2 768 1008 1360 1008
13 2 592 1008 768 1008
17 0 and2 624 480 0
17 0 or2 1664 512 0
17 0 22
17 0 and2 1360 432 0
13 0 272 496 1344 496
17 0 22
17 0 and2 1344 448 0
13 0 448 528 1344 528
13 0 1488 512 1664 512
13 0 1664 512 1664 560
13 0 560 576 1584 576
13 0 1312 576 1584 576
13 2 1312 576 1584 576
13 2 560 576 1312 576
13 0 1312 592 560 592
13 0 560 592 560 576
13 0 1312 592 1584 592
13 0 1584 592 1584 576
13 2 1584 576 1584 592
13 2 560 592 1584 592
13 0 1664 592 560 592
13 2 1808 576 1968 576
13 2 560 592 1664 592
13 2 1664 512 1664 560
17 0 24
17 0 or2 1680 496 0
13 0 1824 560 1824 576
13 0 1824 576 1968 576
13 0 1680 576 1680 592
13 0 560 592 1680 592
13 0 1680 528 1680 544
13 0 1680 528 1664 528
13 0 1664 512 1664 528
13 2 1664 528 1680 528
13 2 1824 576 1968 576
13 2 560 592 1680 592
13 2 1680 528 1680 544
13 2 1680 576 1680 592
13 2 1824 560 1824 576
17 0 24
17 0 or2 1696 496 0
13 0 1664 528 1696 528
13 0 1840 576 1968 576
13 0 1680 592 1696 592
13 0 560 592 1680 592
13 0 1696 528 1696 544
13 0 1696 576 1696 592
13 0 1840 560 1840 576
13 2 1840 560 1840 576
13 2 1696 576 1696 592
13 2 1696 528 1696 544
13 0 560 592 1680 592
13 2 560 592 1680 592
13 2 1680 592 1696 592
13 2 1840 576 1968 576
13 2 1664 528 1696 528
17 0 24
17 0 or2 1680 496 0
13 0 1824 560 1824 576
13 0 1680 576 1680 592
13 0 1680 528 1680 544
13 0 560 592 1680 592
13 0 1824 576 1968 576
13 0 1664 528 1680 528
13 2 1664 512 1664 528
13 2 1664 528 1680 528
13 2 1680 528 1680 544
13 2 560 592 1680 592
13 2 1680 576 1680 592
13 2 1824 576 1968 576
13 2 1824 560 1824 576
17 0 24
17 0 or2 1664 512 0
13 0 1664 512 1664 560
13 0 560 592 1664 592
13 0 1808 576 1968 576
13 2 1808 576 1968 576
13 2 560 592 1664 592
13 2 1664 512 1664 560
17 0 24
17 0 or2 1664 496 0
13 0 1808 560 1808 576
13 0 1808 576 1968 576
13 0 1664 576 1664 592
13 0 560 592 1664 592
13 0 1664 528 1664 544
13 0 1664 512 1664 528
13 0 1664 512 1664 528
13 2 1664 512 1664 528
13 2 1664 528 1664 544
13 2 560 592 1664 592
13 2 1664 576 1664 592
13 2 1808 576 1968 576
13 2 1808 560 1808 576
17 0 24
17 0 or2 1664 512 0
13 0 1664 512 1664 560
13 0 560 592 1664 592
13 0 1808 576 1968 576
13 2 224 496 1344 496
13 2 1488 512 1664 512
13 2 448 528 1344 528
17 0 22
17 0 and2 1360 416 0
13 0 1344 464 1360 464
13 0 1344 464 1344 496
13 0 224 496 1344 496
13 0 1504 480 1504 512
13 0 1504 512 1664 512
13 0 1360 496 1360 528
13 0 448 528 1360 528
13 2 1808 576 1968 576
13 2 560 592 1664 592
13 2 1664 512 1664 560
17 0 24
17 0 or2 1664 496 0
13 0 1808 560 1808 576
13 0 1808 576 1968 576
13 0 1664 576 1664 592
13 0 560 592 1664 592
13 0 1664 528 1664 544
13 0 1664 512 1664 528
13 0 1600 512 1664 512
13 2 1600 512 1664 512
13 2 1504 512 1600 512
13 0 1600 480 1504 480
13 0 1504 480 1504 512
13 0 1600 480 1664 480
13 0 1664 480 1664 512
13 0 1504 496 1504 480
13 2 1504 480 1504 496
13 2 1504 496 1504 512
13 2 1808 576 1968 576
13 2 560 592 1664 592
13 2 1664 480 1664 544
13 2 1664 576 1664 592
13 2 1808 560 1808 576
17 0 24
17 0 or2 1664 464 0
13 0 1808 544 1808 576
13 0 1808 576 1968 576
13 0 1664 560 1664 592
13 0 560 592 1664 592
13 0 1664 496 1664 512
13 0 1664 480 1664 496
13 0 1664 544 1664 560
13 0 1808 528 1808 544
13 0 1584 592 1664 592
13 2 1584 592 1664 592
13 2 560 592 1584 592
13 0 1584 560 560 560
13 0 560 560 560 592
13 0 1584 560 1664 560
13 0 1664 560 1664 592
13 0 1296 496 1344 496
13 2 1296 496 1344 496
13 2 224 496 1296 496
13 0 1312 464 224 464
13 0 224 464 224 496
13 0 1312 464 1344 464
13 0 1344 464 1344 496
13 0 1344 480 1344 464
13 2 1344 464 1344 480
13 2 1344 480 1344 496
13 0 1328 528 1360 528
13 2 1328 528 1360 528
13 2 448 528 1328 528
13 0 1344 496 448 496
13 0 448 496 448 528
13 0 1344 496 1360 496
13 0 1360 496 1360 528
13 0 1360 512 1360 496
13 2 1360 496 1360 512
13 2 1360 512 1360 528
13 0 1424 560 1664 560
13 2 1424 560 1664 560
13 2 560 560 1424 560
13 0 1424 544 560 544
13 0 560 544 560 560
13 0 1424 544 1664 544
13 0 1664 544 1664 560
13 0 1664 576 1664 544
13 2 1664 544 1664 576
13 2 1664 576 1664 592
17 0 and2 1664 560 0
13 0 1616 368 1616 608
13 0 1616 608 1664 608
17 0 inv 1360 608 0
17 0 19
17 0 inv 992 608 0
17 0 19
17 0 inv 1280 624 0
17 0 19
17 0 inv 1280 608 0
17 0 19
17 0 inv 1568 592 0
17 0 inv 1280 608 0
17 0 19
17 0 inv 1280 608 0
17 0 19
17 0 inv 1504 592 0
13 0 1664 640 1600 640
13 2 1600 640 1664 640
17 0 19
17 0 inv 880 592 0
13 0 976 640 1664 640
13 2 976 640 1664 640
17 0 19
17 0 inv 880 528 0
13 0 976 576 976 640
13 0 976 640 1664 640
13 2 976 576 976 640
17 0 19
17 0 inv 880 544 0
13 0 976 592 976 624
13 0 976 624 976 640
13 0 848 464 848 592
13 0 848 592 880 592
13 2 848 464 1360 464
13 2 1504 480 1664 480
13 2 448 496 1360 496
17 0 22
17 0 and2 992 416 0
13 0 848 464 992 464
13 0 1136 480 1664 480
13 0 976 496 992 496
13 0 448 496 976 496
13 0 1616 448 1616 368
13 2 1616 368 1616 448
13 2 1616 448 1616 608
13 0 1152 464 1152 608
13 0 1152 608 1616 608
13 0 1152 464 1152 368
13 0 1152 368 1616 368
13 2 1152 608 1664 608
13 2 1808 624 1936 624
13 2 976 640 1664 640
17 0 25
17 0 and2 1184 560 0
13 0 1152 608 1184 608
13 0 1328 624 1936 624
13 0 1168 640 1184 640
13 0 976 640 1168 640
13 0 848 576 848 464
13 2 848 464 848 576
13 2 848 576 848 592
13 0 640 576 640 592
13 0 640 592 848 592
13 0 640 576 640 464
13 0 640 464 848 464
13 2 640 592 880 592
13 2 976 592 976 640
17 0 19
17 0 inv 656 544 0
13 0 640 592 656 592
13 0 752 592 752 624
13 0 752 624 976 624
13 0 976 624 976 640
13 0 880 624 976 624
13 2 880 624 976 624
13 2 752 624 880 624
13 0 880 592 752 592
13 0 752 592 752 624
13 0 880 592 976 592
13 0 976 592 976 624
13 2 752 592 752 624
13 2 640 464 992 464
13 2 1136 480 1664 480
13 2 448 496 992 496
17 0 22
17 0 and2 864 416 0
13 0 640 464 864 464
13 0 1008 480 1664 480
13 0 848 496 864 496
13 0 448 496 848 496
13 0 1152 496 1152 368
13 2 1152 368 1152 496
13 2 1152 496 1152 608
13 0 1152 496 1152 608
13 0 1152 496 1152 368
13 0 1152 560 1152 368
13 2 1152 368 1152 560
13 2 1152 560 1152 608
13 0 1024 576 1024 608
13 0 1024 608 1152 608
13 0 1024 576 1024 368
13 0 1024 368 1152 368
17 0 or3 1424 704 0
17 0 18
17 0 or3 1664 592 0
13 2 1808 672 1904 672
17 0 18
17 0 or3 1312 608 0
13 0 1456 688 1456 672
13 0 1456 672 1904 672
13 2 1024 608 1184 608
13 2 1328 624 1936 624
13 2 976 640 1184 640
17 0 25
17 0 and2 1184 528 0
13 0 1168 576 1184 576
13 0 1168 576 1168 608
13 0 1024 608 1168 608
13 0 1328 592 1328 624
13 0 1328 624 1936 624
13 0 1184 608 1184 640
13 0 976 640 1184 640
13 0 1072 608 1168 608
13 2 1072 608 1168 608
13 2 1024 608 1072 608
13 0 1072 576 1024 576
13 0 1024 576 1024 608
13 0 1072 576 1168 576
13 0 1168 576 1168 608
13 0 1168 592 1168 576
13 2 1168 576 1168 592
13 2 1168 592 1168 608
13 2 1024 576 1024 608
13 0 1024 640 1184 640
13 2 1024 640 1184 640
13 2 976 640 1024 640
13 0 1024 608 976 608
13 0 976 608 976 640
13 0 1024 608 1184 608
13 0 1184 608 1184 640
13 0 976 624 976 608
13 2 976 608 976 624
13 2 976 624 976 640
13 0 1184 624 1184 608
13 2 1184 608 1184 624
13 2 1184 624 1184 640
13 2 560 544 1664 544
13 2 1664 480 1664 512
13 2 1808 528 1808 576
17 0 24
17 0 or2 1664 448 0
13 0 1664 528 1664 544
13 0 560 544 1664 544
13 0 1664 480 1664 496
13 0 1808 512 1808 544
13 0 1808 544 1808 576
13 0 1360 544 1664 544
13 2 1360 544 1664 544
13 2 560 544 1360 544
13 0 1360 528 560 528
13 0 560 528 560 544
13 0 1360 528 1664 528
13 0 1664 528 1664 544
13 2 1664 528 1664 544
13 2 1024 576 1184 576
13 2 976 608 1184 608
13 2 1328 624 1936 624
13 2 1328 592 1328 624
17 0 25
17 0 and2 1184 512 0
13 0 1168 560 1184 560
13 0 1168 560 1168 576
13 0 1024 576 1168 576
13 0 1184 592 1184 608
13 0 976 608 1184 608
13 0 1328 608 1328 624
13 0 1328 624 1936 624
13 0 1328 576 1328 608
13 0 1152 576 1168 576
13 2 1152 576 1168 576
13 2 1024 576 1152 576
13 0 1152 560 1024 560
13 0 1024 560 1024 576
13 0 1152 560 1168 560
13 0 1168 560 1168 576
13 2 1168 560 1168 576
13 2 1024 560 1024 576
13 0 1152 608 1184 608
13 2 1152 608 1184 608
13 2 976 608 1152 608
13 0 1152 592 976 592
13 0 976 592 976 608
13 0 1152 592 1184 592
13 0 1184 592 1184 608
13 2 1184 592 1184 608
13 2 976 592 976 608
13 0 1424 624 1936 624
13 2 1424 624 1936 624
13 2 1328 624 1424 624
13 0 1424 624 1328 624
13 0 1424 624 1936 624
13 2 1024 560 1184 560
13 2 752 592 1184 592
13 2 1328 576 1328 624
17 0 25
17 0 and2 1152 512 0
13 0 1024 560 1152 560
13 0 1136 592 1152 592
13 0 752 592 1136 592
13 0 1296 576 1296 608
13 0 1296 608 1328 608
13 0 1328 608 1328 624
13 2 1328 608 1328 624
13 2 1296 608 1328 608
13 2 1296 576 1296 608
13 0 752 592 1136 592
13 2 752 592 1136 592
13 2 1136 592 1152 592
13 2 1024 560 1152 560
17 0 25
17 0 and2 1184 512 0
13 0 1328 576 1328 624
13 0 752 592 1184 592
13 0 1024 560 1184 560
13 0 1328 592 1328 576
13 2 1328 576 1328 592
13 2 1328 592 1328 624
13 0 1776 592 1776 624
13 0 1776 624 1328 624
13 0 1776 592 1776 576
13 0 1776 576 1328 576
13 0 1728 624 1776 624
13 2 1728 624 1776 624
13 2 1328 624 1728 624
13 2 1456 672 1904 672
13 2 1456 672 1456 688
17 0 18
17 0 or3 1328 560 0
13 0 1472 624 1472 672
13 0 1472 624 1472 640
13 0 1472 640 1472 672
13 0 1472 672 1904 672
13 0 1472 624 1472 640
13 2 1472 624 1472 640
13 2 1472 672 1904 672
13 2 1472 640 1472 672
17 0 18
17 0 or3 1600 544 0
13 0 1744 656 1744 672
13 0 1744 672 1904 672
13 0 1744 624 1744 656
13 2 1744 624 1744 672
17 0 18
17 0 or3 1200 592 0
13 0 1344 672 1344 704
13 0 1344 704 1744 704
13 0 1744 704 1744 672
13 0 1440 704 1744 704
13 2 1440 704 1744 704
13 2 1344 704 1440 704
13 0 1424 672 1344 672
13 0 1344 672 1344 704
13 0 1424 672 1744 672
13 0 1744 672 1744 704
13 2 1344 672 1344 704
13 0 1744 688 1744 672
13 2 1744 672 1744 688
13 2 1744 688 1744 704
13 2 1344 672 1904 672
17 0 18
17 0 or3 1456 592 0
13 0 1600 672 1904 672
13 2 640 464 864 464
13 2 1008 480 1664 480
13 2 448 496 864 496
17 0 22
17 0 and2 688 416 0
13 0 640 464 688 464
13 0 832 480 1664 480
13 0 672 496 688 496
13 0 448 496 672 496
13 0 1024 448 1024 368
13 2 1024 368 1024 448
13 2 1024 448 1024 560
13 0 832 480 832 560
13 0 832 560 1024 560
13 0 832 480 832 368
13 0 832 368 1024 368
13 2 832 560 1184 560
13 2 1328 576 1776 576
13 2 752 592 1184 592
17 0 25
17 0 and2 960 512 0
13 0 832 560 960 560
13 0 1104 576 1776 576
13 0 944 592 960 592
13 0 752 592 944 592
13 0 752 592 944 592
13 2 752 592 944 592
13 2 944 592 960 592
13 2 1104 576 1776 576
13 2 832 560 960 560
17 0 25
17 0 and2 1184 512 0
13 0 752 592 1184 592
13 0 1328 576 1776 576
13 0 832 560 1184 560
13 2 832 368 832 480
13 0 832 560 1024 560
13 2 832 560 1024 560
13 2 832 480 832 560
13 0 1024 448 1024 560
13 0 1024 368 1024 448
13 0 1024 448 1024 368
13 2 1024 368 1024 448
13 2 1024 448 1024 560
13 0 832 464 832 560
13 0 832 464 832 480
13 0 832 480 832 560
13 0 832 560 1024 560
13 0 832 464 832 368
13 0 832 368 1024 368
13 0 832 464 832 368
13 2 832 368 832 464
13 0 832 560 1024 560
13 2 832 560 1024 560
13 2 832 480 832 560
13 2 832 464 832 480
13 0 1024 448 1024 560
13 0 1024 368 1024 448
13 0 1024 448 1024 368
13 2 1024 368 1024 448
13 2 1024 448 1024 560
13 0 896 464 896 560
13 0 896 560 1024 560
13 0 896 464 896 368
13 0 896 368 1024 368
13 2 896 560 1184 560
13 2 1328 576 1776 576
13 2 752 592 1184 592
17 0 25
17 0 and2 928 512 0
13 0 896 560 928 560
13 0 1072 576 1776 576
13 0 912 592 928 592
13 0 752 592 912 592
13 0 1808 560 1808 512
13 2 1808 512 1808 560
13 2 1808 560 1808 576
13 0 1968 576 1808 576
13 0 1968 576 1968 512
13 0 1968 512 1808 512
13 0 1920 576 1968 576
13 2 1920 576 1968 576
13 2 1808 576 1920 576
13 0 1776 592 1776 576
13 2 1776 576 1776 592
13 2 1776 592 1776 624
13 0 1936 608 1936 624
13 0 1936 624 1776 624
13 0 1936 608 1936 576
13 0 1936 576 1776 576
13 0 1904 624 1936 624
13 2 1904 624 1936 624
13 2 1776 624 1904 624
13 2 1600 672 1904 672
17 0 18
17 0 or3 1600 592 0
13 0 1744 672 1904 672
13 2 1744 672 1904 672
17 0 18
17 0 or3 1664 544 0
13 0 1808 624 1808 672
13 0 1808 672 1904 672
13 0 1840 672 1904 672
13 2 1840 672 1904 672
13 2 1808 672 1840 672
13 0 1840 624 1808 624
13 0 1808 624 1808 672
13 0 1840 624 1904 624
13 0 1904 624 1904 672
13 0 1808 656 1808 624
13 2 1808 624 1808 656
13 2 1808 656 1808 672
13 0 1888 624 1904 624
13 2 1888 624 1904 624
13 2 1808 624 1888 624
13 0 1888 640 1808 640
13 0 1808 640 1808 624
13 0 1888 640 1904 640
13 0 1904 640 1904 624
13 2 1904 624 1904 640
13 2 1808 640 1904 640
13 2 1808 624 1808 640
17 0 18
17 0 or3 1664 560 0
13 0 1808 656 1808 640
13 0 1808 640 1904 640
13 0 1808 640 1808 656
13 2 1808 640 1808 656
13 0 1664 608 1664 576
13 0 1664 576 1632 576
13 0 1616 304 1616 640
13 0 1616 640 1664 640
13 0 1568 272 1568 672
13 0 1568 672 1664 672
17 0 or2 1376 656 0
13 0 1520 720 1824 720
13 0 1360 576 1360 704
13 0 1360 704 1392 704
13 0 1360 704 1376 704
13 0 1376 704 1392 704
13 2 1376 704 1392 704
13 2 1360 704 1376 704
13 2 1360 576 1360 704
13 0 1376 704 1376 576
13 0 1376 576 1360 576
13 0 1328 272 1328 736
13 0 1328 736 1376 736
17 0 or4 1408 800 0
17 0 and2 1440 1072 0
17 0 and2 1184 1024 0
17 0 21
17 0 and2 944 688 0
17 0 17
17 0 and2 944 816 0
13 0 1328 736 1328 848
13 0 1328 848 1408 848
13 0 1296 304 1296 880
13 0 1296 880 1408 880
17 0 17
17 0 and2 928 976 0
17 0 21
17 0 and2 912 736 0
13 0 864 208 864 784
13 0 864 784 912 784
13 0 832 592 832 816
13 0 832 816 912 816
13 0 1056 800 1056 912
13 0 1056 912 1136 912
13 0 1136 912 1408 912
13 0 496 720 784 720
13 0 784 720 784 880
13 2 784 720 784 880
13 2 496 720 784 720
17 0 17
17 0 and2 928 896 0
17 0 17
17 0 and2 928 880 0
13 0 1072 944 1408 944
13 0 608 464 608 928
13 0 608 928 928 928
13 0 416 752 416 944
13 0 416 944 928 944
13 0 864 944 928 944
13 2 864 944 928 944
13 2 416 944 864 944
13 0 864 960 416 960
13 0 416 960 416 944
13 0 864 960 928 960
13 0 928 960 928 944
13 2 928 944 928 960
13 0 928 944 928 960
13 2 928 944 928 960
13 0 1552 896 1808 896
13 0 1808 896 1808 784
13 2 1808 784 1808 896
13 0 1808 768 1808 896
13 0 1744 896 1808 896
13 2 1744 896 1808 896
13 2 1552 896 1744 896
13 0 1728 768 1552 768
13 0 1552 768 1552 896
13 0 1728 768 1808 768
13 0 1808 768 1808 896
13 0 1808 832 1808 768
13 2 1808 768 1808 832
13 2 1808 832 1808 896
13 0 1808 832 1808 896
13 0 1808 832 1808 768
13 0 1808 832 1808 768
13 2 1808 768 1808 832
13 2 1808 832 1808 896
