Running in Lattice mode

Starting:    C:\lscc\diamond\3.11_x64\synpbase\bin64\mbin\synbatch.exe
Install:     C:\lscc\diamond\3.11_x64\synpbase
Hostname:    PAPRATT
Date:        Thu Dec 14 08:39:50 2023
Version:     N-2018.03L-SP1-1

Arguments:   -product synplify_pro -batch lab4_impl1_synplify.tcl
ProductType: synplify_pro




log file: "C:\DL-labosi\lab4\impl1\lab4_impl1.srr"
Running: hdl_info_gen in foreground

Generating HDL info...
Copied C:\DL-labosi\lab4\impl1\lab4_impl1.srr to C:\DL-labosi\lab4\impl1\lab4_impl1.srf

hdl_info_gen completed
# Thu Dec 14 08:39:50 2023

Return Code: 0
Run Time:00h:00m:00s
log file: "C:\DL-labosi\lab4\impl1\lab4_impl1.srr"
Running: impl1 in foreground

Running proj_1|impl1

Running Flow: compile (Compile) on proj_1|impl1
# Thu Dec 14 08:39:51 2023

Running Flow: compile_flow (Compile Process) on proj_1|impl1
# Thu Dec 14 08:39:51 2023

Running: compiler (Compile Input) on proj_1|impl1
# Thu Dec 14 08:39:51 2023
Copied C:\DL-labosi\lab4\impl1\synwork\lab4_impl1_comp.srs to C:\DL-labosi\lab4\impl1\lab4_impl1.srs

compiler completed
# Thu Dec 14 08:39:52 2023

Return Code: 0
Run Time:00h:00m:01s

Running: multi_srs_gen (Multi-srs Generator) on proj_1|impl1
# Thu Dec 14 08:39:52 2023

multi_srs_gen completed
# Thu Dec 14 08:39:52 2023

Return Code: 0
Run Time:00h:00m:00s
Copied C:\DL-labosi\lab4\impl1\synwork\lab4_impl1_mult.srs to C:\DL-labosi\lab4\impl1\lab4_impl1.srs
Copied C:\DL-labosi\lab4\impl1\lab4_impl1.srr to C:\DL-labosi\lab4\impl1\lab4_impl1.srf
Complete: Compile Process on proj_1|impl1

Running: premap (Premap) on proj_1|impl1
# Thu Dec 14 08:39:52 2023

premap completed with warnings
# Thu Dec 14 08:39:53 2023

Return Code: 1
Run Time:00h:00m:01s
Complete: Compile on proj_1|impl1

Running Flow: map (Map) on proj_1|impl1
# Thu Dec 14 08:39:53 2023
License granted for 4 parallel jobs

Running: fpga_mapper (Map & Optimize) on proj_1|impl1
# Thu Dec 14 08:39:53 2023
Copied C:\DL-labosi\lab4\impl1\synwork\lab4_impl1_m.srm to C:\DL-labosi\lab4\impl1\lab4_impl1.srm

fpga_mapper completed with warnings
# Thu Dec 14 08:39:55 2023

Return Code: 1
Run Time:00h:00m:02s
Complete: Map on proj_1|impl1
Copied C:\DL-labosi\lab4\impl1\lab4_impl1.srr to C:\DL-labosi\lab4\impl1\lab4_impl1.srf
Complete: Logic Synthesis on proj_1|impl1
TCL script complete: "lab4_impl1_synplify.tcl"
exit status=0
exit status=0
Save changes for project:
C:\DL-labosi\lab4\impl1\proj_1.prj
batch mode default:no
