
Copyright (C) 1994-2018 Synopsys, Inc.
This Synopsys software and all associated documentation are proprietary to Synopsys, Inc.
and may only be used pursuant to the terms and conditions of a written license agreement
with Synopsys, Inc. All other use, reproduction, modification, or distribution of the
Synopsys software or the associated documentation is strictly prohibited.
Tool: Synplify Pro (R)
Build: N-2018.03L-SP1-1
Install: C:\lscc\diamond\3.11_x64\synpbase
OS: Windows 6.2

Hostname: PAPRATT

Implementation : impl1

# Written on Fri Nov 10 15:12:11 2023

##### DESIGN INFO #######################################################

Top View:                "lab2"
Constraint File(s):      (none)




##### SUMMARY ############################################################

Found 0 issues in 0 out of 0 constraints


##### DETAILS ############################################################



Clock Relationships
*******************

Starting         Ending           |     rise to rise     |     fall to fall     |     rise to fall     |     fall to rise                     
---------------------------------------------------------------------------------------------------------------------------------------------
System           System           |     5.000            |     No paths         |     No paths         |     No paths                         
System           lab2|clk_25m     |     5.000            |     No paths         |     No paths         |     No paths                         
lab2|clk_25m     lab2|clk_25m     |     5.000            |     No paths         |     No paths         |     No paths                         
=============================================================================================================================================
 Note: 'No paths' indicates there are no paths in the design for that pair of clock edges.
       'Diff grp' indicates that paths exist but the starting clock and ending clock are in different clock groups.


Unconstrained Start/End Points
******************************

p:btn_down
p:btn_f1
p:btn_left
p:btn_right
p:btn_up
p:led[0]
p:led[1]
p:led[2]
p:led[3]
p:led[4]
p:led[5]
p:led[6]
p:led[7]
p:rs232_tx


Inapplicable constraints
************************

(none)


Applicable constraints with issues
**********************************

(none)


Constraints with matching wildcard expressions
**********************************************

(none)


Library Report
**************


# End of Constraint Checker Report
