
Copyright (C) 1994-2018 Synopsys, Inc.
This Synopsys software and all associated documentation are proprietary to Synopsys, Inc.
and may only be used pursuant to the terms and conditions of a written license agreement
with Synopsys, Inc. All other use, reproduction, modification, or distribution of the
Synopsys software or the associated documentation is strictly prohibited.
Tool: Synplify Pro (R)
Build: N-2018.03L-SP1-1
Install: C:\lscc\diamond\3.11_x64\synpbase
OS: Windows 6.2

Hostname: PAPRATT

Implementation : impl1
Synopsys HDL compiler and linker, Version comp2018q2p1, Build 461R, Built Apr  1 2019 09:17:43

Modified Files: 2
FID:  path (prevtimestamp, timestamp)
16       C:\DL-labosi\lab4\count.vhd (N/A, 2023-12-11 14:49:10)
0        C:\DL-labosi\lab4\count_ce.vhd (2023-12-13 23:03:06, N/A)

*******************************************************************
Modules that may have changed as a result of file changes: 1
MID:  lib.cell.view
1        work.count.x may have changed because the following files changed:
                        C:\DL-labosi\lab4\count.vhd (N/A, 2023-12-11 14:49:10) <-- (architecture and entity definition)

*******************************************************************
Unmodified files: 11
FID:  path (timestamp)
1        C:\DL-labosi\lab4\debouncer.vhd (2023-12-11 14:49:11)
2        C:\lscc\diamond\3.11_x64\cae_library\synthesis\vhdl\ecp5u.vhd (2018-11-15 01:32:10)
3        C:\lscc\diamond\3.11_x64\synpbase\lib\vhd\arith.vhd (2019-04-01 10:07:44)
4        C:\lscc\diamond\3.11_x64\synpbase\lib\vhd\hyperents.vhd (2019-04-01 10:07:44)
5        C:\lscc\diamond\3.11_x64\synpbase\lib\vhd\location.map (2019-04-01 17:01:20)
6        C:\lscc\diamond\3.11_x64\synpbase\lib\vhd\numeric.vhd (2019-04-01 10:07:44)
7        C:\lscc\diamond\3.11_x64\synpbase\lib\vhd\snps_haps_pkg.vhd (2019-04-01 10:07:44)
8        C:\lscc\diamond\3.11_x64\synpbase\lib\vhd\std.vhd (2019-04-01 10:07:44)
9        C:\lscc\diamond\3.11_x64\synpbase\lib\vhd\std1164.vhd (2019-04-01 10:07:44)
10       C:\lscc\diamond\3.11_x64\synpbase\lib\vhd\umr_capim.vhd (2019-04-01 10:07:44)
11       C:\lscc\diamond\3.11_x64\synpbase\lib\vhd\unsigned.vhd (2019-04-01 10:07:44)

*******************************************************************
Unchanged modules: 2
MID:  lib.cell.view
2        work.debouncer.vhdl
3        work.debouncer.x
