
map -a "LatticeXP2" -p LFXP2-8E -t TQFP144 -s 5 -oc Commercial   "gracia_impl1.ngd" -o "gracia_impl1_map.ncd" -pr "gracia_impl1.prf" -mp "gracia_impl1.mrp" -lpf "C:/DL-labosi/lab2/sranje/impl1/gracia_impl1_synplify.lpf" -lpf "C:/DL-labosi/lab2/sranje/ulx2s.lpf"            
map:  version Diamond (64-bit) 3.11.0.396.4

Copyright (c) 1991-1994 by NeoCAD Inc. All rights reserved.
Copyright (c) 1995 AT&T Corp.   All rights reserved.
Copyright (c) 1995-2001 Lucent Technologies Inc.  All rights reserved.
Copyright (c) 2001 Agere Systems   All rights reserved.
Copyright (c) 2002-2019 Lattice Semiconductor Corporation,  All rights reserved.
   Process the file: gracia_impl1.ngd
   Picdevice="LFXP2-8E"

   Pictype="TQFP144"

   Picspeed=5

   Remove unused logic

   Do not produce over sized NCDs.

Part used: LFXP2-8ETQFP144, Performance used: 5.

    <postMsg mid="1100679" type="Warning" dynamic="2" navigation="2" arg0="C:/DL-labosi/lab2/sranje/ulx2s.lpf(18): Semantic error in &quot;LOCATE COMP &quot;rs232_rx&quot; SITE &quot;10&quot; ;&quot;: " arg1="rs232_rx" arg2="C:/DL-labosi/lab2/sranje/ulx2s.lpf" arg3="18"  />
    <postMsg mid="1100679" type="Warning" dynamic="2" navigation="2" arg0="C:/DL-labosi/lab2/sranje/ulx2s.lpf(32): Semantic error in &quot;LOCATE COMP &quot;sw[0]&quot; SITE &quot;45&quot; ;&quot;: " arg1="sw[0]" arg2="C:/DL-labosi/lab2/sranje/ulx2s.lpf" arg3="32"  />
    <postMsg mid="1100679" type="Warning" dynamic="2" navigation="2" arg0="C:/DL-labosi/lab2/sranje/ulx2s.lpf(33): Semantic error in &quot;LOCATE COMP &quot;sw[1]&quot; SITE &quot;46&quot; ;&quot;: " arg1="sw[1]" arg2="C:/DL-labosi/lab2/sranje/ulx2s.lpf" arg3="33"  />
    <postMsg mid="1100679" type="Warning" dynamic="2" navigation="2" arg0="C:/DL-labosi/lab2/sranje/ulx2s.lpf(34): Semantic error in &quot;LOCATE COMP &quot;sw[2]&quot; SITE &quot;129&quot; ;&quot;: " arg1="sw[2]" arg2="C:/DL-labosi/lab2/sranje/ulx2s.lpf" arg3="34"  />
    <postMsg mid="1100679" type="Warning" dynamic="2" navigation="2" arg0="C:/DL-labosi/lab2/sranje/ulx2s.lpf(35): Semantic error in &quot;LOCATE COMP &quot;sw[3]&quot; SITE &quot;130&quot; ;&quot;: " arg1="sw[3]" arg2="C:/DL-labosi/lab2/sranje/ulx2s.lpf" arg3="35"  />
    <postMsg mid="1100679" type="Warning" dynamic="2" navigation="2" arg0="C:/DL-labosi/lab2/sranje/ulx2s.lpf(45): Semantic error in &quot;LOCATE COMP &quot;p_ring&quot; SITE &quot;44&quot; ;&quot;: " arg1="p_ring" arg2="C:/DL-labosi/lab2/sranje/ulx2s.lpf" arg3="45"  />
    <postMsg mid="1100679" type="Warning" dynamic="2" navigation="2" arg0="C:/DL-labosi/lab2/sranje/ulx2s.lpf(46): Semantic error in &quot;LOCATE COMP &quot;p_tip[0]&quot; SITE &quot;32&quot; ;&quot;: " arg1="p_tip[0]" arg2="C:/DL-labosi/lab2/sranje/ulx2s.lpf" arg3="46"  />
    <postMsg mid="1100679" type="Warning" dynamic="2" navigation="2" arg0="C:/DL-labosi/lab2/sranje/ulx2s.lpf(47): Semantic error in &quot;LOCATE COMP &quot;p_tip[1]&quot; SITE &quot;27&quot; ;&quot;: " arg1="p_tip[1]" arg2="C:/DL-labosi/lab2/sranje/ulx2s.lpf" arg3="47"  />
    <postMsg mid="1100679" type="Warning" dynamic="2" navigation="2" arg0="C:/DL-labosi/lab2/sranje/ulx2s.lpf(48): Semantic error in &quot;LOCATE COMP &quot;p_tip[2]&quot; SITE &quot;28&quot; ;&quot;: " arg1="p_tip[2]" arg2="C:/DL-labosi/lab2/sranje/ulx2s.lpf" arg3="48"  />
    <postMsg mid="1100679" type="Warning" dynamic="2" navigation="2" arg0="C:/DL-labosi/lab2/sranje/ulx2s.lpf(49): Semantic error in &quot;LOCATE COMP &quot;p_tip[3]&quot; SITE &quot;43&quot; ;&quot;: " arg1="p_tip[3]" arg2="C:/DL-labosi/lab2/sranje/ulx2s.lpf" arg3="49"  />
    <postMsg mid="1100679" type="Warning" dynamic="2" navigation="2" arg0="C:/DL-labosi/lab2/sranje/ulx2s.lpf(52): Semantic error in &quot;LOCATE COMP &quot;flash_cen&quot; SITE &quot;13&quot; ;&quot;: " arg1="flash_cen" arg2="C:/DL-labosi/lab2/sranje/ulx2s.lpf" arg3="52"  />
    <postMsg mid="1100679" type="Warning" dynamic="2" navigation="2" arg0="C:/DL-labosi/lab2/sranje/ulx2s.lpf(53): Semantic error in &quot;LOCATE COMP &quot;flash_sck&quot; SITE &quot;16&quot; ;&quot;: " arg1="flash_sck" arg2="C:/DL-labosi/lab2/sranje/ulx2s.lpf" arg3="53"  />
    <postMsg mid="1100679" type="Warning" dynamic="2" navigation="2" arg0="C:/DL-labosi/lab2/sranje/ulx2s.lpf(54): Semantic error in &quot;LOCATE COMP &quot;flash_si&quot; SITE &quot;19&quot; ;&quot;: " arg1="flash_si" arg2="C:/DL-labosi/lab2/sranje/ulx2s.lpf" arg3="54"  />
    <postMsg mid="1100679" type="Warning" dynamic="2" navigation="2" arg0="C:/DL-labosi/lab2/sranje/ulx2s.lpf(55): Semantic error in &quot;LOCATE COMP &quot;flash_so&quot; SITE &quot;18&quot; ;&quot;: " arg1="flash_so" arg2="C:/DL-labosi/lab2/sranje/ulx2s.lpf" arg3="55"  />
    <postMsg mid="1100679" type="Warning" dynamic="2" navigation="2" arg0="C:/DL-labosi/lab2/sranje/ulx2s.lpf(58): Semantic error in &quot;LOCATE COMP &quot;sdcard_cen&quot; SITE &quot;15&quot; ;&quot;: " arg1="sdcard_cen" arg2="C:/DL-labosi/lab2/sranje/ulx2s.lpf" arg3="58"  />
    <postMsg mid="1100679" type="Warning" dynamic="2" navigation="2" arg0="C:/DL-labosi/lab2/sranje/ulx2s.lpf(59): Semantic error in &quot;LOCATE COMP &quot;sdcard_sck&quot; SITE &quot;20&quot; ;&quot;: " arg1="sdcard_sck" arg2="C:/DL-labosi/lab2/sranje/ulx2s.lpf" arg3="59"  />
    <postMsg mid="1100679" type="Warning" dynamic="2" navigation="2" arg0="C:/DL-labosi/lab2/sranje/ulx2s.lpf(60): Semantic error in &quot;LOCATE COMP &quot;sdcard_si&quot; SITE &quot;17&quot; ;&quot;: " arg1="sdcard_si" arg2="C:/DL-labosi/lab2/sranje/ulx2s.lpf" arg3="60"  />
    <postMsg mid="1100679" type="Warning" dynamic="2" navigation="2" arg0="C:/DL-labosi/lab2/sranje/ulx2s.lpf(61): Semantic error in &quot;LOCATE COMP &quot;sdcard_so&quot; SITE &quot;21&quot; ;&quot;: " arg1="sdcard_so" arg2="C:/DL-labosi/lab2/sranje/ulx2s.lpf" arg3="61"  />
    <postMsg mid="1100679" type="Warning" dynamic="2" navigation="2" arg0="C:/DL-labosi/lab2/sranje/ulx2s.lpf(64): Semantic error in &quot;LOCATE COMP &quot;sram_wel&quot; SITE &quot;93&quot; ;&quot;: " arg1="sram_wel" arg2="C:/DL-labosi/lab2/sranje/ulx2s.lpf" arg3="64"  />
    <postMsg mid="1100679" type="Warning" dynamic="2" navigation="2" arg0="C:/DL-labosi/lab2/sranje/ulx2s.lpf(65): Semantic error in &quot;LOCATE COMP &quot;sram_lbl&quot; SITE &quot;120&quot; ;&quot;: " arg1="sram_lbl" arg2="C:/DL-labosi/lab2/sranje/ulx2s.lpf" arg3="65"  />
    <postMsg mid="1100679" type="Warning" dynamic="2" navigation="2" arg0="C:/DL-labosi/lab2/sranje/ulx2s.lpf(66): Semantic error in &quot;LOCATE COMP &quot;sram_ubl&quot; SITE &quot;121&quot; ;&quot;: " arg1="sram_ubl" arg2="C:/DL-labosi/lab2/sranje/ulx2s.lpf" arg3="66"  />
    <postMsg mid="1100679" type="Warning" dynamic="2" navigation="2" arg0="C:/DL-labosi/lab2/sranje/ulx2s.lpf(67): Semantic error in &quot;LOCATE COMP &quot;sram_a[0]&quot; SITE &quot;101&quot; ;&quot;: " arg1="sram_a[0]" arg2="C:/DL-labosi/lab2/sranje/ulx2s.lpf" arg3="67"  />
    <postMsg mid="1100679" type="Warning" dynamic="2" navigation="2" arg0="C:/DL-labosi/lab2/sranje/ulx2s.lpf(68): Semantic error in &quot;LOCATE COMP &quot;sram_a[1]&quot; SITE &quot;103&quot; ;&quot;: " arg1="sram_a[1]" arg2="C:/DL-labosi/lab2/sranje/ulx2s.lpf" arg3="68"  />
    <postMsg mid="1100679" type="Warning" dynamic="2" navigation="2" arg0="C:/DL-labosi/lab2/sranje/ulx2s.lpf(69): Semantic error in &quot;LOCATE COMP &quot;sram_a[2]&quot; SITE &quot;104&quot; ;&quot;: " arg1="sram_a[2]" arg2="C:/DL-labosi/lab2/sranje/ulx2s.lpf" arg3="69"  />
    <postMsg mid="1100679" type="Warning" dynamic="2" navigation="2" arg0="C:/DL-labosi/lab2/sranje/ulx2s.lpf(70): Semantic error in &quot;LOCATE COMP &quot;sram_a[3]&quot; SITE &quot;107&quot; ;&quot;: " arg1="sram_a[3]" arg2="C:/DL-labosi/lab2/sranje/ulx2s.lpf" arg3="70"  />
    <postMsg mid="1100679" type="Warning" dynamic="2" navigation="2" arg0="C:/DL-labosi/lab2/sranje/ulx2s.lpf(71): Semantic error in &quot;LOCATE COMP &quot;sram_a[4]&quot; SITE &quot;108&quot; ;&quot;: " arg1="sram_a[4]" arg2="C:/DL-labosi/lab2/sranje/ulx2s.lpf" arg3="71"  />
    <postMsg mid="1100679" type="Warning" dynamic="2" navigation="2" arg0="C:/DL-labosi/lab2/sranje/ulx2s.lpf(72): Semantic error in &quot;LOCATE COMP &quot;sram_a[5]&quot; SITE &quot;125&quot; ;&quot;: " arg1="sram_a[5]" arg2="C:/DL-labosi/lab2/sranje/ulx2s.lpf" arg3="72"  />
    <postMsg mid="1100679" type="Warning" dynamic="2" navigation="2" arg0="C:/DL-labosi/lab2/sranje/ulx2s.lpf(73): Semantic error in &quot;LOCATE COMP &quot;sram_a[6]&quot; SITE &quot;127&quot; ;&quot;: " arg1="sram_a[6]" arg2="C:/DL-labosi/lab2/sranje/ulx2s.lpf" arg3="73"  />
    <postMsg mid="1100679" type="Warning" dynamic="2" navigation="2" arg0="C:/DL-labosi/lab2/sranje/ulx2s.lpf(74): Semantic error in &quot;LOCATE COMP &quot;sram_a[7]&quot; SITE &quot;122&quot; ;&quot;: " arg1="sram_a[7]" arg2="C:/DL-labosi/lab2/sranje/ulx2s.lpf" arg3="74"  />
    <postMsg mid="1100679" type="Warning" dynamic="2" navigation="2" arg0="C:/DL-labosi/lab2/sranje/ulx2s.lpf(75): Semantic error in &quot;LOCATE COMP &quot;sram_a[8]&quot; SITE &quot;58&quot; ;&quot;: " arg1="sram_a[8]" arg2="C:/DL-labosi/lab2/sranje/ulx2s.lpf" arg3="75"  />
    <postMsg mid="1100679" type="Warning" dynamic="2" navigation="2" arg0="C:/DL-labosi/lab2/sranje/ulx2s.lpf(76): Semantic error in &quot;LOCATE COMP &quot;sram_a[9]&quot; SITE &quot;53&quot; ;&quot;: " arg1="sram_a[9]" arg2="C:/DL-labosi/lab2/sranje/ulx2s.lpf" arg3="76"  />
    <postMsg mid="1100679" type="Warning" dynamic="2" navigation="2" arg0="C:/DL-labosi/lab2/sranje/ulx2s.lpf(77): Semantic error in &quot;LOCATE COMP &quot;sram_a[10]&quot; SITE &quot;54&quot; ;&quot;: " arg1="sram_a[10]" arg2="C:/DL-labosi/lab2/sranje/ulx2s.lpf" arg3="77"  />
    <postMsg mid="1100679" type="Warning" dynamic="2" navigation="2" arg0="C:/DL-labosi/lab2/sranje/ulx2s.lpf(78): Semantic error in &quot;LOCATE COMP &quot;sram_a[11]&quot; SITE &quot;55&quot; ;&quot;: " arg1="sram_a[11]" arg2="C:/DL-labosi/lab2/sranje/ulx2s.lpf" arg3="78"  />
    <postMsg mid="1100679" type="Warning" dynamic="2" navigation="2" arg0="C:/DL-labosi/lab2/sranje/ulx2s.lpf(79): Semantic error in &quot;LOCATE COMP &quot;sram_a[12]&quot; SITE &quot;56&quot; ;&quot;: " arg1="sram_a[12]" arg2="C:/DL-labosi/lab2/sranje/ulx2s.lpf" arg3="79"  />
    <postMsg mid="1100679" type="Warning" dynamic="2" navigation="2" arg0="C:/DL-labosi/lab2/sranje/ulx2s.lpf(80): Semantic error in &quot;LOCATE COMP &quot;sram_a[13]&quot; SITE &quot;57&quot; ;&quot;: " arg1="sram_a[13]" arg2="C:/DL-labosi/lab2/sranje/ulx2s.lpf" arg3="80"  />
    <postMsg mid="1100679" type="Warning" dynamic="2" navigation="2" arg0="C:/DL-labosi/lab2/sranje/ulx2s.lpf(81): Semantic error in &quot;LOCATE COMP &quot;sram_a[14]&quot; SITE &quot;73&quot; ;&quot;: " arg1="sram_a[14]" arg2="C:/DL-labosi/lab2/sranje/ulx2s.lpf" arg3="81"  />
    <postMsg mid="1100679" type="Warning" dynamic="2" navigation="2" arg0="C:/DL-labosi/lab2/sranje/ulx2s.lpf(82): Semantic error in &quot;LOCATE COMP &quot;sram_a[15]&quot; SITE &quot;74&quot; ;&quot;: " arg1="sram_a[15]" arg2="C:/DL-labosi/lab2/sranje/ulx2s.lpf" arg3="82"  />
    <postMsg mid="1100679" type="Warning" dynamic="2" navigation="2" arg0="C:/DL-labosi/lab2/sranje/ulx2s.lpf(83): Semantic error in &quot;LOCATE COMP &quot;sram_a[16]&quot; SITE &quot;77&quot; ;&quot;: " arg1="sram_a[16]" arg2="C:/DL-labosi/lab2/sranje/ulx2s.lpf" arg3="83"  />
    <postMsg mid="1100679" type="Warning" dynamic="2" navigation="2" arg0="C:/DL-labosi/lab2/sranje/ulx2s.lpf(84): Semantic error in &quot;LOCATE COMP &quot;sram_a[17]&quot; SITE &quot;78&quot; ;&quot;: " arg1="sram_a[17]" arg2="C:/DL-labosi/lab2/sranje/ulx2s.lpf" arg3="84"  />
    <postMsg mid="1100679" type="Warning" dynamic="2" navigation="2" arg0="C:/DL-labosi/lab2/sranje/ulx2s.lpf(85): Semantic error in &quot;LOCATE COMP &quot;sram_a[18]&quot; SITE &quot;94&quot; ;&quot;: " arg1="sram_a[18]" arg2="C:/DL-labosi/lab2/sranje/ulx2s.lpf" arg3="85"  />
    <postMsg mid="1100679" type="Warning" dynamic="2" navigation="2" arg0="C:/DL-labosi/lab2/sranje/ulx2s.lpf(86): Semantic error in &quot;LOCATE COMP &quot;sram_d[0]&quot; SITE &quot;98&quot; ;&quot;: " arg1="sram_d[0]" arg2="C:/DL-labosi/lab2/sranje/ulx2s.lpf" arg3="86"  />
    <postMsg mid="1100679" type="Warning" dynamic="2" navigation="2" arg0="C:/DL-labosi/lab2/sranje/ulx2s.lpf(87): Semantic error in &quot;LOCATE COMP &quot;sram_d[1]&quot; SITE &quot;96&quot; ;&quot;: " arg1="sram_d[1]" arg2="C:/DL-labosi/lab2/sranje/ulx2s.lpf" arg3="87"  />
    <postMsg mid="1100679" type="Warning" dynamic="2" navigation="2" arg0="C:/DL-labosi/lab2/sranje/ulx2s.lpf(88): Semantic error in &quot;LOCATE COMP &quot;sram_d[2]&quot; SITE &quot;92&quot; ;&quot;: " arg1="sram_d[2]" arg2="C:/DL-labosi/lab2/sranje/ulx2s.lpf" arg3="88"  />
    <postMsg mid="1100679" type="Warning" dynamic="2" navigation="2" arg0="C:/DL-labosi/lab2/sranje/ulx2s.lpf(89): Semantic error in &quot;LOCATE COMP &quot;sram_d[3]&quot; SITE &quot;91&quot; ;&quot;: " arg1="sram_d[3]" arg2="C:/DL-labosi/lab2/sranje/ulx2s.lpf" arg3="89"  />
    <postMsg mid="1100679" type="Warning" dynamic="2" navigation="2" arg0="C:/DL-labosi/lab2/sranje/ulx2s.lpf(90): Semantic error in &quot;LOCATE COMP &quot;sram_d[4]&quot; SITE &quot;89&quot; ;&quot;: " arg1="sram_d[4]" arg2="C:/DL-labosi/lab2/sranje/ulx2s.lpf" arg3="90"  />
    <postMsg mid="1100679" type="Warning" dynamic="2" navigation="2" arg0="C:/DL-labosi/lab2/sranje/ulx2s.lpf(91): Semantic error in &quot;LOCATE COMP &quot;sram_d[5]&quot; SITE &quot;88&quot; ;&quot;: " arg1="sram_d[5]" arg2="C:/DL-labosi/lab2/sranje/ulx2s.lpf" arg3="91"  />
    <postMsg mid="1100679" type="Warning" dynamic="2" navigation="2" arg0="C:/DL-labosi/lab2/sranje/ulx2s.lpf(92): Semantic error in &quot;LOCATE COMP &quot;sram_d[6]&quot; SITE &quot;87&quot; ;&quot;: " arg1="sram_d[6]" arg2="C:/DL-labosi/lab2/sranje/ulx2s.lpf" arg3="92"  />
    <postMsg mid="1100679" type="Warning" dynamic="2" navigation="2" arg0="C:/DL-labosi/lab2/sranje/ulx2s.lpf(93): Semantic error in &quot;LOCATE COMP &quot;sram_d[7]&quot; SITE &quot;90&quot; ;&quot;: " arg1="sram_d[7]" arg2="C:/DL-labosi/lab2/sranje/ulx2s.lpf" arg3="93"  />
    <postMsg mid="1100679" type="Warning" dynamic="2" navigation="2" arg0="C:/DL-labosi/lab2/sranje/ulx2s.lpf(94): Semantic error in &quot;LOCATE COMP &quot;sram_d[8]&quot; SITE &quot;61&quot; ;&quot;: " arg1="sram_d[8]" arg2="C:/DL-labosi/lab2/sranje/ulx2s.lpf" arg3="94"  />
    <postMsg mid="1100679" type="Warning" dynamic="2" navigation="2" arg0="C:/DL-labosi/lab2/sranje/ulx2s.lpf(95): Semantic error in &quot;LOCATE COMP &quot;sram_d[9]&quot; SITE &quot;62&quot; ;&quot;: " arg1="sram_d[9]" arg2="C:/DL-labosi/lab2/sranje/ulx2s.lpf" arg3="95"  />
    <postMsg mid="1100679" type="Warning" dynamic="2" navigation="2" arg0="C:/DL-labosi/lab2/sranje/ulx2s.lpf(96): Semantic error in &quot;LOCATE COMP &quot;sram_d[10]&quot; SITE &quot;99&quot; ;&quot;: " arg1="sram_d[10]" arg2="C:/DL-labosi/lab2/sranje/ulx2s.lpf" arg3="96"  />
    <postMsg mid="1100679" type="Warning" dynamic="2" navigation="2" arg0="C:/DL-labosi/lab2/sranje/ulx2s.lpf(97): Semantic error in &quot;LOCATE COMP &quot;sram_d[11]&quot; SITE &quot;100&quot; ;&quot;: " arg1="sram_d[11]" arg2="C:/DL-labosi/lab2/sranje/ulx2s.lpf" arg3="97"  />
    <postMsg mid="1100679" type="Warning" dynamic="2" navigation="2" arg0="C:/DL-labosi/lab2/sranje/ulx2s.lpf(98): Semantic error in &quot;LOCATE COMP &quot;sram_d[12]&quot; SITE &quot;102&quot; ;&quot;: " arg1="sram_d[12]" arg2="C:/DL-labosi/lab2/sranje/ulx2s.lpf" arg3="98"  />
    <postMsg mid="1100679" type="Warning" dynamic="2" navigation="2" arg0="C:/DL-labosi/lab2/sranje/ulx2s.lpf(99): Semantic error in &quot;LOCATE COMP &quot;sram_d[13]&quot; SITE &quot;113&quot; ;&quot;: " arg1="sram_d[13]" arg2="C:/DL-labosi/lab2/sranje/ulx2s.lpf" arg3="99"  />
    <postMsg mid="1100679" type="Warning" dynamic="2" navigation="2" arg0="C:/DL-labosi/lab2/sranje/ulx2s.lpf(100): Semantic error in &quot;LOCATE COMP &quot;sram_d[14]&quot; SITE &quot;116&quot; ;&quot;: " arg1="sram_d[14]" arg2="C:/DL-labosi/lab2/sranje/ulx2s.lpf" arg3="100"  />
    <postMsg mid="1100679" type="Warning" dynamic="2" navigation="2" arg0="C:/DL-labosi/lab2/sranje/ulx2s.lpf(101): Semantic error in &quot;LOCATE COMP &quot;sram_d[15]&quot; SITE &quot;119&quot; ;&quot;: " arg1="sram_d[15]" arg2="C:/DL-labosi/lab2/sranje/ulx2s.lpf" arg3="101"  />
    <postMsg mid="1100679" type="Warning" dynamic="2" navigation="2" arg0="C:/DL-labosi/lab2/sranje/ulx2s.lpf(105): Semantic error in &quot;LOCATE COMP &quot;j1_2&quot; SITE &quot;131&quot; ;&quot;: " arg1="j1_2" arg2="C:/DL-labosi/lab2/sranje/ulx2s.lpf" arg3="105"  />
    <postMsg mid="1100679" type="Warning" dynamic="2" navigation="2" arg0="C:/DL-labosi/lab2/sranje/ulx2s.lpf(106): Semantic error in &quot;LOCATE COMP &quot;j1_3&quot; SITE &quot;134&quot; ;&quot;: " arg1="j1_3" arg2="C:/DL-labosi/lab2/sranje/ulx2s.lpf" arg3="106"  />
    <postMsg mid="1100679" type="Warning" dynamic="2" navigation="2" arg0="C:/DL-labosi/lab2/sranje/ulx2s.lpf(107): Semantic error in &quot;LOCATE COMP &quot;j1_4&quot; SITE &quot;9&quot; ;&quot;: " arg1="j1_4" arg2="C:/DL-labosi/lab2/sranje/ulx2s.lpf" arg3="107"  />
    <postMsg mid="1100679" type="Warning" dynamic="2" navigation="2" arg0="C:/DL-labosi/lab2/sranje/ulx2s.lpf(108): Semantic error in &quot;LOCATE COMP &quot;j1_5&quot; SITE &quot;138&quot; ;&quot;: " arg1="j1_5" arg2="C:/DL-labosi/lab2/sranje/ulx2s.lpf" arg3="108"  />
    <postMsg mid="1100679" type="Warning" dynamic="2" navigation="2" arg0="C:/DL-labosi/lab2/sranje/ulx2s.lpf(109): Semantic error in &quot;LOCATE COMP &quot;j1_6&quot; SITE &quot;6&quot; ;&quot;: " arg1="j1_6" arg2="C:/DL-labosi/lab2/sranje/ulx2s.lpf" arg3="109"  />
    <postMsg mid="1100679" type="Warning" dynamic="2" navigation="2" arg0="C:/DL-labosi/lab2/sranje/ulx2s.lpf(110): Semantic error in &quot;LOCATE COMP &quot;j1_7&quot; SITE &quot;5&quot; ;&quot;: " arg1="j1_7" arg2="C:/DL-labosi/lab2/sranje/ulx2s.lpf" arg3="110"  />
    <postMsg mid="1100679" type="Warning" dynamic="2" navigation="2" arg0="C:/DL-labosi/lab2/sranje/ulx2s.lpf(111): Semantic error in &quot;LOCATE COMP &quot;j1_8&quot; SITE &quot;8&quot; ;&quot;: " arg1="j1_8" arg2="C:/DL-labosi/lab2/sranje/ulx2s.lpf" arg3="111"  />
    <postMsg mid="1100679" type="Warning" dynamic="2" navigation="2" arg0="C:/DL-labosi/lab2/sranje/ulx2s.lpf(112): Semantic error in &quot;LOCATE COMP &quot;j1_9&quot; SITE &quot;7&quot; ;&quot;: " arg1="j1_9" arg2="C:/DL-labosi/lab2/sranje/ulx2s.lpf" arg3="112"  />
    <postMsg mid="1100679" type="Warning" dynamic="2" navigation="2" arg0="C:/DL-labosi/lab2/sranje/ulx2s.lpf(113): Semantic error in &quot;LOCATE COMP &quot;j1_10&quot; SITE &quot;1&quot; ;&quot;: " arg1="j1_10" arg2="C:/DL-labosi/lab2/sranje/ulx2s.lpf" arg3="113"  />
    <postMsg mid="1100679" type="Warning" dynamic="2" navigation="2" arg0="C:/DL-labosi/lab2/sranje/ulx2s.lpf(114): Semantic error in &quot;LOCATE COMP &quot;j1_11&quot; SITE &quot;2&quot; ;&quot;: " arg1="j1_11" arg2="C:/DL-labosi/lab2/sranje/ulx2s.lpf" arg3="114"  />
    <postMsg mid="1100679" type="Warning" dynamic="2" navigation="2" arg0="C:/DL-labosi/lab2/sranje/ulx2s.lpf(115): Semantic error in &quot;LOCATE COMP &quot;j1_12&quot; SITE &quot;144&quot; ;&quot;: " arg1="j1_12" arg2="C:/DL-labosi/lab2/sranje/ulx2s.lpf" arg3="115"  />
    <postMsg mid="1100679" type="Warning" dynamic="2" navigation="2" arg0="C:/DL-labosi/lab2/sranje/ulx2s.lpf(116): Semantic error in &quot;LOCATE COMP &quot;j1_13&quot; SITE &quot;143&quot; ;&quot;: " arg1="j1_13" arg2="C:/DL-labosi/lab2/sranje/ulx2s.lpf" arg3="116"  />
    <postMsg mid="1100679" type="Warning" dynamic="2" navigation="2" arg0="C:/DL-labosi/lab2/sranje/ulx2s.lpf(117): Semantic error in &quot;LOCATE COMP &quot;j1_14&quot; SITE &quot;142&quot; ;&quot;: " arg1="j1_14" arg2="C:/DL-labosi/lab2/sranje/ulx2s.lpf" arg3="117"  />
    <postMsg mid="1100679" type="Warning" dynamic="2" navigation="2" arg0="C:/DL-labosi/lab2/sranje/ulx2s.lpf(118): Semantic error in &quot;LOCATE COMP &quot;j1_15&quot; SITE &quot;141&quot; ;&quot;: " arg1="j1_15" arg2="C:/DL-labosi/lab2/sranje/ulx2s.lpf" arg3="118"  />
    <postMsg mid="1100679" type="Warning" dynamic="2" navigation="2" arg0="C:/DL-labosi/lab2/sranje/ulx2s.lpf(119): Semantic error in &quot;LOCATE COMP &quot;j1_16&quot; SITE &quot;133&quot; ;&quot;: " arg1="j1_16" arg2="C:/DL-labosi/lab2/sranje/ulx2s.lpf" arg3="119"  />
    <postMsg mid="1100679" type="Warning" dynamic="2" navigation="2" arg0="C:/DL-labosi/lab2/sranje/ulx2s.lpf(120): Semantic error in &quot;LOCATE COMP &quot;j1_17&quot; SITE &quot;132&quot; ;&quot;: " arg1="j1_17" arg2="C:/DL-labosi/lab2/sranje/ulx2s.lpf" arg3="120"  />
    <postMsg mid="1100679" type="Warning" dynamic="2" navigation="2" arg0="C:/DL-labosi/lab2/sranje/ulx2s.lpf(121): Semantic error in &quot;LOCATE COMP &quot;j1_18&quot; SITE &quot;124&quot; ;&quot;: " arg1="j1_18" arg2="C:/DL-labosi/lab2/sranje/ulx2s.lpf" arg3="121"  />
    <postMsg mid="1100679" type="Warning" dynamic="2" navigation="2" arg0="C:/DL-labosi/lab2/sranje/ulx2s.lpf(122): Semantic error in &quot;LOCATE COMP &quot;j1_19&quot; SITE &quot;123&quot; ;&quot;: " arg1="j1_19" arg2="C:/DL-labosi/lab2/sranje/ulx2s.lpf" arg3="122"  />
    <postMsg mid="1100679" type="Warning" dynamic="2" navigation="2" arg0="C:/DL-labosi/lab2/sranje/ulx2s.lpf(123): Semantic error in &quot;LOCATE COMP &quot;j1_20&quot; SITE &quot;115&quot; ;&quot;: " arg1="j1_20" arg2="C:/DL-labosi/lab2/sranje/ulx2s.lpf" arg3="123"  />
    <postMsg mid="1100679" type="Warning" dynamic="2" navigation="2" arg0="C:/DL-labosi/lab2/sranje/ulx2s.lpf(124): Semantic error in &quot;LOCATE COMP &quot;j1_21&quot; SITE &quot;114&quot; ;&quot;: " arg1="j1_21" arg2="C:/DL-labosi/lab2/sranje/ulx2s.lpf" arg3="124"  />
    <postMsg mid="1100679" type="Warning" dynamic="2" navigation="2" arg0="C:/DL-labosi/lab2/sranje/ulx2s.lpf(125): Semantic error in &quot;LOCATE COMP &quot;j1_22&quot; SITE &quot;110&quot; ;&quot;: " arg1="j1_22" arg2="C:/DL-labosi/lab2/sranje/ulx2s.lpf" arg3="125"  />
    <postMsg mid="1100679" type="Warning" dynamic="2" navigation="2" arg0="C:/DL-labosi/lab2/sranje/ulx2s.lpf(126): Semantic error in &quot;LOCATE COMP &quot;j1_23&quot; SITE &quot;109&quot; ;&quot;: " arg1="j1_23" arg2="C:/DL-labosi/lab2/sranje/ulx2s.lpf" arg3="126"  />
    <postMsg mid="1100679" type="Warning" dynamic="2" navigation="2" arg0="C:/DL-labosi/lab2/sranje/ulx2s.lpf(131): Semantic error in &quot;LOCATE COMP &quot;j2_2&quot; SITE &quot;72&quot; ;&quot;: " arg1="j2_2" arg2="C:/DL-labosi/lab2/sranje/ulx2s.lpf" arg3="131"  />
    <postMsg mid="1100679" type="Warning" dynamic="2" navigation="2" arg0="C:/DL-labosi/lab2/sranje/ulx2s.lpf(132): Semantic error in &quot;LOCATE COMP &quot;j2_3&quot; SITE &quot;71&quot; ;&quot;: " arg1="j2_3" arg2="C:/DL-labosi/lab2/sranje/ulx2s.lpf" arg3="132"  />
    <postMsg mid="1100679" type="Warning" dynamic="2" navigation="2" arg0="C:/DL-labosi/lab2/sranje/ulx2s.lpf(133): Semantic error in &quot;LOCATE COMP &quot;j2_4&quot; SITE &quot;70&quot; ;&quot;: " arg1="j2_4" arg2="C:/DL-labosi/lab2/sranje/ulx2s.lpf" arg3="133"  />
    <postMsg mid="1100679" type="Warning" dynamic="2" navigation="2" arg0="C:/DL-labosi/lab2/sranje/ulx2s.lpf(134): Semantic error in &quot;LOCATE COMP &quot;j2_5&quot; SITE &quot;69&quot; ;&quot;: " arg1="j2_5" arg2="C:/DL-labosi/lab2/sranje/ulx2s.lpf" arg3="134"  />
    <postMsg mid="1100679" type="Warning" dynamic="2" navigation="2" arg0="C:/DL-labosi/lab2/sranje/ulx2s.lpf(135): Semantic error in &quot;LOCATE COMP &quot;j2_6&quot; SITE &quot;66&quot; ;&quot;: " arg1="j2_6" arg2="C:/DL-labosi/lab2/sranje/ulx2s.lpf" arg3="135"  />
    <postMsg mid="1100679" type="Warning" dynamic="2" navigation="2" arg0="C:/DL-labosi/lab2/sranje/ulx2s.lpf(136): Semantic error in &quot;LOCATE COMP &quot;j2_7&quot; SITE &quot;65&quot; ;&quot;: " arg1="j2_7" arg2="C:/DL-labosi/lab2/sranje/ulx2s.lpf" arg3="136"  />
    <postMsg mid="1100679" type="Warning" dynamic="2" navigation="2" arg0="C:/DL-labosi/lab2/sranje/ulx2s.lpf(137): Semantic error in &quot;LOCATE COMP &quot;j2_8&quot; SITE &quot;52&quot; ;&quot;: " arg1="j2_8" arg2="C:/DL-labosi/lab2/sranje/ulx2s.lpf" arg3="137"  />
    <postMsg mid="1100679" type="Warning" dynamic="2" navigation="2" arg0="C:/DL-labosi/lab2/sranje/ulx2s.lpf(138): Semantic error in &quot;LOCATE COMP &quot;j2_9&quot; SITE &quot;50&quot; ;&quot;: " arg1="j2_9" arg2="C:/DL-labosi/lab2/sranje/ulx2s.lpf" arg3="138"  />
    <postMsg mid="1100679" type="Warning" dynamic="2" navigation="2" arg0="C:/DL-labosi/lab2/sranje/ulx2s.lpf(139): Semantic error in &quot;LOCATE COMP &quot;j2_10&quot; SITE &quot;48&quot; ;&quot;: " arg1="j2_10" arg2="C:/DL-labosi/lab2/sranje/ulx2s.lpf" arg3="139"  />
    <postMsg mid="1100679" type="Warning" dynamic="2" navigation="2" arg0="C:/DL-labosi/lab2/sranje/ulx2s.lpf(140): Semantic error in &quot;LOCATE COMP &quot;j2_11&quot; SITE &quot;47&quot; ;&quot;: " arg1="j2_11" arg2="C:/DL-labosi/lab2/sranje/ulx2s.lpf" arg3="140"  />
    <postMsg mid="1100679" type="Warning" dynamic="2" navigation="2" arg0="C:/DL-labosi/lab2/sranje/ulx2s.lpf(141): Semantic error in &quot;LOCATE COMP &quot;j2_12&quot; SITE &quot;40&quot; ;&quot;: " arg1="j2_12" arg2="C:/DL-labosi/lab2/sranje/ulx2s.lpf" arg3="141"  />
    <postMsg mid="1100679" type="Warning" dynamic="2" navigation="2" arg0="C:/DL-labosi/lab2/sranje/ulx2s.lpf(142): Semantic error in &quot;LOCATE COMP &quot;j2_13&quot; SITE &quot;39&quot; ;&quot;: " arg1="j2_13" arg2="C:/DL-labosi/lab2/sranje/ulx2s.lpf" arg3="142"  />
    <postMsg mid="1100679" type="Warning" dynamic="2" navigation="2" arg0="C:/DL-labosi/lab2/sranje/ulx2s.lpf(143): Semantic error in &quot;LOCATE COMP &quot;j2_14&quot; SITE &quot;38&quot; ;&quot;: " arg1="j2_14" arg2="C:/DL-labosi/lab2/sranje/ulx2s.lpf" arg3="143"  />
    <postMsg mid="1100679" type="Warning" dynamic="2" navigation="2" arg0="C:/DL-labosi/lab2/sranje/ulx2s.lpf(144): Semantic error in &quot;LOCATE COMP &quot;j2_15&quot; SITE &quot;22&quot; ;&quot;: " arg1="j2_15" arg2="C:/DL-labosi/lab2/sranje/ulx2s.lpf" arg3="144"  />
    <postMsg mid="1100679" type="Warning" dynamic="2" navigation="2" arg0="C:/DL-labosi/lab2/sranje/ulx2s.lpf(145): Semantic error in &quot;LOCATE COMP &quot;j2_16&quot; SITE &quot;31&quot; ;&quot;: " arg1="j2_16" arg2="C:/DL-labosi/lab2/sranje/ulx2s.lpf" arg3="145"  />
    <postMsg mid="1100679" type="Warning" dynamic="2" navigation="2" arg0="C:/DL-labosi/lab2/sranje/ulx2s.lpf(146): Semantic error in &quot;LOCATE COMP &quot;j2_17&quot; SITE &quot;29&quot; ;&quot;: " arg1="j2_17" arg2="C:/DL-labosi/lab2/sranje/ulx2s.lpf" arg3="146"  />
    <postMsg mid="1100679" type="Warning" dynamic="2" navigation="2" arg0="C:/DL-labosi/lab2/sranje/ulx2s.lpf(147): Semantic error in &quot;LOCATE COMP &quot;j2_18&quot; SITE &quot;37&quot; ;&quot;: " arg1="j2_18" arg2="C:/DL-labosi/lab2/sranje/ulx2s.lpf" arg3="147"  />
    <postMsg mid="1100679" type="Warning" dynamic="2" navigation="2" arg0="C:/DL-labosi/lab2/sranje/ulx2s.lpf(148): Semantic error in &quot;LOCATE COMP &quot;j2_19&quot; SITE &quot;36&quot; ;&quot;: " arg1="j2_19" arg2="C:/DL-labosi/lab2/sranje/ulx2s.lpf" arg3="148"  />
    <postMsg mid="1100679" type="Warning" dynamic="2" navigation="2" arg0="C:/DL-labosi/lab2/sranje/ulx2s.lpf(149): Semantic error in &quot;LOCATE COMP &quot;j2_20&quot; SITE &quot;35&quot; ;&quot;: " arg1="j2_20" arg2="C:/DL-labosi/lab2/sranje/ulx2s.lpf" arg3="149"  />
    <postMsg mid="1100679" type="Warning" dynamic="2" navigation="2" arg0="C:/DL-labosi/lab2/sranje/ulx2s.lpf(150): Semantic error in &quot;LOCATE COMP &quot;j2_21&quot; SITE &quot;32&quot; ;&quot;: " arg1="j2_21" arg2="C:/DL-labosi/lab2/sranje/ulx2s.lpf" arg3="150"  />
    <postMsg mid="1100679" type="Warning" dynamic="2" navigation="2" arg0="C:/DL-labosi/lab2/sranje/ulx2s.lpf(151): Semantic error in &quot;LOCATE COMP &quot;j2_22&quot; SITE &quot;27&quot; ;&quot;: " arg1="j2_22" arg2="C:/DL-labosi/lab2/sranje/ulx2s.lpf" arg3="151"  />
    <postMsg mid="1100679" type="Warning" dynamic="2" navigation="2" arg0="C:/DL-labosi/lab2/sranje/ulx2s.lpf(152): Semantic error in &quot;LOCATE COMP &quot;j2_23&quot; SITE &quot;28&quot; ;&quot;: " arg1="j2_23" arg2="C:/DL-labosi/lab2/sranje/ulx2s.lpf" arg3="152"  />
    <postMsg mid="1100679" type="Warning" dynamic="2" navigation="2" arg0="C:/DL-labosi/lab2/sranje/ulx2s.lpf(158): Semantic error in &quot;LOCATE COMP &quot;lcd_data[0]&quot; SITE &quot;8&quot; ;&quot;: " arg1="lcd_data[0]" arg2="C:/DL-labosi/lab2/sranje/ulx2s.lpf" arg3="158"  />
    <postMsg mid="1100679" type="Warning" dynamic="2" navigation="2" arg0="C:/DL-labosi/lab2/sranje/ulx2s.lpf(159): Semantic error in &quot;LOCATE COMP &quot;lcd_data[1]&quot; SITE &quot;9&quot; ;&quot;: " arg1="lcd_data[1]" arg2="C:/DL-labosi/lab2/sranje/ulx2s.lpf" arg3="159"  />
    <postMsg mid="1100679" type="Warning" dynamic="2" navigation="2" arg0="C:/DL-labosi/lab2/sranje/ulx2s.lpf(160): Semantic error in &quot;LOCATE COMP &quot;lcd_data[2]&quot; SITE &quot;134&quot; ;&quot;: " arg1="lcd_data[2]" arg2="C:/DL-labosi/lab2/sranje/ulx2s.lpf" arg3="160"  />
    <postMsg mid="1100679" type="Warning" dynamic="2" navigation="2" arg0="C:/DL-labosi/lab2/sranje/ulx2s.lpf(161): Semantic error in &quot;LOCATE COMP &quot;lcd_data[3]&quot; SITE &quot;131&quot; ;&quot;: " arg1="lcd_data[3]" arg2="C:/DL-labosi/lab2/sranje/ulx2s.lpf" arg3="161"  />
    <postMsg mid="1100679" type="Warning" dynamic="2" navigation="2" arg0="C:/DL-labosi/lab2/sranje/ulx2s.lpf(162): Semantic error in &quot;LOCATE COMP &quot;lcd_rs&quot; SITE &quot;143&quot; ;&quot;: " arg1="lcd_rs" arg2="C:/DL-labosi/lab2/sranje/ulx2s.lpf" arg3="162"  />
    <postMsg mid="1100679" type="Warning" dynamic="2" navigation="2" arg0="C:/DL-labosi/lab2/sranje/ulx2s.lpf(163): Semantic error in &quot;LOCATE COMP &quot;lcd_e&quot; SITE &quot;7&quot; ;&quot;: " arg1="lcd_e" arg2="C:/DL-labosi/lab2/sranje/ulx2s.lpf" arg3="163"  />
    <postMsg mid="1100644" type="Warning" dynamic="2" navigation="2" arg0="C:/DL-labosi/lab2/sranje/ulx2s.lpf(173): Semantic error in &quot;IOBUF PORT &quot;sw[0]&quot; PULLMODE=DOWN ;&quot;: " arg1="sw[0]" arg2="C:/DL-labosi/lab2/sranje/ulx2s.lpf" arg3="173"  />
    <postMsg mid="1100644" type="Warning" dynamic="2" navigation="2" arg0="C:/DL-labosi/lab2/sranje/ulx2s.lpf(174): Semantic error in &quot;IOBUF PORT &quot;sw[1]&quot; PULLMODE=DOWN ;&quot;: " arg1="sw[1]" arg2="C:/DL-labosi/lab2/sranje/ulx2s.lpf" arg3="174"  />
    <postMsg mid="1100644" type="Warning" dynamic="2" navigation="2" arg0="C:/DL-labosi/lab2/sranje/ulx2s.lpf(175): Semantic error in &quot;IOBUF PORT &quot;sw[2]&quot; PULLMODE=DOWN ;&quot;: " arg1="sw[2]" arg2="C:/DL-labosi/lab2/sranje/ulx2s.lpf" arg3="175"  />
    <postMsg mid="1100644" type="Warning" dynamic="2" navigation="2" arg0="C:/DL-labosi/lab2/sranje/ulx2s.lpf(176): Semantic error in &quot;IOBUF PORT &quot;sw[3]&quot; PULLMODE=DOWN ;&quot;: " arg1="sw[3]" arg2="C:/DL-labosi/lab2/sranje/ulx2s.lpf" arg3="176"  />
    <postMsg mid="1100644" type="Warning" dynamic="2" navigation="2" arg0="C:/DL-labosi/lab2/sranje/ulx2s.lpf(184): Semantic error in &quot;IOBUF PORT &quot;sdcard_so&quot; PULLMODE=UP ;&quot;: " arg1="sdcard_so" arg2="C:/DL-labosi/lab2/sranje/ulx2s.lpf" arg3="184"  />
    <postMsg mid="1100644" type="Warning" dynamic="2" navigation="2" arg0="C:/DL-labosi/lab2/sranje/ulx2s.lpf(187): Semantic error in &quot;IOBUF PORT &quot;p_ring&quot; DRIVE=20 PULLMODE=NONE ;&quot;: " arg1="p_ring" arg2="C:/DL-labosi/lab2/sranje/ulx2s.lpf" arg3="187"  />
    <postMsg mid="1100644" type="Warning" dynamic="2" navigation="2" arg0="C:/DL-labosi/lab2/sranje/ulx2s.lpf(188): Semantic error in &quot;IOBUF PORT &quot;p_tip[0]&quot; DRIVE=20 PULLMODE=NONE ;&quot;: " arg1="p_tip[0]" arg2="C:/DL-labosi/lab2/sranje/ulx2s.lpf" arg3="188"  />
    <postMsg mid="1100644" type="Warning" dynamic="2" navigation="2" arg0="C:/DL-labosi/lab2/sranje/ulx2s.lpf(189): Semantic error in &quot;IOBUF PORT &quot;p_tip[1]&quot; DRIVE=20 PULLMODE=NONE ;&quot;: " arg1="p_tip[1]" arg2="C:/DL-labosi/lab2/sranje/ulx2s.lpf" arg3="189"  />
    <postMsg mid="1100644" type="Warning" dynamic="2" navigation="2" arg0="C:/DL-labosi/lab2/sranje/ulx2s.lpf(190): Semantic error in &quot;IOBUF PORT &quot;p_tip[2]&quot; DRIVE=20 PULLMODE=NONE ;&quot;: " arg1="p_tip[2]" arg2="C:/DL-labosi/lab2/sranje/ulx2s.lpf" arg3="190"  />
    <postMsg mid="1100644" type="Warning" dynamic="2" navigation="2" arg0="C:/DL-labosi/lab2/sranje/ulx2s.lpf(191): Semantic error in &quot;IOBUF PORT &quot;p_tip[3]&quot; DRIVE=20 PULLMODE=NONE ;&quot;: " arg1="p_tip[3]" arg2="C:/DL-labosi/lab2/sranje/ulx2s.lpf" arg3="191"  />
Loading device for application map from file 'mg5a33x38.nph' in environment: C:/lscc/diamond/3.11_x64/ispfpga.
Package Status:                     Final          Version 1.47.

Running general design DRC...

Removing unused logic...

Optimizing...

120 CCU2 constant inputs absorbed.




Design Summary:
   Number of registers:     77 out of  6564 (1%)
      PFU registers:           76 out of  6264 (1%)
      PIO registers:            1 out of   300 (0%)
   Number of SLICEs:        90 out of  4176 (2%)
      SLICEs as Logic/ROM:     90 out of  4176 (2%)
      SLICEs as RAM:            0 out of   756 (0%)
      SLICEs as Carry:         29 out of  4176 (1%)
   Number of LUT4s:        167 out of  8352 (2%)
      Number used as logic LUTs:        109
      Number used as distributed RAM:     0
      Number used as ripple logic:       58
      Number used as shift registers:     0
   Number of PIO sites used: 15 out of 100 (15%)
   Number of PIO FIXEDDELAY:    0
   Number of DQSDLLs:  0 out of 2 (0%)
   Number of PLLs:  0 out of 2 (0%)
   Number of block RAMs:  0 out of 12 (0%)
   Number of CLKDIVs:  0 out of 2 (0%)
   Number of GSRs:  0 out of 1 (0%)
   JTAG used :      No
   Readback used :  No
   Oscillator used :  No
   Startup used :   No
   Notes:-
      1. Total number of LUT4s = (Number of logic LUT4s) + 2*(Number of distributed RAMs) + 2*(Number of ripple logic)
      2. Number of logic LUT4s does not include count of distributed RAM and ripple logic.

   Number Of Mapped DSP Components:
   --------------------------------
   MULT36X36B          0
   MULT18X18B          0
   MULT18X18MACB       0
   MULT18X18ADDSUBB    0
   MULT18X18ADDSUBSUMB 0
   MULT9X9B            0
   MULT9X9ADDSUBB      0
   MULT9X9ADDSUBSUMB   0
   --------------------------------
   Number of Used DSP Sites:  0 out of 32 (0 %)
   Number of clocks:  1
     Net clk_25m_c: 42 loads, 42 rising, 0 falling (Driver: PIO clk_25m )
   Number of Clock Enables:  2
     Net I1.R_tx_ser_1_sqmuxa_i: 5 loads, 4 LSLICEs
     Net I1/un1_R_debounce_cnt_1_i: 16 loads, 16 LSLICEs
   Number of LSRs:  2
     Net I1/un1_byte_in_i: 17 loads, 17 LSLICEs
     Net I1/R_tx_phase_0_sqmuxa: 2 loads, 2 LSLICEs
   Number of nets driven by tri-state buffers:  0
   Top 10 highest fanout non-clock nets:
     Net I1/VCC: 50 loads
     Net I1/un1_byte_in_i: 17 loads
     Net I1/un1_R_debounce_cnt_1_i: 16 loads
     Net I1/R_baudgen[16]: 14 loads
     Net I1/un6_r_tx_tickcnt: 12 loads
     Net I1/un1_R_tx_phase_1: 10 loads
     Net I1/R_debounce_cnt[0]: 7 loads
     Net I1/R_debounce_cnt[4]: 7 loads
     Net I1/R_debounce_cnt[5]: 7 loads
     Net I1/R_debounce_cnt[6]: 7 loads
 

   Number of warnings:  116
   Number of errors:    0



Total CPU Time: 0 secs  
Total REAL Time: 0 secs  
Peak Memory Usage: 70 MB

Dumping design to file gracia_impl1_map.ncd.

mpartrce -p "gracia_impl1.p2t" -f "gracia_impl1.p3t" -tf "gracia_impl1.pt" "gracia_impl1_map.ncd" "gracia_impl1.ncd"

---- MParTrce Tool ----
Removing old design directory at request of -rem command line option to this program.
Running par. Please wait . . .

Lattice Place and Route Report for Design "gracia_impl1_map.ncd"
Fri Nov 10 12:50:52 2023

PAR: Place And Route Diamond (64-bit) 3.11.0.396.4.
Command Line: par -w -l 5 -i 6 -t 1 -c 0 -e 0 -gui -exp parUseNBR=1:parCDP=auto:parCDR=1:parPathBased=OFF gracia_impl1_map.ncd gracia_impl1.dir/5_1.ncd gracia_impl1.prf
Preference file: gracia_impl1.prf.
Placement level-cost: 5-1.
Routing Iterations: 6

Loading design for application par from file gracia_impl1_map.ncd.
Design name: lab2
NCD version: 3.3
Vendor:      LATTICE
Device:      LFXP2-8E
Package:     TQFP144
Performance: 5
Loading device for application par from file 'mg5a33x38.nph' in environment: C:/lscc/diamond/3.11_x64/ispfpga.
Package Status:                     Final          Version 1.47.
Performance Hardware Data Status:   Final          Version 11.5.
License checked out.


Ignore Preference Error(s):  True
Device utilization summary:

   IOLOGIC            1/260          <1% used
   PIO (prelim)      15/238           6% used
                     15/100          15% bonded
   SLICE             90/4176          2% used



Number of Signals: 266
Number of Connections: 692

Pin Constraint Summary:
   15 out of 15 pins locked (100% locked).

The following 1 signal is selected to use the primary clock routing resources:
    clk_25m_c (driver: clk_25m, clk load #: 42)

No signal is selected as DCS clock.

No signal is selected as secondary clock.

No signal is selected as Global Set/Reset.
Starting Placer Phase 0.
.........
Finished Placer Phase 0.  REAL time: 17 secs 

Starting Placer Phase 1.
....................
Placer score = 33920.
Finished Placer Phase 1.  REAL time: 21 secs 

Starting Placer Phase 2.
.
Placer score =  33241
Finished Placer Phase 2.  REAL time: 21 secs 


------------------ Clock Report ------------------

Global Clock Resources:
  CLK_PIN    : 0 out of 8 (0%)
  General PIO: 1 out of 260 (0%)
  PLL        : 0 out of 2 (0%)
  CLKDIV     : 0 out of 2 (0%)

Global Clocks:
  PRIMARY "clk_25m_c" from comp "clk_25m" on PIO site "30 (PL18B)", clk load = 42

  PRIMARY  : 1 out of 8 (12%)
     DCS   : 0 out of 2 (0%)
  SECONDARY: 0 out of 4 (0%)

Edge Clocks:
  No edge clock selected

--------------- End of Clock Report ---------------


I/O Usage Summary (final):
   15 out of 238 (6.3%) PIO sites used.
   15 out of 100 (15.0%) bonded PIO sites used.
   Number of PIO comps: 15; differential: 0.
   Number of Vref pins used: 0.

I/O Bank Usage Summary:
+----------+---------------+------------+------------+------------+
| I/O Bank | Usage         | Bank Vccio | Bank Vref1 | Bank Vref2 |
+----------+---------------+------------+------------+------------+
| 0        | 3 / 20 ( 15%) | 3.3V       | -          | -          |
| 1        | 0 / 6 (  0%)  | -          | -          | -          |
| 2        | 0 / 18 (  0%) | -          | -          | -          |
| 3        | 0 / 4 (  0%)  | -          | -          | -          |
| 4        | 0 / 8 (  0%)  | -          | -          | -          |
| 5        | 2 / 18 ( 11%) | 3.3V       | -          | -          |
| 6        | 4 / 8 ( 50%)  | 3.3V       | -          | -          |
| 7        | 6 / 18 ( 33%) | 3.3V       | -          | -          |
+----------+---------------+------------+------------+------------+


DSP Utilization Summary:
-------------------------------------
DSP Block #:              1 2 3 4
# of MULT36X36B                  
# of MULT18X18B                  
# of MULT18X18MACB               
# of MULT18X18ADDSUBB            
# of MULT18X18ADDSUBSUMB         
# of MULT9X9B                    
# of MULT9X9ADDSUBB              
# of MULT9X9ADDSUBSUMB           

Total placer CPU time: 2 secs 

Dumping design to file gracia_impl1.dir/5_1.ncd.

0 connections routed; 692 unrouted.
Starting router resource preassignment
    <postMsg mid="62071013" type="Warning" dynamic="1" navigation="0" arg0="clk_25m_c"  />

Completed router resource preassignment. Real time: 24 secs 

Start NBR router at 12:51:16 11/10/23

*****************************************************************
Info: NBR allows conflicts(one node used by more than one signal)
      in the earlier iterations. In each iteration, it tries to  
      solve the conflicts while keeping the critical connections 
      routed as short as possible. The routing process is said to
      be completed when no conflicts exist and all connections   
      are routed.                                                
Note: NBR uses a different method to calculate timing slacks. The
      worst slack and total negative slack may not be the same as
      that in TRCE report. You should always run TRCE to verify  
      your design.                                               
*****************************************************************

Start NBR special constraint process at 12:51:16 11/10/23

Start NBR section for initial routing at 12:51:16 11/10/23
Level 4, iteration 1
13(0.00%) conflicts; 0(0.00%) untouched conn; 0 (nbr) score; 
Estimated worst slack/total negative slack<setup>: 31.292ns/0.000ns; real time: 24 secs 

Info: Initial congestion level at 75% usage is 0
Info: Initial congestion area  at 75% usage is 0 (0.00%)

Start NBR section for normal routing at 12:51:16 11/10/23
Level 4, iteration 1
4(0.00%) conflicts; 0(0.00%) untouched conn; 0 (nbr) score; 
Estimated worst slack/total negative slack<setup>: 31.292ns/0.000ns; real time: 24 secs 
Level 4, iteration 2
2(0.00%) conflicts; 0(0.00%) untouched conn; 0 (nbr) score; 
Estimated worst slack/total negative slack<setup>: 31.292ns/0.000ns; real time: 24 secs 
Level 4, iteration 3
0(0.00%) conflict; 0(0.00%) untouched conn; 0 (nbr) score; 
Estimated worst slack/total negative slack<setup>: 31.292ns/0.000ns; real time: 24 secs 

Start NBR section for setup/hold timing optimization with effort level 3 at 12:51:16 11/10/23

Start NBR section for re-routing at 12:51:16 11/10/23
Level 4, iteration 1
0(0.00%) conflict; 0(0.00%) untouched conn; 0 (nbr) score; 
Estimated worst slack/total negative slack<setup>: 31.292ns/0.000ns; real time: 24 secs 

Start NBR section for post-routing at 12:51:16 11/10/23

End NBR router with 0 unrouted connection

NBR Summary
-----------
  Number of unrouted connections : 0 (0.00%)
  Number of connections with timing violations : 0 (0.00%)
  Estimated worst slack<setup> : 31.292ns
  Timing score<setup> : 0
-----------
Notes: The timing info is calculated for SETUP only and all PAR_ADJs are ignored.



Total CPU time 3 secs 
Total REAL time: 25 secs 
Completely routed.
End of route.  692 routed (100.00%); 0 unrouted.

Hold time timing score: 0, hold timing errors: 0

Timing score: 0 

Dumping design to file gracia_impl1.dir/5_1.ncd.


PAR_SUMMARY::Run status = Completed
PAR_SUMMARY::Number of unrouted conns = 0
PAR_SUMMARY::Worst  slack<setup/<ns>> = 31.292
PAR_SUMMARY::Timing score<setup/<ns>> = 0.000
PAR_SUMMARY::Worst  slack<hold /<ns>> = 0.235
PAR_SUMMARY::Timing score<hold /<ns>> = 0.000
PAR_SUMMARY::Number of errors = 0

Total CPU  time to completion: 3 secs 
Total REAL time to completion: 25 secs 

par done!

Note: user must run 'Trace' for timing closure signoff.

Copyright (c) 1991-1994 by NeoCAD Inc. All rights reserved.
Copyright (c) 1995 AT&T Corp.   All rights reserved.
Copyright (c) 1995-2001 Lucent Technologies Inc.  All rights reserved.
Copyright (c) 2001 Agere Systems   All rights reserved.
Copyright (c) 2002-2019 Lattice Semiconductor Corporation,  All rights reserved.
Exiting par with exit code 0
Exiting mpartrce with exit code 0

trce -f "gracia_impl1.pt" -o "gracia_impl1.twr" "gracia_impl1.ncd" "gracia_impl1.prf"
trce:  version Diamond (64-bit) 3.11.0.396.4

Copyright (c) 1991-1994 by NeoCAD Inc. All rights reserved.
Copyright (c) 1995 AT&T Corp.   All rights reserved.
Copyright (c) 1995-2001 Lucent Technologies Inc.  All rights reserved.
Copyright (c) 2001 Agere Systems   All rights reserved.
Copyright (c) 2002-2019 Lattice Semiconductor Corporation,  All rights reserved.

Loading design for application trce from file gracia_impl1.ncd.
Design name: lab2
NCD version: 3.3
Vendor:      LATTICE
Device:      LFXP2-8E
Package:     TQFP144
Performance: 5
Loading device for application trce from file 'mg5a33x38.nph' in environment: C:/lscc/diamond/3.11_x64/ispfpga.
Package Status:                     Final          Version 1.47.
Performance Hardware Data Status:   Final          Version 11.5.
Setup and Hold Report

--------------------------------------------------------------------------------
Lattice TRACE Report - Setup, Version Diamond (64-bit) 3.11.0.396.4
Fri Nov 10 12:51:18 2023

Copyright (c) 1991-1994 by NeoCAD Inc. All rights reserved.
Copyright (c) 1995 AT&T Corp.   All rights reserved.
Copyright (c) 1995-2001 Lucent Technologies Inc.  All rights reserved.
Copyright (c) 2001 Agere Systems   All rights reserved.
Copyright (c) 2002-2019 Lattice Semiconductor Corporation,  All rights reserved.

Report Information
------------------
Command line:    trce -v 10 -gt -sethld -sp 5 -sphld m -o gracia_impl1.twr -gui gracia_impl1.ncd gracia_impl1.prf 
Design file:     gracia_impl1.ncd
Preference file: gracia_impl1.prf
Device,speed:    LFXP2-8E,5
Report level:    verbose report, limited to 10 items per preference
--------------------------------------------------------------------------------

BLOCK ASYNCPATHS
BLOCK RESETPATHS
BLOCK JTAG PATHS
--------------------------------------------------------------------------------



Timing summary (Setup):
---------------

Timing errors: 0  Score: 0
Cumulative negative slack: 0

Constraints cover 2009 paths, 1 nets, and 636 connections (91.91% coverage)

--------------------------------------------------------------------------------
Lattice TRACE Report - Hold, Version Diamond (64-bit) 3.11.0.396.4
Fri Nov 10 12:51:19 2023

Copyright (c) 1991-1994 by NeoCAD Inc. All rights reserved.
Copyright (c) 1995 AT&T Corp.   All rights reserved.
Copyright (c) 1995-2001 Lucent Technologies Inc.  All rights reserved.
Copyright (c) 2001 Agere Systems   All rights reserved.
Copyright (c) 2002-2019 Lattice Semiconductor Corporation,  All rights reserved.

Report Information
------------------
Command line:    trce -v 10 -gt -sethld -sp 5 -sphld m -o gracia_impl1.twr -gui gracia_impl1.ncd gracia_impl1.prf 
Design file:     gracia_impl1.ncd
Preference file: gracia_impl1.prf
Device,speed:    LFXP2-8E,m
Report level:    verbose report, limited to 10 items per preference
--------------------------------------------------------------------------------

BLOCK ASYNCPATHS
BLOCK RESETPATHS
BLOCK JTAG PATHS
--------------------------------------------------------------------------------



Timing summary (Hold):
---------------

Timing errors: 0  Score: 0
Cumulative negative slack: 0

Constraints cover 2009 paths, 1 nets, and 636 connections (91.91% coverage)



Timing summary (Setup and Hold):
---------------

Timing errors: 0 (setup), 0 (hold)
Score: 0 (setup), 0 (hold)
Cumulative negative slack: 0 (0+0)
--------------------------------------------------------------------------------

--------------------------------------------------------------------------------

Total CPU Time: 0 secs 
Total REAL Time: 0 secs 
Peak Memory Usage: 165 MB


tmcheck -par "gracia_impl1.par" 

bitgen -f "gracia_impl1.t2b" -w "gracia_impl1.ncd" -jedec -e -s "C:/DL-labosi/lab2/sranje/gracia.sec" -k "C:/DL-labosi/lab2/sranje/gracia.bek" "gracia_impl1.prf"


BITGEN: Bitstream Generator Diamond (64-bit) 3.11.0.396.4
Copyright (c) 1991-1994 by NeoCAD Inc. All rights reserved.
Copyright (c) 1995 AT&T Corp.   All rights reserved.
Copyright (c) 1995-2001 Lucent Technologies Inc.  All rights reserved.
Copyright (c) 2001 Agere Systems   All rights reserved.
Copyright (c) 2002-2019 Lattice Semiconductor Corporation,  All rights reserved.


Loading design for application Bitgen from file gracia_impl1.ncd.
Design name: lab2
NCD version: 3.3
Vendor:      LATTICE
Device:      LFXP2-8E
Package:     TQFP144
Performance: 5
Loading device for application Bitgen from file 'mg5a33x38.nph' in environment: C:/lscc/diamond/3.11_x64/ispfpga.
Package Status:                     Final          Version 1.47.
Performance Hardware Data Status:   Final          Version 11.5.

Running DRC.
DRC detected 0 errors and 0 warnings.
Reading Preference File from gracia_impl1.prf.

Preference Summary:
+---------------------------------+---------------------------------+
|  Preference                     |  Current Setting                |
+---------------------------------+---------------------------------+
|                         RamCfg  |                        Reset**  |
+---------------------------------+---------------------------------+
|                        DONE_EX  |                          OFF**  |
+---------------------------------+---------------------------------+
|                        DONE_OD  |                           ON**  |
+---------------------------------+---------------------------------+
|                  CONFIG_SECURE  |                          OFF**  |
+---------------------------------+---------------------------------+
|                        WAKE_UP  |                           21**  |
+---------------------------------+---------------------------------+
|                   WAKE_ON_LOCK  |                          OFF**  |
+---------------------------------+---------------------------------+
|                          INBUF  |                           ON**  |
+---------------------------------+---------------------------------+
|                     TAG_MEMORY  |                       NORMAL**  |
+---------------------------------+---------------------------------+
|                        MY_ASSP  |                          OFF**  |
+---------------------------------+---------------------------------+
|               ONE_TIME_PROGRAM  |                          OFF**  |
+---------------------------------+---------------------------------+
|                 SLAVE_SPI_PORT  |                      DISABLE**  |
+---------------------------------+---------------------------------+
|                MASTER_SPI_PORT  |                      DISABLE**  |
+---------------------------------+---------------------------------+
|                     DisableUES  |                        FALSE**  |
+---------------------------------+---------------------------------+
 *  Default setting.
 ** The specified setting matches the default setting.


Creating bit map...
Saving bit stream in "gracia_impl1.jed".
Total CPU Time: 0 secs 
Total REAL Time: 3 secs 
Peak Memory Usage: 296 MB
