
             Lattice Mapping Report File for Design Module 'lab2'


Design Information
------------------

Command line:   map -a LatticeXP2 -p LFXP2-8E -t TQFP144 -s 5 -oc Commercial
     gracia_impl1.ngd -o gracia_impl1_map.ncd -pr gracia_impl1.prf -mp
     gracia_impl1.mrp -lpf
     C:/DL-labosi/lab2/sranje/impl1/gracia_impl1_synplify.lpf -lpf
     C:/DL-labosi/lab2/sranje/ulx2s.lpf -gui 
Target Vendor:  LATTICE
Target Device:  LFXP2-8ETQFP144
Target Performance:   5
Mapper:  mg5a00,  version:  Diamond (64-bit) 3.11.0.396.4
Mapped on:  11/10/23  12:50:49

Design Summary
--------------

   Number of registers:     77 out of  6564 (1%)
      PFU registers:           76 out of  6264 (1%)
      PIO registers:            1 out of   300 (0%)
   Number of SLICEs:        90 out of  4176 (2%)
      SLICEs as Logic/ROM:     90 out of  4176 (2%)
      SLICEs as RAM:            0 out of   756 (0%)
      SLICEs as Carry:         29 out of  4176 (1%)
   Number of LUT4s:        167 out of  8352 (2%)
      Number used as logic LUTs:        109
      Number used as distributed RAM:     0
      Number used as ripple logic:       58
      Number used as shift registers:     0
   Number of PIO sites used: 15 out of 100 (15%)
   Number of PIO FIXEDDELAY:    0
   Number of DQSDLLs:  0 out of 2 (0%)
   Number of PLLs:  0 out of 2 (0%)
   Number of block RAMs:  0 out of 12 (0%)
   Number of CLKDIVs:  0 out of 2 (0%)
   Number of GSRs:  0 out of 1 (0%)
   JTAG used :      No
   Readback used :  No
   Oscillator used :  No
   Startup used :   No
   Notes:-
      1. Total number of LUT4s = (Number of logic LUT4s) + 2*(Number of
     distributed RAMs) + 2*(Number of ripple logic)
      2. Number of logic LUT4s does not include count of distributed RAM and
     ripple logic.

        Number Of Mapped DSP Components:
   --------------------------------
   MULT36X36B          0
   MULT18X18B          0
   MULT18X18MACB       0
   MULT18X18ADDSUBB    0
   MULT18X18ADDSUBSUMB 0
   MULT9X9B            0
   MULT9X9ADDSUBB      0
   MULT9X9ADDSUBSUMB   0
   --------------------------------
   Number of Used DSP Sites:  0 out of 32 (0 %)

                                    Page 1




Design:  lab2                                          Date:  11/10/23  12:50:49

Design Summary (cont)
---------------------
   Number of clocks:  1
     Net clk_25m_c: 42 loads, 42 rising, 0 falling (Driver: PIO clk_25m )
   Number of Clock Enables:  2
     Net I1.R_tx_ser_1_sqmuxa_i: 5 loads, 4 LSLICEs
     Net I1/un1_R_debounce_cnt_1_i: 16 loads, 16 LSLICEs
   Number of LSRs:  2
     Net I1/un1_byte_in_i: 17 loads, 17 LSLICEs
     Net I1/R_tx_phase_0_sqmuxa: 2 loads, 2 LSLICEs
   Number of nets driven by tri-state buffers:  0
   Top 10 highest fanout non-clock nets:
     Net I1/VCC: 50 loads
     Net I1/un1_byte_in_i: 17 loads
     Net I1/un1_R_debounce_cnt_1_i: 16 loads
     Net I1/R_baudgen[16]: 14 loads
     Net I1/un6_r_tx_tickcnt: 12 loads
     Net I1/un1_R_tx_phase_1: 10 loads
     Net I1/R_debounce_cnt[0]: 7 loads
     Net I1/R_debounce_cnt[4]: 7 loads
     Net I1/R_debounce_cnt[5]: 7 loads
     Net I1/R_debounce_cnt[6]: 7 loads




   Number of warnings:  116
   Number of errors:    0
     

Design Errors/Warnings
----------------------

WARNING - map: C:/DL-labosi/lab2/sranje/ulx2s.lpf(18): Semantic error in "LOCATE
     COMP "rs232_rx" SITE "10" ;": COMP "rs232_rx" cannot be found in design.
     This preference has been disabled.
WARNING - map: C:/DL-labosi/lab2/sranje/ulx2s.lpf(32): Semantic error in "LOCATE
     COMP "sw[0]" SITE "45" ;": COMP "sw[0]" cannot be found in design. This
     preference has been disabled.
WARNING - map: C:/DL-labosi/lab2/sranje/ulx2s.lpf(33): Semantic error in "LOCATE
     COMP "sw[1]" SITE "46" ;": COMP "sw[1]" cannot be found in design. This
     preference has been disabled.
WARNING - map: C:/DL-labosi/lab2/sranje/ulx2s.lpf(34): Semantic error in "LOCATE
     COMP "sw[2]" SITE "129" ;": COMP "sw[2]" cannot be found in design. This
     preference has been disabled.
WARNING - map: C:/DL-labosi/lab2/sranje/ulx2s.lpf(35): Semantic error in "LOCATE
     COMP "sw[3]" SITE "130" ;": COMP "sw[3]" cannot be found in design. This
     preference has been disabled.
WARNING - map: C:/DL-labosi/lab2/sranje/ulx2s.lpf(45): Semantic error in "LOCATE
     COMP "p_ring" SITE "44" ;": COMP "p_ring" cannot be found in design. This
     preference has been disabled.
WARNING - map: C:/DL-labosi/lab2/sranje/ulx2s.lpf(46): Semantic error in "LOCATE
     COMP "p_tip[0]" SITE "32" ;": COMP "p_tip[0]" cannot be found in design.
     This preference has been disabled.
WARNING - map: C:/DL-labosi/lab2/sranje/ulx2s.lpf(47): Semantic error in "LOCATE
     COMP "p_tip[1]" SITE "27" ;": COMP "p_tip[1]" cannot be found in design.
     This preference has been disabled.
WARNING - map: C:/DL-labosi/lab2/sranje/ulx2s.lpf(48): Semantic error in "LOCATE

                                    Page 2




Design:  lab2                                          Date:  11/10/23  12:50:49

Design Errors/Warnings (cont)
-----------------------------
     COMP "p_tip[2]" SITE "28" ;": COMP "p_tip[2]" cannot be found in design.
     This preference has been disabled.
WARNING - map: C:/DL-labosi/lab2/sranje/ulx2s.lpf(49): Semantic error in "LOCATE
     COMP "p_tip[3]" SITE "43" ;": COMP "p_tip[3]" cannot be found in design.
     This preference has been disabled.
WARNING - map: C:/DL-labosi/lab2/sranje/ulx2s.lpf(52): Semantic error in "LOCATE
     COMP "flash_cen" SITE "13" ;": COMP "flash_cen" cannot be found in design.
     This preference has been disabled.
WARNING - map: C:/DL-labosi/lab2/sranje/ulx2s.lpf(53): Semantic error in "LOCATE
     COMP "flash_sck" SITE "16" ;": COMP "flash_sck" cannot be found in design.
     This preference has been disabled.
WARNING - map: C:/DL-labosi/lab2/sranje/ulx2s.lpf(54): Semantic error in "LOCATE
     COMP "flash_si" SITE "19" ;": COMP "flash_si" cannot be found in design.
     This preference has been disabled.
WARNING - map: C:/DL-labosi/lab2/sranje/ulx2s.lpf(55): Semantic error in "LOCATE
     COMP "flash_so" SITE "18" ;": COMP "flash_so" cannot be found in design.
     This preference has been disabled.
WARNING - map: C:/DL-labosi/lab2/sranje/ulx2s.lpf(58): Semantic error in "LOCATE
     COMP "sdcard_cen" SITE "15" ;": COMP "sdcard_cen" cannot be found in
     design. This preference has been disabled.
WARNING - map: C:/DL-labosi/lab2/sranje/ulx2s.lpf(59): Semantic error in "LOCATE
     COMP "sdcard_sck" SITE "20" ;": COMP "sdcard_sck" cannot be found in
     design. This preference has been disabled.
WARNING - map: C:/DL-labosi/lab2/sranje/ulx2s.lpf(60): Semantic error in "LOCATE
     COMP "sdcard_si" SITE "17" ;": COMP "sdcard_si" cannot be found in design.
     This preference has been disabled.
WARNING - map: C:/DL-labosi/lab2/sranje/ulx2s.lpf(61): Semantic error in "LOCATE
     COMP "sdcard_so" SITE "21" ;": COMP "sdcard_so" cannot be found in design.
     This preference has been disabled.
WARNING - map: C:/DL-labosi/lab2/sranje/ulx2s.lpf(64): Semantic error in "LOCATE
     COMP "sram_wel" SITE "93" ;": COMP "sram_wel" cannot be found in design.
     This preference has been disabled.
WARNING - map: C:/DL-labosi/lab2/sranje/ulx2s.lpf(65): Semantic error in "LOCATE
     COMP "sram_lbl" SITE "120" ;": COMP "sram_lbl" cannot be found in design.
     This preference has been disabled.
WARNING - map: C:/DL-labosi/lab2/sranje/ulx2s.lpf(66): Semantic error in "LOCATE
     COMP "sram_ubl" SITE "121" ;": COMP "sram_ubl" cannot be found in design.
     This preference has been disabled.
WARNING - map: C:/DL-labosi/lab2/sranje/ulx2s.lpf(67): Semantic error in "LOCATE
     COMP "sram_a[0]" SITE "101" ;": COMP "sram_a[0]" cannot be found in design.
     This preference has been disabled.
WARNING - map: C:/DL-labosi/lab2/sranje/ulx2s.lpf(68): Semantic error in "LOCATE
     COMP "sram_a[1]" SITE "103" ;": COMP "sram_a[1]" cannot be found in design.
     This preference has been disabled.
WARNING - map: C:/DL-labosi/lab2/sranje/ulx2s.lpf(69): Semantic error in "LOCATE
     COMP "sram_a[2]" SITE "104" ;": COMP "sram_a[2]" cannot be found in design.
     This preference has been disabled.
WARNING - map: C:/DL-labosi/lab2/sranje/ulx2s.lpf(70): Semantic error in "LOCATE
     COMP "sram_a[3]" SITE "107" ;": COMP "sram_a[3]" cannot be found in design.
     This preference has been disabled.
WARNING - map: C:/DL-labosi/lab2/sranje/ulx2s.lpf(71): Semantic error in "LOCATE
     COMP "sram_a[4]" SITE "108" ;": COMP "sram_a[4]" cannot be found in design.
     This preference has been disabled.
WARNING - map: C:/DL-labosi/lab2/sranje/ulx2s.lpf(72): Semantic error in "LOCATE
     COMP "sram_a[5]" SITE "125" ;": COMP "sram_a[5]" cannot be found in design.
     This preference has been disabled.

                                    Page 3




Design:  lab2                                          Date:  11/10/23  12:50:49

Design Errors/Warnings (cont)
-----------------------------
WARNING - map: C:/DL-labosi/lab2/sranje/ulx2s.lpf(73): Semantic error in "LOCATE
     COMP "sram_a[6]" SITE "127" ;": COMP "sram_a[6]" cannot be found in design.
     This preference has been disabled.
WARNING - map: C:/DL-labosi/lab2/sranje/ulx2s.lpf(74): Semantic error in "LOCATE
     COMP "sram_a[7]" SITE "122" ;": COMP "sram_a[7]" cannot be found in design.
     This preference has been disabled.
WARNING - map: C:/DL-labosi/lab2/sranje/ulx2s.lpf(75): Semantic error in "LOCATE
     COMP "sram_a[8]" SITE "58" ;": COMP "sram_a[8]" cannot be found in design.
     This preference has been disabled.
WARNING - map: C:/DL-labosi/lab2/sranje/ulx2s.lpf(76): Semantic error in "LOCATE
     COMP "sram_a[9]" SITE "53" ;": COMP "sram_a[9]" cannot be found in design.
     This preference has been disabled.
WARNING - map: C:/DL-labosi/lab2/sranje/ulx2s.lpf(77): Semantic error in "LOCATE
     COMP "sram_a[10]" SITE "54" ;": COMP "sram_a[10]" cannot be found in
     design. This preference has been disabled.
WARNING - map: C:/DL-labosi/lab2/sranje/ulx2s.lpf(78): Semantic error in "LOCATE
     COMP "sram_a[11]" SITE "55" ;": COMP "sram_a[11]" cannot be found in
     design. This preference has been disabled.
WARNING - map: C:/DL-labosi/lab2/sranje/ulx2s.lpf(79): Semantic error in "LOCATE
     COMP "sram_a[12]" SITE "56" ;": COMP "sram_a[12]" cannot be found in
     design. This preference has been disabled.
WARNING - map: C:/DL-labosi/lab2/sranje/ulx2s.lpf(80): Semantic error in "LOCATE
     COMP "sram_a[13]" SITE "57" ;": COMP "sram_a[13]" cannot be found in
     design. This preference has been disabled.
WARNING - map: C:/DL-labosi/lab2/sranje/ulx2s.lpf(81): Semantic error in "LOCATE
     COMP "sram_a[14]" SITE "73" ;": COMP "sram_a[14]" cannot be found in
     design. This preference has been disabled.
WARNING - map: C:/DL-labosi/lab2/sranje/ulx2s.lpf(82): Semantic error in "LOCATE
     COMP "sram_a[15]" SITE "74" ;": COMP "sram_a[15]" cannot be found in
     design. This preference has been disabled.
WARNING - map: C:/DL-labosi/lab2/sranje/ulx2s.lpf(83): Semantic error in "LOCATE
     COMP "sram_a[16]" SITE "77" ;": COMP "sram_a[16]" cannot be found in
     design. This preference has been disabled.
WARNING - map: C:/DL-labosi/lab2/sranje/ulx2s.lpf(84): Semantic error in "LOCATE
     COMP "sram_a[17]" SITE "78" ;": COMP "sram_a[17]" cannot be found in
     design. This preference has been disabled.
WARNING - map: C:/DL-labosi/lab2/sranje/ulx2s.lpf(85): Semantic error in "LOCATE
     COMP "sram_a[18]" SITE "94" ;": COMP "sram_a[18]" cannot be found in
     design. This preference has been disabled.
WARNING - map: C:/DL-labosi/lab2/sranje/ulx2s.lpf(86): Semantic error in "LOCATE
     COMP "sram_d[0]" SITE "98" ;": COMP "sram_d[0]" cannot be found in design.
     This preference has been disabled.
WARNING - map: C:/DL-labosi/lab2/sranje/ulx2s.lpf(87): Semantic error in "LOCATE
     COMP "sram_d[1]" SITE "96" ;": COMP "sram_d[1]" cannot be found in design.
     This preference has been disabled.
WARNING - map: C:/DL-labosi/lab2/sranje/ulx2s.lpf(88): Semantic error in "LOCATE
     COMP "sram_d[2]" SITE "92" ;": COMP "sram_d[2]" cannot be found in design.
     This preference has been disabled.
WARNING - map: C:/DL-labosi/lab2/sranje/ulx2s.lpf(89): Semantic error in "LOCATE
     COMP "sram_d[3]" SITE "91" ;": COMP "sram_d[3]" cannot be found in design.
     This preference has been disabled.
WARNING - map: C:/DL-labosi/lab2/sranje/ulx2s.lpf(90): Semantic error in "LOCATE
     COMP "sram_d[4]" SITE "89" ;": COMP "sram_d[4]" cannot be found in design.
     This preference has been disabled.
WARNING - map: C:/DL-labosi/lab2/sranje/ulx2s.lpf(91): Semantic error in "LOCATE
     COMP "sram_d[5]" SITE "88" ;": COMP "sram_d[5]" cannot be found in design.

                                    Page 4




Design:  lab2                                          Date:  11/10/23  12:50:49

Design Errors/Warnings (cont)
-----------------------------
     This preference has been disabled.
WARNING - map: C:/DL-labosi/lab2/sranje/ulx2s.lpf(92): Semantic error in "LOCATE
     COMP "sram_d[6]" SITE "87" ;": COMP "sram_d[6]" cannot be found in design.
     This preference has been disabled.
WARNING - map: C:/DL-labosi/lab2/sranje/ulx2s.lpf(93): Semantic error in "LOCATE
     COMP "sram_d[7]" SITE "90" ;": COMP "sram_d[7]" cannot be found in design.
     This preference has been disabled.
WARNING - map: C:/DL-labosi/lab2/sranje/ulx2s.lpf(94): Semantic error in "LOCATE
     COMP "sram_d[8]" SITE "61" ;": COMP "sram_d[8]" cannot be found in design.
     This preference has been disabled.
WARNING - map: C:/DL-labosi/lab2/sranje/ulx2s.lpf(95): Semantic error in "LOCATE
     COMP "sram_d[9]" SITE "62" ;": COMP "sram_d[9]" cannot be found in design.
     This preference has been disabled.
WARNING - map: C:/DL-labosi/lab2/sranje/ulx2s.lpf(96): Semantic error in "LOCATE
     COMP "sram_d[10]" SITE "99" ;": COMP "sram_d[10]" cannot be found in
     design. This preference has been disabled.
WARNING - map: C:/DL-labosi/lab2/sranje/ulx2s.lpf(97): Semantic error in "LOCATE
     COMP "sram_d[11]" SITE "100" ;": COMP "sram_d[11]" cannot be found in
     design. This preference has been disabled.
WARNING - map: C:/DL-labosi/lab2/sranje/ulx2s.lpf(98): Semantic error in "LOCATE
     COMP "sram_d[12]" SITE "102" ;": COMP "sram_d[12]" cannot be found in
     design. This preference has been disabled.
WARNING - map: C:/DL-labosi/lab2/sranje/ulx2s.lpf(99): Semantic error in "LOCATE
     COMP "sram_d[13]" SITE "113" ;": COMP "sram_d[13]" cannot be found in
     design. This preference has been disabled.
WARNING - map: C:/DL-labosi/lab2/sranje/ulx2s.lpf(100): Semantic error in
     "LOCATE COMP "sram_d[14]" SITE "116" ;": COMP "sram_d[14]" cannot be found
     in design. This preference has been disabled.
WARNING - map: C:/DL-labosi/lab2/sranje/ulx2s.lpf(101): Semantic error in
     "LOCATE COMP "sram_d[15]" SITE "119" ;": COMP "sram_d[15]" cannot be found
     in design. This preference has been disabled.
WARNING - map: C:/DL-labosi/lab2/sranje/ulx2s.lpf(105): Semantic error in
     "LOCATE COMP "j1_2" SITE "131" ;": COMP "j1_2" cannot be found in design.
     This preference has been disabled.
WARNING - map: C:/DL-labosi/lab2/sranje/ulx2s.lpf(106): Semantic error in
     "LOCATE COMP "j1_3" SITE "134" ;": COMP "j1_3" cannot be found in design.
     This preference has been disabled.
WARNING - map: C:/DL-labosi/lab2/sranje/ulx2s.lpf(107): Semantic error in
     "LOCATE COMP "j1_4" SITE "9" ;": COMP "j1_4" cannot be found in design.
     This preference has been disabled.
WARNING - map: C:/DL-labosi/lab2/sranje/ulx2s.lpf(108): Semantic error in
     "LOCATE COMP "j1_5" SITE "138" ;": COMP "j1_5" cannot be found in design.
     This preference has been disabled.
WARNING - map: C:/DL-labosi/lab2/sranje/ulx2s.lpf(109): Semantic error in
     "LOCATE COMP "j1_6" SITE "6" ;": COMP "j1_6" cannot be found in design.
     This preference has been disabled.
WARNING - map: C:/DL-labosi/lab2/sranje/ulx2s.lpf(110): Semantic error in
     "LOCATE COMP "j1_7" SITE "5" ;": COMP "j1_7" cannot be found in design.
     This preference has been disabled.
WARNING - map: C:/DL-labosi/lab2/sranje/ulx2s.lpf(111): Semantic error in
     "LOCATE COMP "j1_8" SITE "8" ;": COMP "j1_8" cannot be found in design.
     This preference has been disabled.
WARNING - map: C:/DL-labosi/lab2/sranje/ulx2s.lpf(112): Semantic error in
     "LOCATE COMP "j1_9" SITE "7" ;": COMP "j1_9" cannot be found in design.
     This preference has been disabled.
WARNING - map: C:/DL-labosi/lab2/sranje/ulx2s.lpf(113): Semantic error in

                                    Page 5




Design:  lab2                                          Date:  11/10/23  12:50:49

Design Errors/Warnings (cont)
-----------------------------
     "LOCATE COMP "j1_10" SITE "1" ;": COMP "j1_10" cannot be found in design.
     This preference has been disabled.
WARNING - map: C:/DL-labosi/lab2/sranje/ulx2s.lpf(114): Semantic error in
     "LOCATE COMP "j1_11" SITE "2" ;": COMP "j1_11" cannot be found in design.
     This preference has been disabled.
WARNING - map: C:/DL-labosi/lab2/sranje/ulx2s.lpf(115): Semantic error in
     "LOCATE COMP "j1_12" SITE "144" ;": COMP "j1_12" cannot be found in design.
     This preference has been disabled.
WARNING - map: C:/DL-labosi/lab2/sranje/ulx2s.lpf(116): Semantic error in
     "LOCATE COMP "j1_13" SITE "143" ;": COMP "j1_13" cannot be found in design.
     This preference has been disabled.
WARNING - map: C:/DL-labosi/lab2/sranje/ulx2s.lpf(117): Semantic error in
     "LOCATE COMP "j1_14" SITE "142" ;": COMP "j1_14" cannot be found in design.
     This preference has been disabled.
WARNING - map: C:/DL-labosi/lab2/sranje/ulx2s.lpf(118): Semantic error in
     "LOCATE COMP "j1_15" SITE "141" ;": COMP "j1_15" cannot be found in design.
     This preference has been disabled.
WARNING - map: C:/DL-labosi/lab2/sranje/ulx2s.lpf(119): Semantic error in
     "LOCATE COMP "j1_16" SITE "133" ;": COMP "j1_16" cannot be found in design.
     This preference has been disabled.
WARNING - map: C:/DL-labosi/lab2/sranje/ulx2s.lpf(120): Semantic error in
     "LOCATE COMP "j1_17" SITE "132" ;": COMP "j1_17" cannot be found in design.
     This preference has been disabled.
WARNING - map: C:/DL-labosi/lab2/sranje/ulx2s.lpf(121): Semantic error in
     "LOCATE COMP "j1_18" SITE "124" ;": COMP "j1_18" cannot be found in design.
     This preference has been disabled.
WARNING - map: C:/DL-labosi/lab2/sranje/ulx2s.lpf(122): Semantic error in
     "LOCATE COMP "j1_19" SITE "123" ;": COMP "j1_19" cannot be found in design.
     This preference has been disabled.
WARNING - map: C:/DL-labosi/lab2/sranje/ulx2s.lpf(123): Semantic error in
     "LOCATE COMP "j1_20" SITE "115" ;": COMP "j1_20" cannot be found in design.
     This preference has been disabled.
WARNING - map: C:/DL-labosi/lab2/sranje/ulx2s.lpf(124): Semantic error in
     "LOCATE COMP "j1_21" SITE "114" ;": COMP "j1_21" cannot be found in design.
     This preference has been disabled.
WARNING - map: C:/DL-labosi/lab2/sranje/ulx2s.lpf(125): Semantic error in
     "LOCATE COMP "j1_22" SITE "110" ;": COMP "j1_22" cannot be found in design.
     This preference has been disabled.
WARNING - map: C:/DL-labosi/lab2/sranje/ulx2s.lpf(126): Semantic error in
     "LOCATE COMP "j1_23" SITE "109" ;": COMP "j1_23" cannot be found in design.
     This preference has been disabled.
WARNING - map: C:/DL-labosi/lab2/sranje/ulx2s.lpf(131): Semantic error in
     "LOCATE COMP "j2_2" SITE "72" ;": COMP "j2_2" cannot be found in design.
     This preference has been disabled.
WARNING - map: C:/DL-labosi/lab2/sranje/ulx2s.lpf(132): Semantic error in
     "LOCATE COMP "j2_3" SITE "71" ;": COMP "j2_3" cannot be found in design.
     This preference has been disabled.
WARNING - map: C:/DL-labosi/lab2/sranje/ulx2s.lpf(133): Semantic error in
     "LOCATE COMP "j2_4" SITE "70" ;": COMP "j2_4" cannot be found in design.
     This preference has been disabled.
WARNING - map: C:/DL-labosi/lab2/sranje/ulx2s.lpf(134): Semantic error in
     "LOCATE COMP "j2_5" SITE "69" ;": COMP "j2_5" cannot be found in design.
     This preference has been disabled.
WARNING - map: C:/DL-labosi/lab2/sranje/ulx2s.lpf(135): Semantic error in
     "LOCATE COMP "j2_6" SITE "66" ;": COMP "j2_6" cannot be found in design.
     This preference has been disabled.

                                    Page 6




Design:  lab2                                          Date:  11/10/23  12:50:49

Design Errors/Warnings (cont)
-----------------------------
WARNING - map: C:/DL-labosi/lab2/sranje/ulx2s.lpf(136): Semantic error in
     "LOCATE COMP "j2_7" SITE "65" ;": COMP "j2_7" cannot be found in design.
     This preference has been disabled.
WARNING - map: C:/DL-labosi/lab2/sranje/ulx2s.lpf(137): Semantic error in
     "LOCATE COMP "j2_8" SITE "52" ;": COMP "j2_8" cannot be found in design.
     This preference has been disabled.
WARNING - map: C:/DL-labosi/lab2/sranje/ulx2s.lpf(138): Semantic error in
     "LOCATE COMP "j2_9" SITE "50" ;": COMP "j2_9" cannot be found in design.
     This preference has been disabled.
WARNING - map: C:/DL-labosi/lab2/sranje/ulx2s.lpf(139): Semantic error in
     "LOCATE COMP "j2_10" SITE "48" ;": COMP "j2_10" cannot be found in design.
     This preference has been disabled.
WARNING - map: C:/DL-labosi/lab2/sranje/ulx2s.lpf(140): Semantic error in
     "LOCATE COMP "j2_11" SITE "47" ;": COMP "j2_11" cannot be found in design.
     This preference has been disabled.
WARNING - map: C:/DL-labosi/lab2/sranje/ulx2s.lpf(141): Semantic error in
     "LOCATE COMP "j2_12" SITE "40" ;": COMP "j2_12" cannot be found in design.
     This preference has been disabled.
WARNING - map: C:/DL-labosi/lab2/sranje/ulx2s.lpf(142): Semantic error in
     "LOCATE COMP "j2_13" SITE "39" ;": COMP "j2_13" cannot be found in design.
     This preference has been disabled.
WARNING - map: C:/DL-labosi/lab2/sranje/ulx2s.lpf(143): Semantic error in
     "LOCATE COMP "j2_14" SITE "38" ;": COMP "j2_14" cannot be found in design.
     This preference has been disabled.
WARNING - map: C:/DL-labosi/lab2/sranje/ulx2s.lpf(144): Semantic error in
     "LOCATE COMP "j2_15" SITE "22" ;": COMP "j2_15" cannot be found in design.
     This preference has been disabled.
WARNING - map: C:/DL-labosi/lab2/sranje/ulx2s.lpf(145): Semantic error in
     "LOCATE COMP "j2_16" SITE "31" ;": COMP "j2_16" cannot be found in design.
     This preference has been disabled.
WARNING - map: C:/DL-labosi/lab2/sranje/ulx2s.lpf(146): Semantic error in
     "LOCATE COMP "j2_17" SITE "29" ;": COMP "j2_17" cannot be found in design.
     This preference has been disabled.
WARNING - map: C:/DL-labosi/lab2/sranje/ulx2s.lpf(147): Semantic error in
     "LOCATE COMP "j2_18" SITE "37" ;": COMP "j2_18" cannot be found in design.
     This preference has been disabled.
WARNING - map: C:/DL-labosi/lab2/sranje/ulx2s.lpf(148): Semantic error in
     "LOCATE COMP "j2_19" SITE "36" ;": COMP "j2_19" cannot be found in design.
     This preference has been disabled.
WARNING - map: C:/DL-labosi/lab2/sranje/ulx2s.lpf(149): Semantic error in
     "LOCATE COMP "j2_20" SITE "35" ;": COMP "j2_20" cannot be found in design.
     This preference has been disabled.
WARNING - map: C:/DL-labosi/lab2/sranje/ulx2s.lpf(150): Semantic error in
     "LOCATE COMP "j2_21" SITE "32" ;": COMP "j2_21" cannot be found in design.
     This preference has been disabled.
WARNING - map: C:/DL-labosi/lab2/sranje/ulx2s.lpf(151): Semantic error in
     "LOCATE COMP "j2_22" SITE "27" ;": COMP "j2_22" cannot be found in design.
     This preference has been disabled.
WARNING - map: C:/DL-labosi/lab2/sranje/ulx2s.lpf(152): Semantic error in
     "LOCATE COMP "j2_23" SITE "28" ;": COMP "j2_23" cannot be found in design.
     This preference has been disabled.
WARNING - map: C:/DL-labosi/lab2/sranje/ulx2s.lpf(158): Semantic error in
     "LOCATE COMP "lcd_data[0]" SITE "8" ;": COMP "lcd_data[0]" cannot be found
     in design. This preference has been disabled.
WARNING - map: C:/DL-labosi/lab2/sranje/ulx2s.lpf(159): Semantic error in
     "LOCATE COMP "lcd_data[1]" SITE "9" ;": COMP "lcd_data[1]" cannot be found

                                    Page 7




Design:  lab2                                          Date:  11/10/23  12:50:49

Design Errors/Warnings (cont)
-----------------------------
     in design. This preference has been disabled.
WARNING - map: C:/DL-labosi/lab2/sranje/ulx2s.lpf(160): Semantic error in
     "LOCATE COMP "lcd_data[2]" SITE "134" ;": COMP "lcd_data[2]" cannot be
     found in design. This preference has been disabled.
WARNING - map: C:/DL-labosi/lab2/sranje/ulx2s.lpf(161): Semantic error in
     "LOCATE COMP "lcd_data[3]" SITE "131" ;": COMP "lcd_data[3]" cannot be
     found in design. This preference has been disabled.
WARNING - map: C:/DL-labosi/lab2/sranje/ulx2s.lpf(162): Semantic error in
     "LOCATE COMP "lcd_rs" SITE "143" ;": COMP "lcd_rs" cannot be found in
     design. This preference has been disabled.
WARNING - map: C:/DL-labosi/lab2/sranje/ulx2s.lpf(163): Semantic error in
     "LOCATE COMP "lcd_e" SITE "7" ;": COMP "lcd_e" cannot be found in design.
     This preference has been disabled.
WARNING - map: C:/DL-labosi/lab2/sranje/ulx2s.lpf(173): Semantic error in "IOBUF
     PORT "sw[0]" PULLMODE=DOWN ;": Port "sw[0]" does not exist in the design.
     This preference has been disabled.
WARNING - map: C:/DL-labosi/lab2/sranje/ulx2s.lpf(174): Semantic error in "IOBUF
     PORT "sw[1]" PULLMODE=DOWN ;": Port "sw[1]" does not exist in the design.
     This preference has been disabled.
WARNING - map: C:/DL-labosi/lab2/sranje/ulx2s.lpf(175): Semantic error in "IOBUF
     PORT "sw[2]" PULLMODE=DOWN ;": Port "sw[2]" does not exist in the design.
     This preference has been disabled.
WARNING - map: C:/DL-labosi/lab2/sranje/ulx2s.lpf(176): Semantic error in "IOBUF
     PORT "sw[3]" PULLMODE=DOWN ;": Port "sw[3]" does not exist in the design.
     This preference has been disabled.
WARNING - map: C:/DL-labosi/lab2/sranje/ulx2s.lpf(184): Semantic error in "IOBUF
     PORT "sdcard_so" PULLMODE=UP ;": Port "sdcard_so" does not exist in the
     design. This preference has been disabled.
WARNING - map: C:/DL-labosi/lab2/sranje/ulx2s.lpf(187): Semantic error in "IOBUF
     PORT "p_ring" DRIVE=20 PULLMODE=NONE ;": Port "p_ring" does not exist in
     the design. This preference has been disabled.
WARNING - map: C:/DL-labosi/lab2/sranje/ulx2s.lpf(188): Semantic error in "IOBUF
     PORT "p_tip[0]" DRIVE=20 PULLMODE=NONE ;": Port "p_tip[0]" does not exist
     in the design. This preference has been disabled.
WARNING - map: C:/DL-labosi/lab2/sranje/ulx2s.lpf(189): Semantic error in "IOBUF
     PORT "p_tip[1]" DRIVE=20 PULLMODE=NONE ;": Port "p_tip[1]" does not exist
     in the design. This preference has been disabled.
WARNING - map: C:/DL-labosi/lab2/sranje/ulx2s.lpf(190): Semantic error in "IOBUF
     PORT "p_tip[2]" DRIVE=20 PULLMODE=NONE ;": Port "p_tip[2]" does not exist
     in the design. This preference has been disabled.
WARNING - map: C:/DL-labosi/lab2/sranje/ulx2s.lpf(191): Semantic error in "IOBUF
     PORT "p_tip[3]" DRIVE=20 PULLMODE=NONE ;": Port "p_tip[3]" does not exist
     in the design. This preference has been disabled.

IO (PIO) Attributes
-------------------

+---------------------+-----------+-----------+------------+------------+
| IO Name             | Direction | Levelmode | IO         | FIXEDDELAY |
|                     |           |  IO_TYPE  | Register   |            |
+---------------------+-----------+-----------+------------+------------+
| led[7]              | OUTPUT    | LVCMOS33  |            |            |
+---------------------+-----------+-----------+------------+------------+
| btn_center          | INPUT     | LVCMOS33  |            |            |
+---------------------+-----------+-----------+------------+------------+
| rs232_tx            | OUTPUT    | LVCMOS33  | OUT        |            |

                                    Page 8




Design:  lab2                                          Date:  11/10/23  12:50:49

IO (PIO) Attributes (cont)
--------------------------
+---------------------+-----------+-----------+------------+------------+
| clk_25m             | INPUT     | LVCMOS33  |            |            |
+---------------------+-----------+-----------+------------+------------+
| btn_up              | INPUT     | LVCMOS33  |            |            |
+---------------------+-----------+-----------+------------+------------+
| btn_right           | INPUT     | LVCMOS33  |            |            |
+---------------------+-----------+-----------+------------+------------+
| btn_left            | INPUT     | LVCMOS33  |            |            |
+---------------------+-----------+-----------+------------+------------+
| btn_down            | INPUT     | LVCMOS33  |            |            |
+---------------------+-----------+-----------+------------+------------+
| led[3]              | OUTPUT    | LVCMOS33  |            |            |
+---------------------+-----------+-----------+------------+------------+
| led[1]              | OUTPUT    | LVCMOS33  |            |            |
+---------------------+-----------+-----------+------------+------------+
| led[2]              | OUTPUT    | LVCMOS33  |            |            |
+---------------------+-----------+-----------+------------+------------+
| led[0]              | OUTPUT    | LVCMOS33  |            |            |
+---------------------+-----------+-----------+------------+------------+
| led[4]              | OUTPUT    | LVCMOS33  |            |            |
+---------------------+-----------+-----------+------------+------------+
| led[6]              | OUTPUT    | LVCMOS33  |            |            |
+---------------------+-----------+-----------+------------+------------+
| led[5]              | OUTPUT    | LVCMOS33  |            |            |
+---------------------+-----------+-----------+------------+------------+

Removed logic
-------------

Block VCC undriven or does not drive anything - clipped.
Block GSR_INST undriven or does not drive anything - clipped.
Signal N_44 was merged into signal btn_down_c
Signal VCC undriven or does not drive anything - clipped.
Signal I1/un1_R_debounce_cnt_3_s_31_s1_0_S1 undriven or does not drive anything
     - clipped.
Signal I1/un1_R_debounce_cnt_3_s_31_s1_0_COUT undriven or does not drive
     anything - clipped.
Signal I1/un4_r_baudgen_cry_0_0_S1 undriven or does not drive anything -
     clipped.
Signal I1/un4_r_baudgen_cry_0_0_S0 undriven or does not drive anything -
     clipped.
Signal I1/N_2 undriven or does not drive anything - clipped.
Signal I1/un4_r_baudgen_cry_15_0_COUT undriven or does not drive anything -
     clipped.
Signal I1/un1_byte_in_0_I_1_0_S1 undriven or does not drive anything - clipped.
Signal I1/un1_byte_in_0_I_1_0_S0 undriven or does not drive anything - clipped.
Signal I1/N_3 undriven or does not drive anything - clipped.
Signal I1/un1_byte_in_0_I_21_0_S1 undriven or does not drive anything - clipped.
     
Signal I1/un1_byte_in_0_I_21_0_S0 undriven or does not drive anything - clipped.
     
Signal I1/un1_byte_in_0_I_9_0_S0 undriven or does not drive anything - clipped.
Signal I1/un1_byte_in_0_I_9_0_COUT undriven or does not drive anything -
     clipped.
Signal I1/un1_R_debounce_cnt_3_cry_0_s1_0_S1 undriven or does not drive anything
     - clipped.

                                    Page 9




Design:  lab2                                          Date:  11/10/23  12:50:49

Removed logic (cont)
--------------------
Signal I1/un1_R_debounce_cnt_3_cry_0_s1_0_S0 undriven or does not drive anything
     - clipped.
Signal I1/N_1 undriven or does not drive anything - clipped.
Block I28 was optimized away.

Run Time and Memory Usage
-------------------------

   Total CPU Time: 0 secs  
   Total REAL Time: 0 secs  
   Peak Memory Usage: 70 MB
        













































                                   Page 10


Copyright (c) 1991-1994 by NeoCAD Inc. All rights reserved.
     Copyright (c) 1995 AT&T Corp.   All rights reserved.
     Copyright (c) 1995-2001 Lucent Technologies Inc.  All rights reserved.
     Copyright (c) 2001 Agere Systems   All rights reserved.
     Copyright (c) 2002-2019 Lattice Semiconductor Corporation,  All rights
     reserved.
