10 1 1
10 1 1
10 1 1
13 5 144 704 btn_f1
13 8 144 704 1
13 7 144 704
13 8 144 704 0
13 5 160 720 btn_f1
13 8 144 704 1
13 8 160 720 1
13 7 160 720
13 8 160 720 0
13 5 192 720 btn_f1
13 8 160 720 1
13 8 192 720 1
13 0 224 752 272 752
13 2 224 752 272 752
13 7 224 752
13 8 224 752 0
13 8 224 752 0
13 7 192 720
13 8 192 720 0
13 5 192 768 btn_f1
13 8 192 720 1
13 8 192 768 1
13 7 192 768
13 8 192 768 0
13 5 192 752 btn_f1
13 8 192 768 1
13 8 192 752 1
13 2 272 752 400 752
13 0 192 752 400 752
13 0 2000 432 2064 432
13 2 2000 432 2064 432
13 2 1968 432 2000 432
