
Copyright (C) 1994-2018 Synopsys, Inc.
This Synopsys software and all associated documentation are proprietary to Synopsys, Inc.
and may only be used pursuant to the terms and conditions of a written license agreement
with Synopsys, Inc. All other use, reproduction, modification, or distribution of the
Synopsys software or the associated documentation is strictly prohibited.
Tool: Synplify Pro (R)
Build: N-2018.03L-SP1-1
Install: C:\lscc\diamond\3.11_x64\synpbase
OS: Windows 6.2

Hostname: PAPRATT

Implementation : impl1

# Written on Fri Jan 12 15:21:17 2024

##### FILES SYNTAX CHECKED ##############################################
Constraint File(s):      (none)

#Run constraint checker to find more issues with constraints.
#########################################################################



No issues found in constraint syntax.



Clock Summary
*************

          Start                                      Requested     Requested     Clock                                Clock                   Clock
Level     Clock                                      Frequency     Period        Type                                 Group                   Load 
---------------------------------------------------------------------------------------------------------------------------------------------------
0 -       morse_top|clk_25m                          200.0 MHz     5.000         inferred                             Inferred_clkgroup_0     214  
1 .         morse_top|R_symbol_clk_derived_clock     200.0 MHz     5.000         derived (from morse_top|clk_25m)     Inferred_clkgroup_0     14   
===================================================================================================================================================


Clock Load Summary
******************

                                         Clock     Source                      Clock Pin          Non-clock Pin     Non-clock Pin             
Clock                                    Load      Pin                         Seq Example        Seq Example       Comb Example              
----------------------------------------------------------------------------------------------------------------------------------------------
morse_top|clk_25m                        214       clk_25m(port)               R_symbol_clk.C     -                 tonegen.tone_out.I[1](and)
morse_top|R_symbol_clk_derived_clock     14        R_symbol_clk.Q[0](dffe)     R_led[7:0].C       -                 R_symbol_clk_1.I[0](inv)  
==============================================================================================================================================
