
Copyright (C) 1994-2018 Synopsys, Inc.
This Synopsys software and all associated documentation are proprietary to Synopsys, Inc.
and may only be used pursuant to the terms and conditions of a written license agreement
with Synopsys, Inc. All other use, reproduction, modification, or distribution of the
Synopsys software or the associated documentation is strictly prohibited.
Tool: Synplify Pro (R)
Build: N-2018.03L-SP1-1
Install: C:\lscc\diamond\3.11_x64\synpbase
OS: Windows 6.2

Hostname: PAPRATT

Implementation : impl1

# Written on Fri Jan 12 15:21:18 2024

##### DESIGN INFO #######################################################

Top View:                "morse_top"
Constraint File(s):      (none)




##### SUMMARY ############################################################

Found 0 issues in 0 out of 0 constraints


##### DETAILS ############################################################



Clock Relationships
*******************

Starting                                 Ending                                   |     rise to rise     |     fall to fall     |     rise to fall     |     fall to rise                     
---------------------------------------------------------------------------------------------------------------------------------------------------------------------------------------------
morse_top|clk_25m                        morse_top|clk_25m                        |     5.000            |     No paths         |     No paths         |     No paths                         
morse_top|R_symbol_clk_derived_clock     morse_top|clk_25m                        |     No paths         |     No paths         |     No paths         |     2.500                            
morse_top|R_symbol_clk_derived_clock     morse_top|R_symbol_clk_derived_clock     |     No paths         |     5.000            |     No paths         |     No paths                         
=============================================================================================================================================================================================
 Note: 'No paths' indicates there are no paths in the design for that pair of clock edges.
       'Diff grp' indicates that paths exist but the starting clock and ending clock are in different clock groups.


Unconstrained Start/End Points
******************************

p:btn_left
p:btn_right
p:btn_up
p:led[0]
p:led[1]
p:led[2]
p:led[3]
p:led[4]
p:led[5]
p:led[6]
p:led[7]
p:rs232_tx
p:sw[0]
p:sw[1]
p:sw[2]
p:sw[3]


Inapplicable constraints
************************

(none)


Applicable constraints with issues
**********************************

(none)


Constraints with matching wildcard expressions
**********************************************

(none)


Library Report
**************


# End of Constraint Checker Report
