Resource Usage Report
Part: lfe5u_12f-6

Register bits: 73 of 12096 (1%)
PIC Latch:       0
I/O cells:       15

Details:
AND2:           4
CCU2C:          29
FD1P3AX:        3
FD1P3AY:        8
FD1P3IX:        24
FD1P3JX:        7
FD1S3AX:        25
FD1S3IX:        5
GSR:            1
IB:             6
INV:            2
OB:             9
OFS1P3BX:       1
OR2:            2
OR3:            2
OR4:            2
ORCALUT4:       43
PUR:            1
VHI:            2
VLO:            1
false:          1
